-- -*- M2-comint -*- hash: -1402656156

i1 : foreignObject 5

o1 = 5

o1 : ForeignObject of type int32

i2 : foreignObject pi

o2 = 3.14159265358979

o2 : ForeignObject of type double

i3 : foreignObject "Hello, world!"

o3 = Hello, world!

o3 : ForeignObject of type char*

i4 : foreignObject nullPointer

o4 = (nil)

o4 : ForeignObject of type void*

i5 : foreignObject {1, 3, 5, 7, 9}

o5 = {1, 3, 5, 7, 9}

o5 : ForeignObject of type int32[5]

i6 : foreignObject oo

o6 = {1, 3, 5, 7, 9}

o6 : ForeignObject of type int32[5]

i7 : 
