-- -*- M2-comint -*- hash: 331588886
--loading configuration for package "FourTiTwo" from file /Users/tom/Library/Application Support/Macaulay2/init-FourTiTwo.m2
--loading configuration for package "SOS" from file /Users/tom/Library/Application Support/Macaulay2/init-SOS.m2

i1 : R = QQ[x,y,z];

i2 : f = x^4 + x*y^3 + y^4 - 3*x^2*y*z - 4*x*y^2*z + 2*x^2*z^2 + x*z^3 + y*z^3 + z^4;

i3 : sol = solveSOS (f, Solver=>"CSDP");
Executing CSDP on file /var/folders/73/jfd7r2r15zs03ks2lnx6zfpm0000gn/T/M2-83678-0/1.dat-s
Output saved on file /var/folders/73/jfd7r2r15zs03ks2lnx6zfpm0000gn/T/M2-83678-0/2
Success: SDP solved
rounding failed, returning real solution

i4 : sosPoly sol

o4 = coeffs:
     {3.30453e-9, 5.71257e-9, .612611, .889189, 1.85689, 3.9924}
     gens:
             2                         2                                     2          2                          2                                       2            2                        2                                    2            2                       2                                     2          2                       2                                    2            2                        2                                     2
     {.34757x  - .0338186x*y + .768917y  + .336255x*z - .203874y*z + .363573z , .318117x  + .679504x*y - .00674086y  + .148907x*z + .644086y*z - .00319973z , - .489503x  + .515357x*y - .174266y  + .126103x*z - .33001y*z + .582766z , - .389147x  + .18471x*y + .191406y  + .590213x*z - .140294y*z - .640139z , .622038x  + .195424x*y - .44107y  + .199983x*z - .564971y*z - .14543z , .00407923x  - .446351x*y - .383632y  + .678611x*z + .309527y*z + .311867z }

o4 : SOSPoly

i5 : clean (0.001, sosPoly sol)

o5 = coeffs:
     {.612611, .889189, 1.85689, 3.9924}
     gens:
                2                        2                                    2            2                       2                                     2          2                       2                                    2            2                        2                                     2
     {- .489503x  + .515357x*y - .174266y  + .126103x*z - .33001y*z + .582766z , - .389147x  + .18471x*y + .191406y  + .590213x*z - .140294y*z - .640139z , .622038x  + .195424x*y - .44107y  + .199983x*z - .564971y*z - .14543z , .00407923x  - .446351x*y - .383632y  + .678611x*z + .309527y*z + .311867z }

o5 : SOSPoly

i6 : 
