-- -*- M2-comint -*- hash: -1719804034
--loading configuration for package "SOS" from file /Users/tom/Library/Application Support/Macaulay2/init-SOS.m2
Warning: csdp executable was not found.
Warning: sdpa executable was not found.
Warning: mosek executable was not found.

i1 : R = QQ[x][t];

i2 : f = x^2 - 3*x - t;

i3 : sol = solveSOS (f, -t, RoundTol=>12)
Running M2 Solver
Status: SDP solved, dual feasible
Start rational rounding

     +--------------+-----------------------+
o3 = | MomentMatrix |          null         |
     +--------------+-----------------------+
     |  GramMatrix  |   2x2 matrix over QQ  |
     +--------------+-----------------------+
     |   Monomials  | 2x1 matrix over QQ[x] |
     +--------------+-----------------------+
     |  Parameters  |   1x1 matrix over QQ  |
     +--------------+-----------------------+

o3 : SDPResult

i4 : peek sol

o4 = SDPResult{GramMatrix => | 9/4  -3/2 |}
                             | -3/2 1    |
               MomentMatrix => null
               Monomials => | 1 |
                            | x |
               Parameters => | -9/4 |

i5 : sol#GramMatrix

o5 = | 9/4  -3/2 |
     | -3/2 1    |

              2        2
o5 : Matrix QQ  <--- QQ

i6 : sosPoly sol

o6 = coeffs:
      9
     {-}
      4
     gens:
        2
     {- -x + 1}
        3

o6 : SOSPoly

i7 : 
