-- -*- M2-comint -*- hash: -1099198529
--loading configuration for package "FourTiTwo" from file /Users/tom/Library/Application Support/Macaulay2/init-FourTiTwo.m2
--loading configuration for package "SOS" from file /Users/tom/Library/Application Support/Macaulay2/init-SOS.m2
Warning: sdpa executable was not found.

i1 : R = RR[x,y];

i2 : s = sosPoly(R, {x^2+.0001*x+1, y}, {2, .0001})

o2 = coeffs:
     {2, .0001}
     gens:
       2
     {x  + .0001x + 1, y}

o2 : SOSPoly

i3 : clean( .001, s )

o3 = coeffs:
     {2}
     gens:
       2
     {x  + 1}

o3 : SOSPoly

i4 : 
