-- -*- M2-comint -*- {* hash: -706394259 *}
--loading configuration for package "ConvexInterface" from file /home/janko/.Macaulay2/init-ConvexInterface.m2
--loading configuration for package "MapleInterface" from file /home/janko/.Macaulay2/init-MapleInterface.m2

i1 : L={vector {3,-1,-1},vector {-1,3,-1},vector {-1,-1,3},vector {-1,-1,-1}};

i2 : P=mLatticePoints(L)

o2 = {| -1 |, | -1 |, | -1 |, | 0  |, | -1 |, | -1 |, | 0 |, | -1 |, | 0  |,
      | 3  |  | 2  |  | 2  |  | 2  |  | 1  |  | 1  |  | 1 |  | 1  |  | 1  | 
      | -1 |  | 0  |  | -1 |  | -1 |  | 1  |  | 0  |  | 0 |  | -1 |  | -1 | 
     ------------------------------------------------------------------------
     | 1  |, | -1 |, | -1 |, | 0 |, | -1 |, 0, | 1 |, | -1 |, | 0  |, | 1  |,
     | 1  |  | 0  |  | 0  |  | 0 |  | 0  |     | 0 |  | 0  |  | 0  |  | 0  | 
     | -1 |  | 2  |  | 1  |  | 1 |  | 0  |     | 0 |  | -1 |  | -1 |  | -1 | 
     ------------------------------------------------------------------------
     | 2  |, | -1 |, | -1 |, | 0  |, | -1 |, | 0  |, | 1  |, | -1 |, | 0  |,
     | 0  |  | -1 |  | -1 |  | -1 |  | -1 |  | -1 |  | -1 |  | -1 |  | -1 | 
     | -1 |  | 3  |  | 2  |  | 2  |  | 1  |  | 1  |  | 1  |  | 0  |  | 0  | 
     ------------------------------------------------------------------------
     | 1  |, | 2  |, | -1 |, | 0  |, | 1  |, | 2  |, | 3  |}
     | -1 |  | -1 |  | -1 |  | -1 |  | -1 |  | -1 |  | -1 |
     | 0  |  | 0  |  | -1 |  | -1 |  | -1 |  | -1 |  | -1 |

o2 : List

i3 : 
