-- -*- M2-comint -*- hash: -2130591421
--loading configuration for package "FourTiTwo" from file /home/tim/.Macaulay2/init-FourTiTwo.m2
--loading configuration for package "Topcom" from file /home/tim/.Macaulay2/init-Topcom.m2
--loading configuration for package "NumericalAlgebraicGeometry" from file /home/tim/.Macaulay2/init-NumericalAlgebraicGeometry.m2
--loading configuration for package "PHCpack" from file /home/tim/.Macaulay2/init-PHCpack.m2
--loading configuration for package "Bertini" from file /home/tim/.Macaulay2/init-Bertini.m2

i1 : setRandomSeed 0

o1 = 0

i2 : declareVariable \ {A,B,C,D,X,Y}

o2 = {A, B, C, D, X, Y}

o2 : List

i3 : PS = gateSystem(matrix{{A,B,C,D}},matrix{{X,Y}},matrix{{A*(X-1)^2-B}, {C*(Y+2)^2+D}})

o3 = gate system: 2 ---> 2
     (#parameters = 4)

o3 : GateSystem

i4 : solveFamily(point{{1,1,1,1}}, PS)

o4 = ({1, 1, 1, 1}, {PointArray( 4 points: 0 2 1 3 ),
     ------------------------------------------------------------------------
     {-1.05053e-16-8.84088e-16*ii, -2-ii}, {2, -2-ii},
     ------------------------------------------------------------------------
     {-1.05053e-16-8.84088e-16*ii, -2+ii}, {2, -2+ii}})

o4 : Sequence

i5 : R=CC[a,b,c,d][x,y]

o5 = R

o5 : PolynomialRing

i6 : F=polySystem {a*(x-1)^2-b, c*(y+2)^2+d}

o6 = F

o6 : PolySystem

i7 : solveFamily(point{{1,1,1,1}}, F)

o7 = ({1, 1, 1, 1}, {PointArray( 4 points: 1 0 2 3 ), {2, -2-ii},
     ------------------------------------------------------------------------
     {-4.94346e-17-3.4e-22*ii, -2-ii}, {-4.94346e-17-3.4e-22*ii, -2+ii}, {2,
     ------------------------------------------------------------------------
     -2+ii}})

o7 : Sequence

i8 : 
