-- -*- M2-comint -*- {* hash: 585099567 *}
-- COMPILE TIME: Mar  1 2017, 17:44:47
--loading configuration for package "NumericalAlgebraicGeometry" from file /Users/leykin/Library/Application Support/Macaulay2/init-NumericalAlgebraicGeometry.m2
--loading configuration for package "PHCpack" from file /Users/leykin/Library/Application Support/Macaulay2/init-PHCpack.m2
--loading configuration for package "Bertini" from file /Users/leykin/Library/Application Support/Macaulay2/init-Bertini.m2

i1 : options monodromySolve

o1 = OptionTable{AugmentEdgeCount => 0                                 }
                 AugmentGraphFunction => null
                 AugmentNodeCount => 0
                 AugmentNumberOfRepeats => null
                 BatchSize => infinity
                 EdgesSaturated => false
                 GraphInitFunction => completeGraphInit
                 new tracking routine => true
                 NumberOfEdges => 4
                 NumberOfNodes => 2
                 NumberOfRepeats => 10
                 Potential => null
                 SelectEdgeAndDirection => selectRandomEdgeAndDirection
                 StoppingCriterion => null
                 TargetSolutionCount => null
                 Verbose => false

o1 : OptionTable

i2 : 
