-- -*- M2-comint -*- hash: -1142673031
--loading configuration for package "FourTiTwo" from file /home/tduff3/.Macaulay2/init-FourTiTwo.m2
--loading configuration for package "Topcom" from file /home/tduff3/.Macaulay2/init-Topcom.m2
--loading configuration for package "NumericalAlgebraicGeometry" from file /home/tduff3/.Macaulay2/init-NumericalAlgebraicGeometry.m2
--loading configuration for package "PHCpack" from file /home/tduff3/.Macaulay2/init-PHCpack.m2
--loading configuration for package "Bertini" from file /home/tduff3/.Macaulay2/init-Bertini.m2

i1 : R = CC[a,b,c,d][x,y];

i2 : polys = polySystem {a*x+b*y^2,c*x*y+d};

i3 : (p0, x0) = createSeedPair polys;

i4 : (L, npaths) = dynamicFlowerSolve(polys.PolyMap,p0,{x0})
--backup directory created: /tmp/M2-5487-0/1
     -- 0.00214015 seconds elapsed
  H01: 1
     -- 0.00195704 seconds elapsed
  H10: 1
     -- 0.000229513 seconds elapsed
number of paths tracked: 2
found 2 points in the fiber so far
     -- 0.00233824 seconds elapsed
  H01: 2
     -- 0.00248428 seconds elapsed
  H10: 2
     -- 0.000404768 seconds elapsed
number of paths tracked: 6
found 2 points in the fiber so far
     -- 0.00246448 seconds elapsed
  H01: 2
     -- 0.0025821 seconds elapsed
  H10: 2
     -- 0.00037775 seconds elapsed
number of paths tracked: 10
found 3 points in the fiber so far
     -- 0.00289561 seconds elapsed
  H01: 3
     -- 0.0028552 seconds elapsed
  H10: 3
     -- 0.00048725 seconds elapsed
number of paths tracked: 16
found 3 points in the fiber so far
     -- 0.0026857 seconds elapsed
  H01: 3
     -- 0.0138332 seconds elapsed
  H10: 3
     -- 0.000519518 seconds elapsed
number of paths tracked: 22
found 3 points in the fiber so far
     -- 0.00284952 seconds elapsed
  H01: 3
     -- 0.0028082 seconds elapsed
  H10: 3
     -- 0.000476578 seconds elapsed
number of paths tracked: 28
found 3 points in the fiber so far
     -- 0.0028311 seconds elapsed
  H01: 3
     -- 0.00297657 seconds elapsed
  H10: 3
     -- 0.000465358 seconds elapsed
number of paths tracked: 34
found 3 points in the fiber so far

o4 = ({{.149945+.988694*ii, -.536153+.844121*ii}, {.781262-.624203*ii,
     ------------------------------------------------------------------------
     -.462954-.886382*ii}, {-.931207-.364491*ii, .999107+.042261*ii}}, 34)

o4 : Sequence

i5 : 
