-- -*- M2-comint -*- hash: -957817686
--loading configuration for package "FourTiTwo" from file /home/tim/.Macaulay2/init-FourTiTwo.m2
--loading configuration for package "Topcom" from file /home/tim/.Macaulay2/init-Topcom.m2
--loading configuration for package "NumericalAlgebraicGeometry" from file /home/tim/.Macaulay2/init-NumericalAlgebraicGeometry.m2
--loading configuration for package "PHCpack" from file /home/tim/.Macaulay2/init-PHCpack.m2
--loading configuration for package "Bertini" from file /home/tim/.Macaulay2/init-Bertini.m2

i1 : R = CC[a,b,c,d][A,B]

o1 = R

o1 : PolynomialRing

i2 : polys = polySystem {A^2*a+B^2*b,A*B*c+d}

o2 = polys

o2 : PolySystem

i3 :     setRandomSeed 0;

i4 :             (V,npaths) = monodromySolve(polys, NumberOfNodes => 3);

i5 : peek V

o5 = HomotopyNode{BasePoint => {.893324+.449414*ii, .360485-.932765*ii, -.651048+.759036*ii, -.272372-.962192*ii}                                                                                                                                }
                  Edges => MutableList{...8...}
                  Graph => HomotopyGraph{...11...}
                  PartialSolBins => {PointArray( 4 points: 1 2 3 0 ), {-.992317+.123724*ii, -.651846+.758351*ii}, {.992317-.123724*ii, .651846-.758351*ii}, {.123724+.992317*ii, -.758351-.651846*ii}, {-.123724-.992317*ii, .758351+.651846*ii}}

                  PartialSols => {PointArray( 4 points: 3 0 1 2 ), {-.992317+.123724*ii, -.651846+.758351*ii}, {.992317-.123724*ii, .651846-.758351*ii}, {.123724+.992317*ii, -.758351-.651846*ii}, {-.123724-.992317*ii, .758351+.651846*ii}}

                  Position => 2
                                                               2                          2
                  SpecializedSystem => {(.893324 + .449414*ii)A  + (.360485 - .932765*ii)B , (- .651048 + .759036*ii)A*B - .272372 - .962192*ii}

i6 : 
