-- -*- M2-comint -*- {* hash: 69806435 *}
-- COMPILE TIME: Oct  7 2016, 07:56:28
--loading configuration for package "NumericalAlgebraicGeometry" from file /Users/leykin/Library/Application Support/Macaulay2/init-NumericalAlgebraicGeometry.m2
--loading configuration for package "PHCpack" from file /Users/leykin/Library/Application Support/Macaulay2/init-PHCpack.m2
--loading configuration for package "Bertini" from file /Users/leykin/Library/Application Support/Macaulay2/init-Bertini.m2

i1 : R = CC[a,b,c,d][A,B]

o1 = R

o1 : PolynomialRing

i2 : polys = polySystem {A^2*a+B^2*b,A*B*c+d}

o2 = polys

o2 : PolySystem

i3 : (p0,x0) := createSeedPair polys

o3 = ({-.068863+.752874*ii, .219341+.723499*ii, -.592971+.277174*ii,
     ------------------------------------------------------------------------
     -.654396+.014331*ii}, {.781262-.624203*ii, -.462954-.886382*ii})

o3 : Sequence

i4 : (V,npaths) = monodromySolve(polys,p0,{x0})

o4 = (HomotopyNode{...5...}, 2)

o4 : Sequence

i5 : points V.PartialSols

o5 = {{.781262-.624203*ii, -.462954-.886382*ii}}

o5 : List

i6 : 
