-- -*- M2-comint -*- hash: -491356505
--loading configuration for package "FourTiTwo" from file /home/tim/.Macaulay2/init-FourTiTwo.m2
--loading configuration for package "Topcom" from file /home/tim/.Macaulay2/init-Topcom.m2
--loading configuration for package "NumericalAlgebraicGeometry" from file /home/tim/.Macaulay2/init-NumericalAlgebraicGeometry.m2
--loading configuration for package "PHCpack" from file /home/tim/.Macaulay2/init-PHCpack.m2
--loading configuration for package "Bertini" from file /home/tim/.Macaulay2/init-Bertini.m2

i1 : R = CC[a,b,c,d,e,f,g,h][x,y,z];

i2 : polys = polySystem {a*x+b*y+c*z,d*x*y+e*x*z+f*y*z,g*x*y*z+h};

i3 : (p0,x0) := createSeedPair polys

o3 = ({-.614855+.085554*ii, 1.14605-.389426*ii, -.380571-.0460979*ii,
     ------------------------------------------------------------------------
     .391714-.470397*ii, -.289573+.311588*ii, .359049+.280186*ii,
     ------------------------------------------------------------------------
     .261008+.885559*ii, .057279+.512152*ii}, {.892712+.673395*ii,
     ------------------------------------------------------------------------
     .29398+.632944*ii, .025888+.714827*ii})

o3 : Sequence

i4 : mixedVolume = computeMixedVolume specializeSystem(p0,polys)

o4 = 6

i5 : monodromySolve(polys,p0,{x0},SelectEdgeAndDirection=>selectBestEdgeAndDirection, Potential=>potentialE, TargetSolutionCount=>mixedVolume)

o5 = (HomotopyNode{...6...}, 12)

o5 : Sequence

i6 : 
