-- -*- M2-comint -*- {* hash: -1011596759 *}
--loading configuration for package "Nauty" from file /Users/dan/Library/Application Support/Macaulay2/init-Nauty.m2

i1 : R = QQ[a..e];

i2 : generateBipartiteGraphs(2, R)

o2 = {Graph{edges => {}                }, Graph{edges => {{a, e}}          },
            ring => R                           ring => R                    
            vertices => {a, b, c, d, e}         vertices => {a, b, c, d, e}  
     ------------------------------------------------------------------------
     Graph{edges => {{a, e}, {b, e}}  }, Graph{edges => {{a, d}, {a, e}}  },
           ring => R                           ring => R                    
           vertices => {a, b, c, d, e}         vertices => {a, b, c, d, e}  
     ------------------------------------------------------------------------
     Graph{edges => {{a, d}, {b, e}}  }, Graph{edges => {{a, d}, {a, e}, {b,
           ring => R                           ring => R                    
           vertices => {a, b, c, d, e}         vertices => {a, b, c, d, e}  
     ------------------------------------------------------------------------
     e}}}, Graph{edges => {{a, d}, {b, d}, {a, e}, {b, e}}},
                 ring => R                                  
                 vertices => {a, b, c, d, e}                
     ------------------------------------------------------------------------
     Graph{edges => {{a, c}, {a, d}, {a, e}}}, Graph{edges => {{a, c}, {a,
           ring => R                                 ring => R            
           vertices => {a, b, c, d, e}               vertices => {a, b, c,
     ------------------------------------------------------------------------
     d}, {a, e}, {b, e}}}, Graph{edges => {{a, c}, {b, d}, {a, e}}},
                                 ring => R                          
     d, e}                       vertices => {a, b, c, d, e}        
     ------------------------------------------------------------------------
     Graph{edges => {{a, c}, {b, d}, {a, e}, {b, e}}},
           ring => R                                  
           vertices => {a, b, c, d, e}                
     ------------------------------------------------------------------------
     Graph{edges => {{a, c}, {a, d}, {b, d}, {a, e}, {b, e}}},
           ring => R                                          
           vertices => {a, b, c, d, e}                        
     ------------------------------------------------------------------------
     Graph{edges => {{a, c}, {b, c}, {a, d}, {b, d}, {a, e}, {b, e}}}}
           ring => R
           vertices => {a, b, c, d, e}

o2 : List

i3 : 
