-- -*- M2-comint -*- {* hash: 4411724311213767372
--loading configuration for package "ConvexInterface" from file /home/janko/.Macaulay2/init-ConvexInterface.m2
--loading configuration for package "MapleInterface" from file /home/janko/.Macaulay2/init-MapleInterface.m2

i1 : C= {{{}}, {{{-1, -1, -1, -1, -1}}, {{1, 0, 0, 0, 0}}, {{0, 1, 0, 0, 0}}, {{0, 0, 1, 0, 0}}, {{0, 0, 0, 1, 0}}, {{0, 0, 0, 0, 1}}}, {{{-1, -1, -1, -1,-1}, {1, 0, 0, 0, 0}}, {{-1, -1, -1, -1, -1}, {0, 1, 0, 0, 0}}, {{1, 0, 0, 0, 0}, {0, 1, 0, 0, 0}}, {{-1, -1, -1, -1, -1}, {0, 0, 1, 0, 0}}, {{1, 0, 0, 0, 0}, {0, 0, 1, 0, 0}}, {{0, 1, 0, 0, 0}, {0, 0, 1, 0, 0}}, {{-1, -1, -1, -1, -1}, {0, 0, 0, 1, 0}}, {{1, 0, 0, 0, 0}, {0, 0, 0, 1, 0}}, {{0, 1, 0, 0, 0}, {0, 0, 0, 1, 0}}, {{0, 0, 1, 0, 0}, {0, 0, 0, 1, 0}}, {{-1, -1, -1, -1, -1}, {0, 0, 0, 0, 1}}, {{1, 0, 0, 0, 0}, {0, 0, 0, 0, 1}}, {{0, 1, 0, 0, 0}, {0, 0, 0, 0, 1}}, {{0, 0, 1, 0, 0}, {0, 0, 0, 0, 1}}, {{0, 0, 0, 1, 0}, {0, 0, 0, 0, 1}}}, {{{-1, -1, -1, -1, -1}, {1, 0, 0, 0, 0}, {0, 1, 0, 0, 0}}, {{1, 0, 0, 0, 0}, {0, 1, 0, 0, 0}, {0, 0, 1, 0, 0}}, {{-1, -1, -1, -1, -1}, {1, 0, 0, 0, 0}, {0, 0, 0, 1, 0}}, {{-1, -1, -1, -1, -1}, {0, 0, 1, 0, 0}, {0, 0, 0, 1, 0}}, {{0, 1, 0, 0, 0}, {0, 0, 1, 0, 0}, {0, 0, 0, 1, 0}}, {{-1, -1, -1, -1, -1}, {0, 1, 0, 0, 0}, {0, 0, 0, 0, 1}}, {{-1, -1, -1, -1, -1}, {0, 0, 1, 0, 0}, {0, 0, 0, 0, 1}}, {{1, 0, 0, 0, 0}, {0, 0, 1, 0, 0}, {0, 0, 0, 0, 1}}, {{1, 0, 0, 0, 0}, {0, 0, 0, 1, 0}, {0, 0, 0, 0, 1}}, {{0, 1, 0, 0, 0}, {0, 0, 0, 1, 0}, {0, 0, 0, 0, 1}}}, {}, {}, {}}

o1 = {{{}}, {{{-1, -1, -1, -1, -1}}, {{1, 0, 0, 0, 0}}, {{0, 1, 0, 0, 0}},
     ------------------------------------------------------------------------
     {{0, 0, 1, 0, 0}}, {{0, 0, 0, 1, 0}}, {{0, 0, 0, 0, 1}}}, {{{-1, -1, -1,
     ------------------------------------------------------------------------
     -1, -1}, {1, 0, 0, 0, 0}}, {{-1, -1, -1, -1, -1}, {0, 1, 0, 0, 0}}, {{1,
     ------------------------------------------------------------------------
     0, 0, 0, 0}, {0, 1, 0, 0, 0}}, {{-1, -1, -1, -1, -1}, {0, 0, 1, 0, 0}},
     ------------------------------------------------------------------------
     {{1, 0, 0, 0, 0}, {0, 0, 1, 0, 0}}, {{0, 1, 0, 0, 0}, {0, 0, 1, 0, 0}},
     ------------------------------------------------------------------------
     {{-1, -1, -1, -1, -1}, {0, 0, 0, 1, 0}}, {{1, 0, 0, 0, 0}, {0, 0, 0, 1,
     ------------------------------------------------------------------------
     0}}, {{0, 1, 0, 0, 0}, {0, 0, 0, 1, 0}}, {{0, 0, 1, 0, 0}, {0, 0, 0, 1,
     ------------------------------------------------------------------------
     0}}, {{-1, -1, -1, -1, -1}, {0, 0, 0, 0, 1}}, {{1, 0, 0, 0, 0}, {0, 0,
     ------------------------------------------------------------------------
     0, 0, 1}}, {{0, 1, 0, 0, 0}, {0, 0, 0, 0, 1}}, {{0, 0, 1, 0, 0}, {0, 0,
     ------------------------------------------------------------------------
     0, 0, 1}}, {{0, 0, 0, 1, 0}, {0, 0, 0, 0, 1}}}, {{{-1, -1, -1, -1, -1},
     ------------------------------------------------------------------------
     {1, 0, 0, 0, 0}, {0, 1, 0, 0, 0}}, {{1, 0, 0, 0, 0}, {0, 1, 0, 0, 0},
     ------------------------------------------------------------------------
     {0, 0, 1, 0, 0}}, {{-1, -1, -1, -1, -1}, {1, 0, 0, 0, 0}, {0, 0, 0, 1,
     ------------------------------------------------------------------------
     0}}, {{-1, -1, -1, -1, -1}, {0, 0, 1, 0, 0}, {0, 0, 0, 1, 0}}, {{0, 1,
     ------------------------------------------------------------------------
     0, 0, 0}, {0, 0, 1, 0, 0}, {0, 0, 0, 1, 0}}, {{-1, -1, -1, -1, -1}, {0,
     ------------------------------------------------------------------------
     1, 0, 0, 0}, {0, 0, 0, 0, 1}}, {{-1, -1, -1, -1, -1}, {0, 0, 1, 0, 0},
     ------------------------------------------------------------------------
     {0, 0, 0, 0, 1}}, {{1, 0, 0, 0, 0}, {0, 0, 1, 0, 0}, {0, 0, 0, 0, 1}},
     ------------------------------------------------------------------------
     {{1, 0, 0, 0, 0}, {0, 0, 0, 1, 0}, {0, 0, 0, 0, 1}}, {{0, 1, 0, 0, 0},
     ------------------------------------------------------------------------
     {0, 0, 0, 1, 0}, {0, 0, 0, 0, 1}}}, {}, {}, {}}

o1 : List

i2 : H=mHomology(C)

o2 = {ZZ, ZZ/2, 0, 0, 0, 0}

o2 : List

i3 : H#0

o3 = ZZ

o3 : finitely generated abelian group

i4 : H#1

o4 = ZZ/2

o4 : finitely generated abelian group

i5 : 
