-- -*- M2-comint -*- {* hash: 18192687105397462350
--loading configuration for package "ConvexInterface" from file /home/member/dgrayson/.Macaulay2/init-ConvexInterface.m2
--loading configuration for package "MapleInterface" from file /home/member/dgrayson/.Macaulay2/init-MapleInterface.m2

i1 : L= {{0,1,1,0,0},{0,1,0,1,0},{0,1,0,0,0},{1,0,0,0,1},{1,0,-1,-1,-1},{1,0,0,0,0}};

i2 : L=apply(L,vector)

o2 = {| 0 |, | 0 |, | 0 |, | 1 |, | 1  |, | 1 |}
      | 1 |  | 1 |  | 1 |  | 0 |  | 0  |  | 0 |
      | 1 |  | 0 |  | 0 |  | 0 |  | -1 |  | 0 |
      | 0 |  | 1 |  | 0 |  | 0 |  | -1 |  | 0 |
      | 0 |  | 0 |  | 0 |  | 1 |  | -1 |  | 0 |

o2 : List

i3 : P=mPosHullFacesAndDuals(L)

o3 = {| 0 1 1  0  0  |, | 1 0 2  0  -1 |, {{{{}, {1, 2, 3, 4, 5, 6, 7, 8}}},
      | 0 1 0  1  0  |  | 1 0 0  2  -1 |
      | 0 1 0  0  0  |  | 1 0 0  0  1  |
      | 1 0 0  0  1  |  | 1 0 0  0  -1 |
      | 1 0 -1 -1 -1 |  | 0 1 1  -1 0  |
      | 1 0 0  0  0  |  | 0 1 -1 1  0  |
                        | 0 1 -1 -1 2  |
                        | 0 1 -1 -1 0  |
     ------------------------------------------------------------------------
     {{{1}, {2, 3, 4, 6, 7, 8}}, {{2}, {1, 3, 4, 5, 7, 8}}, {{3}, {1, 2, 3,
     ------------------------------------------------------------------------
     4}}, {{4}, {1, 2, 4, 5, 6, 8}}, {{5}, {1, 2, 3, 5, 6, 7}}, {{6}, {5, 6,
     ------------------------------------------------------------------------
     7, 8}}}, {{{3, 5}, {1, 2, 3}}, {{3, 4}, {1, 2, 4}}, {{2, 3}, {1, 3, 4}},
     ------------------------------------------------------------------------
     {{1, 3}, {2, 3, 4}}, {{5, 6}, {5, 6, 7}}, {{4, 6}, {5, 6, 8}}, {{2, 6},
     ------------------------------------------------------------------------
     {5, 7, 8}}, {{1, 6}, {6, 7, 8}}, {{4, 5}, {1, 2, 5, 6}}, {{2, 5}, {1, 3,
     ------------------------------------------------------------------------
     5, 7}}, {{2, 4}, {1, 4, 5, 8}}, {{1, 5}, {2, 3, 6, 7}}, {{1, 4}, {2, 4,
     ------------------------------------------------------------------------
     6, 8}}, {{1, 2}, {3, 4, 7, 8}}}, {{{3, 4, 5}, {1, 2}}, {{2, 3, 5}, {1,
     ------------------------------------------------------------------------
     3}}, {{2, 3, 4}, {1, 4}}, {{2, 4, 5}, {1, 5}}, {{1, 3, 5}, {2, 3}}, {{1,
     ------------------------------------------------------------------------
     3, 4}, {2, 4}}, {{1, 4, 5}, {2, 6}}, {{1, 2, 3}, {3, 4}}, {{1, 2, 5},
     ------------------------------------------------------------------------
     {3, 7}}, {{1, 2, 4}, {4, 8}}, {{4, 5, 6}, {5, 6}}, {{2, 5, 6}, {5, 7}},
     ------------------------------------------------------------------------
     {{2, 4, 6}, {5, 8}}, {{1, 5, 6}, {6, 7}}, {{1, 4, 6}, {6, 8}}, {{1, 2,
     ------------------------------------------------------------------------
     6}, {7, 8}}}, {{{2, 3, 4, 5}, {1}}, {{1, 3, 4, 5}, {2}}, {{1, 2, 3, 5},
     ------------------------------------------------------------------------
     {3}}, {{1, 2, 3, 4}, {4}}, {{2, 4, 5, 6}, {5}}, {{1, 4, 5, 6}, {6}},
     ------------------------------------------------------------------------
     {{1, 2, 5, 6}, {7}}, {{1, 2, 4, 6}, {8}}}, {{{1, 2, 3, 4, 5, 6}, {}}}}}

o3 : List

i4 : 
