-- -*- M2-comint -*- {* hash: 18192687104950882382
--loading configuration for package "ConvexInterface" from file /home/member/dgrayson/.Macaulay2/init-ConvexInterface.m2
--loading configuration for package "MapleInterface" from file /home/member/dgrayson/.Macaulay2/init-MapleInterface.m2

i1 : L= {{0,1,1,0,0},{0,1,0,1,0},{0,1,0,0,0},{1,0,0,0,1},{1,0,-1,-1,-1},{1,0,0,0,0}};

i2 : L=apply(L,vector)

o2 = {| 0 |, | 0 |, | 0 |, | 1 |, | 1  |, | 1 |}
      | 1 |  | 1 |  | 1 |  | 0 |  | 0  |  | 0 |
      | 1 |  | 0 |  | 0 |  | 0 |  | -1 |  | 0 |
      | 0 |  | 1 |  | 0 |  | 0 |  | -1 |  | 0 |
      | 0 |  | 0 |  | 0 |  | 1 |  | -1 |  | 0 |

o2 : List

i3 : P=mPosHullFaces(L)

o3 = {| 0 1 1  0  0  |, {{{}}, {{1}, {2}, {3}, {4}, {5}, {6}}, {{3, 5}, {3,
      | 0 1 0  1  0  |
      | 0 1 0  0  0  |
      | 1 0 0  0  1  |
      | 1 0 -1 -1 -1 |
      | 1 0 0  0  0  |
     ------------------------------------------------------------------------
     4}, {2, 3}, {1, 3}, {5, 6}, {4, 6}, {2, 6}, {1, 6}, {4, 5}, {2, 5}, {2,
     ------------------------------------------------------------------------
     4}, {1, 5}, {1, 4}, {1, 2}}, {{3, 4, 5}, {2, 3, 5}, {2, 3, 4}, {2, 4,
     ------------------------------------------------------------------------
     5}, {1, 3, 5}, {1, 3, 4}, {1, 4, 5}, {1, 2, 3}, {1, 2, 5}, {1, 2, 4},
     ------------------------------------------------------------------------
     {4, 5, 6}, {2, 5, 6}, {2, 4, 6}, {1, 5, 6}, {1, 4, 6}, {1, 2, 6}}, {{2,
     ------------------------------------------------------------------------
     3, 4, 5}, {1, 3, 4, 5}, {1, 2, 3, 5}, {1, 2, 3, 4}, {2, 4, 5, 6}, {1, 4,
     ------------------------------------------------------------------------
     5, 6}, {1, 2, 5, 6}, {1, 2, 4, 6}}, {{1, 2, 3, 4, 5, 6}}}}

o3 : List

i4 : 
