-- -*- M2-comint -*- {* hash: 1730200780519605005
--loading configuration for package "ConvexInterface" from file /home/member/dgrayson/.Macaulay2/init-ConvexInterface.m2
--loading configuration for package "MapleInterface" from file /home/member/dgrayson/.Macaulay2/init-MapleInterface.m2

i1 : L={vector {1,0,0},vector {-1,0,0},vector {0,1,0},vector {0,-1,0},vector {0,0,1},vector {0,0,-1}}

o1 = {| 1 |, | -1 |, | 0 |, | 0  |, | 0 |, | 0  |}
      | 0 |  | 0  |  | 1 |  | -1 |  | 0 |  | 0  |
      | 0 |  | 0  |  | 0 |  | 0  |  | 1 |  | -1 |

o1 : List

i2 : P=mConvexHullFacesAndDuals(L)

o2 = {| 1  0  0  |, | 1  -1 -1 |, {{{{}, {1, 2, 3, 4, 5, 6, 7, 8}}}, {{{1},
      | -1 0  0  |  | -1 -1 -1 |
      | 0  1  0  |  | 1  1  -1 |
      | 0  -1 0  |  | -1 1  -1 |
      | 0  0  1  |  | 1  -1 1  |
      | 0  0  -1 |  | -1 -1 1  |
                    | 1  1  1  |
                    | -1 1  1  |
     ------------------------------------------------------------------------
     {2, 4, 6, 8}}, {{2}, {1, 3, 5, 7}}, {{3}, {1, 2, 5, 6}}, {{4}, {3, 4, 7,
     ------------------------------------------------------------------------
     8}}, {{5}, {1, 2, 3, 4}}, {{6}, {5, 6, 7, 8}}}, {{{3, 5}, {1, 2}}, {{2,
     ------------------------------------------------------------------------
     5}, {1, 3}}, {{2, 3}, {1, 5}}, {{1, 5}, {2, 4}}, {{1, 3}, {2, 6}}, {{4,
     ------------------------------------------------------------------------
     5}, {3, 4}}, {{2, 4}, {3, 7}}, {{1, 4}, {4, 8}}, {{3, 6}, {5, 6}}, {{2,
     ------------------------------------------------------------------------
     6}, {5, 7}}, {{1, 6}, {6, 8}}, {{4, 6}, {7, 8}}}, {{{2, 3, 5}, {1}},
     ------------------------------------------------------------------------
     {{1, 3, 5}, {2}}, {{2, 4, 5}, {3}}, {{1, 4, 5}, {4}}, {{2, 3, 6}, {5}},
     ------------------------------------------------------------------------
     {{1, 3, 6}, {6}}, {{2, 4, 6}, {7}}, {{1, 4, 6}, {8}}}, {{{1, 2, 3, 4, 5,
     ------------------------------------------------------------------------
     6}, {}}}}}

o2 : List

i3 : 
