-- -*- M2-comint -*- {* hash: 731650511 *}

i1 : A = skewPolynomialRing(QQ,(-1)_QQ,{w,x,y,z})
--Calling Bergman for NCGB calculation.
--running: bergman -i /var/folders/hb/yy6pwl7d1qqf1w7mwkyxb4gm0000gn/T/M2-30157-0/0.init -on-error exit --silent > /var/folders/hb/yy6pwl7d1qqf1w7mwkyxb4gm0000gn/T/M2-30157-0/3.ter ... Complete!

o1 = A

o1 : NCQuotientRing

i2 : setWeights(A,{1,1,2,2})

o2 = A

o2 : NCQuotientRing

i3 : f = ncMap(A,A,{x,w,z,y})

o3 = NCRingMap A <--- A

o3 : NCRingMap

i4 : basis(1,A)

o4 = | w  x |

o4 : NCMatrix

i5 : f_1

o5 = | 0 1 |
     | 1 0 |

              2        2
o5 : Matrix QQ  <--- QQ

i6 : basis(2,A)

     |        2       2 |
o6 = | y  z  w   wx  x  |

o6 : NCMatrix

i7 : f_2

o7 = | 0 1 0 0  0 |
     | 1 0 0 0  0 |
     | 0 0 0 0  1 |
     | 0 0 0 -1 0 |
     | 0 0 1 0  0 |

              5        5
o7 : Matrix QQ  <--- QQ

i8 : 
