-- -*- M2-comint -*- {* hash: 44006984 *}

i1 : B = threeDimSklyanin(QQ,{1,1,-1},{x,y,z})
--Calling Bergman for NCGB calculation.
--running: bergman -i /var/folders/hb/yy6pwl7d1qqf1w7mwkyxb4gm0000gn/T/M2-29958-0/0.init -on-error exit --silent > /var/folders/hb/yy6pwl7d1qqf1w7mwkyxb4gm0000gn/T/M2-29958-0/3.ter ... Complete!

o1 = B

o1 : NCQuotientRing

i2 : M = ncMatrix {{x,y,z,0}, {-y*z-2*x^2,-y*x,z*x-x*z,x},{x*y-2*y*x,x*z,-x^2,y}, {-y^2-z*x,x^2,-x*y,z}}

o2 = |    x      y      z    0 |
     |                         |
     |       2        2        |
     | -yz-2x   -yx  y -2xz  x |
     |                         |
     |                   2     |
     | -2yx+xy   xz    -x    y |
     |                         |
     |    2       2            |
     | -2y +xz   x     -xy   z |

o2 : NCMatrix

i3 : isHomogeneous M

o3 = false

i4 : assignDegrees(M,{1,0,0,0},{2,2,2,1})

o4 = |    x      y      z    0 |
     |                         |
     |       2        2        |
     | -yz-2x   -yx  y -2xz  x |
     |                         |
     |                   2     |
     | -2yx+xy   xz    -x    y |
     |                         |
     |    2       2            |
     | -2y +xz   x     -xy   z |

o4 : NCMatrix

i5 : isHomogeneous M

o5 = true

i6 : N = ncMatrix {gens B}

o6 = | x  y  z |

o6 : NCMatrix

i7 : isHomogeneous N

o7 = true

i8 : 
