-- -*- M2-comint -*- {* hash: 373600452 *}

i1 : A = QQ{x,y,z}

o1 = A

o1 : NCPolynomialRing

i2 : hilbertSeries(A,Order=>12)

                2      3      4       5       6        7        8         9  
o2 = 1 + 3T + 9T  + 27T  + 81T  + 243T  + 729T  + 2187T  + 6561T  + 19683T  +
     ------------------------------------------------------------------------
           10          11          12
     59049T   + 177147T   + 531441T

o2 : ZZ[T]

i3 : setWeights(A,{1,2,3})

o3 = A

o3 : NCPolynomialRing

i4 : hilbertSeries(A,Order=>12)

               2     3     4      5      6      7      8       9       10  
o4 = 1 + T + 2T  + 4T  + 7T  + 13T  + 24T  + 44T  + 81T  + 149T  + 274T   +
     ------------------------------------------------------------------------
         11       12
     504T   + 927T

o4 : ZZ[T]

i5 : B = threeDimSklyanin(QQ,{1,1,-1},{x,y,z})
--Calling Bergman for NCGB calculation.
--running: bergman -i /var/folders/hb/yy6pwl7d1qqf1w7mwkyxb4gm0000gn/T/M2-30707-0/0.init -on-error exit --silent > /var/folders/hb/yy6pwl7d1qqf1w7mwkyxb4gm0000gn/T/M2-30707-0/3.ter ... Complete!

o5 = B

o5 : NCQuotientRing

i6 : hilbertSeries(B,Order=>12)
--Calling bergman for HS computation.
--running: bergman -i /var/folders/hb/yy6pwl7d1qqf1w7mwkyxb4gm0000gn/T/M2-30707-0/5.init -on-error exit --silent > /var/folders/hb/yy6pwl7d1qqf1w7mwkyxb4gm0000gn/T/M2-30707-0/10.ter ... Complete!

                2      3      4      5      6      7      8      9      10
o6 = 1 + 3T + 6T  + 10T  + 15T  + 21T  + 28T  + 36T  + 45T  + 55T  + 66T

o6 : ZZ[T]

i7 : 
