-- -*- M2-comint -*- {* hash: -1637860046 *}

i1 : B = skewPolynomialRing(QQ,(-1)_QQ,{x,y,z,w})
--Calling Bergman for NCGB calculation.
--running: bergman -i /var/folders/hb/yy6pwl7d1qqf1w7mwkyxb4gm0000gn/T/M2-30254-0/0.init -on-error exit --silent > /var/folders/hb/yy6pwl7d1qqf1w7mwkyxb4gm0000gn/T/M2-30254-0/3.ter ... Complete!

o1 = B

o1 : NCQuotientRing

i2 : sigma = ncMap(B,B,{y,z,w,x})

o2 = NCRingMap B <--- B

o2 : NCRingMap

i3 : C = oreExtension(B,sigma,a)
--Calling Bergman for NCGB calculation.
--running: bergman -i /var/folders/hb/yy6pwl7d1qqf1w7mwkyxb4gm0000gn/T/M2-30254-0/5.init -on-error exit --silent > /var/folders/hb/yy6pwl7d1qqf1w7mwkyxb4gm0000gn/T/M2-30254-0/8.ter ... Complete!

o3 = C

o3 : NCQuotientRing

i4 : sigmaC = ncMap(C,C,{y,z,w,x,a})

o4 = NCRingMap C <--- C

o4 : NCRingMap

i5 : normalElements(sigmaC,1)

o5 = | a |

o5 : NCMatrix

i6 : normalElements(sigmaC,2)

o6 = 0

              1
o6 : Matrix QQ  <--- 0

i7 : normalElements(sigmaC @@ sigmaC,2)

     |  2 |
o7 = | a  |

o7 : NCMatrix

i8 : 
