-- -*- M2-comint -*- {* hash: -777698962 *}

i1 : A = skewPolynomialRing(QQ,(-1)_QQ,{x,y,z})
--Calling Bergman for NCGB calculation.
--running: bergman -i /var/folders/hb/yy6pwl7d1qqf1w7mwkyxb4gm0000gn/T/M2-30201-0/0.init -on-error exit --silent > /var/folders/hb/yy6pwl7d1qqf1w7mwkyxb4gm0000gn/T/M2-30201-0/3.ter ... Complete!

o1 = A

o1 : NCQuotientRing

i2 : M = ncMatrix {{x,y,z}}

o2 = | x  y  z |

o2 : NCMatrix

i3 : Mres = res M
--Calling Bergman for NCGB calculation.
--running: bergman -i /var/folders/hb/yy6pwl7d1qqf1w7mwkyxb4gm0000gn/T/M2-30201-0/5.init -on-error exit --silent > /var/folders/hb/yy6pwl7d1qqf1w7mwkyxb4gm0000gn/T/M2-30201-0/8.ter ... Complete!
--Calling Bergman for NCGB calculation.
--running: bergman -i /var/folders/hb/yy6pwl7d1qqf1w7mwkyxb4gm0000gn/T/M2-30201-0/9.init -on-error exit --silent > /var/folders/hb/yy6pwl7d1qqf1w7mwkyxb4gm0000gn/T/M2-30201-0/12.ter ... Complete!
--Calling Bergman for NCGB calculation.
--running: bergman -i /var/folders/hb/yy6pwl7d1qqf1w7mwkyxb4gm0000gn/T/M2-30201-0/13.init -on-error exit --silent > /var/folders/hb/yy6pwl7d1qqf1w7mwkyxb4gm0000gn/T/M2-30201-0/16.ter ... Complete!

      1      3      3      1
o3 = A  <-- A  <-- A  <-- A
                           
     0      1      2      3

o3 : NCChainComplex

i4 : Mres#0

o4 = | x  y  z |

o4 : NCMatrix

i5 : Mres#1

o5 = |  0  -z  -y |
     |            |
     | -z   0  -x |
     |            |
     | -y  -x   0 |

o5 : NCMatrix

i6 : Mres#2

o6 = | -x |
     |    |
     | -y |
     |    |
     | -z |

o6 : NCMatrix

i7 : betti Mres

            0 1 2 3
o7 = total: 1 3 3 1
         0: 1 3 3 1

o7 : BettiTally

i8 : 
