-- -*- M2-comint -*- hash: -1256432772

i1 : R = QQ[q]/ideal{q^4+q^3+q^2+q+1}

o1 = R

o1 : QuotientRing

i2 : A = skewPolynomialRing(R,promote(2,R),{x,y,z,w})

o2 = A

o2 : NCQuotientRing

i3 : x*y == 2*y*x

o3 = true

i4 : B = skewPolynomialRing(R,q,{x,y,z,w})

o4 = B

o4 : NCQuotientRing

i5 : x*y == q*y*x

o5 = true

i6 : Bop = oppositeRing B

o6 = Bop

o6 : NCQuotientRing

i7 : y*x == q*x*y

o7 = true

i8 : C = skewPolynomialRing(QQ,2_QQ, {x,y,z,w})
--Calling Bergman for NCGB calculation.
--running: bergman -i /var/folders/46/9b86vqxj4hjcngvy7kd7sb140000gn/T/M2-12281-0/0.init -on-error exit --silent > /var/folders/46/9b86vqxj4hjcngvy7kd7sb140000gn/T/M2-12281-0/3.ter ... Complete!

o8 = C

o8 : NCQuotientRing

i9 : x*y == 2*y*x

o9 = true

i10 : D = skewPolynomialRing(QQ,1_QQ, {x,y,z,w})
--Calling Bergman for NCGB calculation.
--running: bergman -i /var/folders/46/9b86vqxj4hjcngvy7kd7sb140000gn/T/M2-12281-0/5.init -on-error exit --silent > /var/folders/46/9b86vqxj4hjcngvy7kd7sb140000gn/T/M2-12281-0/8.ter ... Complete!

o10 = D

o10 : NCQuotientRing

i11 : isCommutative C

o11 = false

i12 : isCommutative D

o12 = true

i13 : Cop = oppositeRing C
--Calling Bergman for NCGB calculation.
--running: bergman -i /var/folders/46/9b86vqxj4hjcngvy7kd7sb140000gn/T/M2-12281-0/10.init -on-error exit --silent > /var/folders/46/9b86vqxj4hjcngvy7kd7sb140000gn/T/M2-12281-0/13.ter ... Complete!

o13 = Cop

o13 : NCQuotientRing

i14 : y*x == 2*x*y

o14 = true

i15 : 
