-- -*- M2-comint -*- hash: 2047303978

i1 : A = QQ{x,y,z}

o1 = A

o1 : NCPolynomialRing

i2 : coefficientRing A

o2 = QQ

o2 : Ring

i3 : B = skewPolynomialRing(QQ,(-1)_QQ,{x,y,z})
--Calling Bergman for NCGB calculation.
--running: bergman -i /var/folders/46/9b86vqxj4hjcngvy7kd7sb140000gn/T/M2-12472-0/0.init -on-error exit --silent > /var/folders/46/9b86vqxj4hjcngvy7kd7sb140000gn/T/M2-12472-0/3.ter ... Complete!

o3 = B

o3 : NCQuotientRing

i4 : x

o4 = x

o4 : B

i5 : use A

o5 = A

o5 : NCPolynomialRing

i6 : x

o6 = x

o6 : A

i7 : 
