-- -*- M2-comint -*- hash: -291598696

i1 : (ipt, otp) := PieriHomotopies(2,2);

i2 : print ipt
{| -.5                .298085+.0475842ii  |, | -.5                -.521513-.206214ii  |, | -.5                -.0717849+.666295ii |, | -.5                .0182983+.406723ii  |}
 | -.239186+.439079ii -.809646-.0796675ii |  | .480443-.138473ii  -.434704+.0179055ii |  | -.072641+.494695ii -.387104+.0559413ii |  | -.182579+.465473ii -.530115+.0438277ii |
 | .404806-.293482ii  -.223015-.261296ii  |  | -.334899+.371272ii .46997+.287833ii    |  | .209586-.453953ii  .412428-.116134ii   |  | -.485835+.118171ii .624574+.0458326ii  |
 | .496648-.0577967ii -.0336416-.357582ii |  | .0354291-.498743ii .437787+.0288906ii  |  | -.272984-.418903ii .223296+.405555ii   |  | .148628+.477399ii  -.00293218+.39887ii |

i3 : print otp
{| 1                  0                  |, | 1                  0                  |}
 | .64756+1.07383ii   -.967767-.218174ii |  | .954798+.386039ii  -1.21216-.141525ii |
 | -.902756-1.45617ii 1                  |  | -1.11143-.500253ii 1                  |
 | 0                  .127978+.481493ii  |  | 0                  -.0455152+.81836ii |

i4 : in0 = ipt_0

o4 = | -.5                .298085+.0475842ii  |
     | -.239186+.439079ii -.809646-.0796675ii |
     | .404806-.293482ii  -.223015-.261296ii  |
     | .496648-.0577967ii -.0336416-.357582ii |

                4          2
o4 : Matrix CC    <--- CC
              53         53

i5 : out0 = otp_0

o5 = | 1                  0                  |
     | .64756+1.07383ii   -.967767-.218174ii |
     | -.902756-1.45617ii 1                  |
     | 0                  .127978+.481493ii  |

                4          2
o5 : Matrix CC    <--- CC
              53         53

i6 : m = in0|out0

o6 = | -.5                .298085+.0475842ii  1                 
     | -.239186+.439079ii -.809646-.0796675ii .64756+1.07383ii  
     | .404806-.293482ii  -.223015-.261296ii  -.902756-1.45617ii
     | .496648-.0577967ii -.0336416-.357582ii 0                 
     ------------------------------------------------------------------------
     0                  |
     -.967767-.218174ii |
     1                  |
     .127978+.481493ii  |

                4          4
o6 : Matrix CC    <--- CC
              53         53

i7 : det m

o7 = -1.39160463673774e-15-7.13081112384404e-16*ii

o7 : CC (of precision 53)

i8 : 
