-- -*- M2-comint -*- {* hash: 521315531 *}
-- COMPILE TIME: Oct  7 2016, 07:56:28
--loading configuration for package "PHCpack" from file /Users/leykin/Library/Application Support/Macaulay2/init-PHCpack.m2
--loading configuration for package "NumericalAlgebraicGeometry" from file /Users/leykin/Library/Application Support/Macaulay2/init-NumericalAlgebraicGeometry.m2
--loading configuration for package "Bertini" from file /Users/leykin/Library/Application Support/Macaulay2/init-Bertini.m2

i1 : k = 3;

i2 : n = 6;

i3 : SchPblm = {
         ({2,1}, random(CC^6,CC^6)),
         ({2,1}, random(CC^6,CC^6)),
         ({1}, random(CC^6,CC^6)),
         ({1}, random(CC^6,CC^6)),
         ({1}, random(CC^6,CC^6))
         };

i4 : stdio << "Schubert problem {2,1}^2 {1}^3 in Gr(3,6) with respect to random flags"<<endl;
Schubert problem {2,1}^2 {1}^3 in Gr(3,6) with respect to random flags

i5 : solveSimpleSchubert(SchPblm, k,n)

o5 = {| .426402+.387024i     -.767149+.88679i  -.299645+.514617i |, |
      | .350714+.0538475i    -1.21057+.628777i .141417+.670654i  |  |
      | -.00144609+.0615438i -1.36249+.957226i -.135443+.402697i |  |
      | .236976-.167254i     -.849462+.793055i -.079797+.62109i  |  |
      | .251567+.0963873i    -.584053+.120158i -.081163+.616193i |  |
      | .16406+.140612i      .147134+1.02782i  .700057+.537171i  |  |
     ------------------------------------------------------------------------
     .049570+.786748i  1.06866+.233544i -.050555-.348219i |, |
     -.206829-.120362i 1.77239+.496154i -.495726-.478418i |  |
     -.649096-.045216i 1.69103+.597783i -.025969-.564318i |  |
     -.288447+.394938i .928957+.172057i -.307244-.389747i |  |
     -.458603+.164307i 1.24868+.022694i -.109204-.543584i |  |
     -.159612+.837151i .145965-.131173i -.311686-.109522i |  |
     ------------------------------------------------------------------------
     .786345+.039037i 2.04868+.698543i -.111359-.0502477i |, |
     .850935+.235992i 2.99936+1.61752i -.249658-.107736i  |  |
     .583656+.186089i 3.03503+1.65758i -.036834-.234947i  |  |
     .739055-.656875i 1.87368+.627178i -.203199-.0546734i |  |
     .900963+.064548i 2.00882+.70537i  -.0684508-.152856i |  |
     .488143-.479836i .601493-.588086i .0472758+.081476i  |  |
     ------------------------------------------------------------------------
     .29604+.607542i    -.426858-.110817i -.120347+.0333611i  |, |
     .0792163+.0318581i -.264013-.679973i -.172278-.0120918i  |  |
     -.307005+.0794883i -.488333-.457673i -.0312588-.143993i  |  |
     .0557081+.142424i  -.514797-.16939i  -.165842+.0348618i  |  |
     -.0644923+.200208i -.009258-.689311i -.0470698-.0463538i |  |
     .0883581+.490683i  -.344437+.638705i .151061+.124719i    |  |
     ------------------------------------------------------------------------
     .416853+.43068i     -2.06356+1.47596i -.555553+.042981i  |, |
     .304534+.0650379i   -3.3745+.909754i  -.611663+.448933i  |  |
     -.0510879+.0812111i -3.56377+1.40773i -.494457-.0547096i |  |
     .223864-.106046i    -2.10608+1.35519i -.600561+.286352i  |  |
     .204877+.130855i    -1.91259+.304428i -.579545+.13444i   |  |
     .170645+.202745i    .219633+1.87171i  -.001710+.686346i  |  |
     ------------------------------------------------------------------------
     .948004+.009715i .374969+.499562i -.059199+.251334i |}
     .954212+.376895i .636613+.574365i .116788+.149588i  |
     .720595+.326751i .530465+.763105i .073638+.0777737i |
     .96532-.698926i  .256842+.425251i .0170751+.221298i |
     1.08396+.174263i .551008+.076838i .112884+.198469i  |
     .689695-.590038i .157157+.310587i .453721+.129014i  |

o5 : List

i6 : 
