-- -*- M2-comint -*-
with packages: Classic, Elimination, LLLBases, PrimaryDecomposition, SchurRings

i1 : I = Grass(1,3)

o1 = ideal(p   p    - p   p    + p   p   )
            1,2 0,3    0,2 1,3    0,1 2,3

o1 : Ideal of ZZ [p   , p   , p   , p   , p   , p   ]
                   0,1   0,2   1,2   0,3   1,3   2,3

i2 : J = Grass(2,4)

o2 = ideal (p     p      - p     p      + p     p     , p     p      -
             1,2,4 0,3,4    0,2,4 1,3,4    0,1,4 2,3,4   1,2,3 0,3,4  
     ------------------------------------------------------------------------
     p     p      + p     p     , p     p      - p     p      + p     p     ,
      0,2,3 1,3,4    0,1,3 2,3,4   1,2,3 0,2,4    0,2,3 1,2,4    0,1,2 2,3,4 
     ------------------------------------------------------------------------
     p     p      - p     p      + p     p     , p     p      - p     p     
      1,2,3 0,1,4    0,1,3 1,2,4    0,1,2 1,3,4   0,2,3 0,1,4    0,1,3 0,2,4
     ------------------------------------------------------------------------
     + p     p     )
        0,1,2 0,3,4

o2 : Ideal of ZZ [p     , p     , p     , p     , p     , p     , p     , p     , p     , p     ]
                   0,1,2   0,1,3   0,2,3   1,2,3   0,1,4   0,2,4   1,2,4   0,3,4   1,3,4   2,3,4

i3 : p_(0,2,3)

o3 = p
      0,2,3

o3 : IndexedVariable

i4 : use J

o4 = ideal (p     p      - p     p      + p     p     , p     p      -
             1,2,4 0,3,4    0,2,4 1,3,4    0,1,4 2,3,4   1,2,3 0,3,4  
     ------------------------------------------------------------------------
     p     p      + p     p     , p     p      - p     p      + p     p     ,
      0,2,3 1,3,4    0,1,3 2,3,4   1,2,3 0,2,4    0,2,3 1,2,4    0,1,2 2,3,4 
     ------------------------------------------------------------------------
     p     p      - p     p      + p     p     , p     p      - p     p     
      1,2,3 0,1,4    0,1,3 1,2,4    0,1,2 1,3,4   0,2,3 0,1,4    0,1,3 0,2,4
     ------------------------------------------------------------------------
     + p     p     )
        0,1,2 0,3,4

o4 : Ideal of ZZ [p     , p     , p     , p     , p     , p     , p     , p     , p     , p     ]
                   0,1,2   0,1,3   0,2,3   1,2,3   0,1,4   0,2,4   1,2,4   0,3,4   1,3,4   2,3,4

i5 : p_(0,2,3)

o5 = p
      0,2,3

o5 : IndexedVariable

i6 : 
