loaddata: map has appeared or changed its location: 0x00122000-0x0014c000 r-x 967609826
--package "Macaulay2Core" loaded
--package "PrimaryDecomposition" loaded
--loading the Macaulay2 documentation
--package "Macaulay2" loaded

i1 : R = QQ[a..f];

i2 : p = matrix {{a,b,c},{d,e,f}}

o2 = | a b c |
     | d e f |

             2       3
o2 : Matrix R  <--- R

i3 : p_{1}

o3 = | b |
     | e |

             2       1
o3 : Matrix R  <--- R

i4 : p_{1,2,0}

o4 = | b c a |
     | e f d |

             2       3
o4 : Matrix R  <--- R

i5 : 
