loaddata: map has appeared or changed its location: 0x00158000-0x00176000 r-x 4062413709
--package "Macaulay2Core" loaded
--package "PrimaryDecomposition" loaded
--loading the Macaulay2 documentation
--package "Macaulay2" loaded

i1 : R = ZZ/101[a..d]

o1 = R

o1 : PolynomialRing

i2 : S = image map(R, R, {a^4, a^3*b, a*b^3, b^4})

o2 = S

o2 : QuotientRing

i3 : presentation S

o3 = | bc-ad c3-bd2 ac2-b2d b3-a2c |

             1       4
o3 : Matrix R  <--- R

i4 : h = hilbertPolynomial S

o4 = - 3*P  + 4*P
          0      1

o4 : ProjectiveHilbertPolynomial

i5 : h 3

o5 = 13

i6 : basis(3,S)

o6 = | a3 a2b a2c a2d ab2 abd acd ad2 b2d bd2 c2d cd2 d3 |

             1       13
o6 : Matrix S  <--- S

i7 : rank source basis(3,S)

o7 = 13

i8 : 
