-- -*- M2-comint -*-
with packages: Classic, Elimination, LLLBases, PrimaryDecomposition, SchurRings

i1 : R = QQ[a,b,c,d]/(a^4+b^4+c^4+d^4);

i2 : X = Proj R

o2 = X

o2 : ProjectiveVariety

i3 : Omega = cotangentSheaf X

o3 = subquotient ({1} | 0  0  0  -d -c -b a3 |, {1} | 4a3 |)
                  {1} | 0  -d -c 0  0  a  b3 |  {1} | 4b3 |
                  {1} | -d 0  b  0  a  0  c3 |  {1} | 4c3 |
                  {1} | c  b  0  a  0  0  d3 |  {1} | 4d3 |

                                            4
o3 : coherent sheaf on X, subquotient of OO  (-1)
                                           X

i4 : HH^1(Omega)

       20
o4 = QQ

o4 : QQ-module, free

i5 : F = sheaf coker matrix {{a,b}}

o5 = cokernel | a b |

                                         1
o5 : coherent sheaf on X, quotient of OO
                                        X

i6 : module F

o6 = cokernel | a b |

                            1
o6 : R-module, quotient of R

i7 : 
