-- -*- M2-comint -*-
with packages: Classic, Elimination, LLLBases, PrimaryDecomposition, SchurRings

i1 : R = QQ[x..z];

i2 : M = cokernel vars R

o2 = cokernel | x y z |

                            1
o2 : R-module, quotient of R

i3 : C = res M

      1      3      3      1
o3 = R  <-- R  <-- R  <-- R  <-- 0
                                  
     0      1      2      3      4

o3 : ChainComplex

i4 : R = ZZ/2[a..d];

i5 : M = coker random(R^4, R^{5:-3,6:-4});

i6 : (<< "-- computation started: " << endl;
      while true do try (
          alarm 3;
          time res M;
          alarm 0;
          << "-- computation complete" << endl;
          status M.cache.resolution;
          << res M << endl << endl;
          break;
          ) else (
          << "-- computation interrupted" << endl;
          status M.cache.resolution;
          << "-- continuing the computation" << endl;
          ))
-- computation started: 
     -- used 2.84818 seconds
-- computation interrupted
        : total pairs
  totals: 4 11 646 594 185
       0: 4  .   .   .   .
       1: .  .   .   .   .
       2: .  5   2   .   .
       3: .  6   8   1   .
       4: .  .  11   3   .
       5: .  .  20  10   .
       6: .  .  33  16   .
       7: .  .  62  54  15
       8: .  . 138 138  46
       9: .  . 252 252  84
      10: .  . 120 120  40

-- continuing the computation
     -- used 1.5881 seconds
-- computation complete
        : total pairs
  totals: 4 11 646 594 185
       0: 4  .   .   .   .
       1: .  .   .   .   .
       2: .  5   2   .   .
       3: .  6   8   1   .
       4: .  .  11   3   .
       5: .  .  20  10   .
       6: .  .  33  16   .
       7: .  .  62  54  15
       8: .  . 138 138  46
       9: .  . 252 252  84
      10: .  . 120 120  40

 4      11      89      122      40
R  <-- R   <-- R   <-- R    <-- R   <-- 0
                                         
0      1       2       3        4       5


i7 : 
