-- -*- M2-comint -*-

i1 : R=QQ[w,x,y,z]

o1 = R

o1 : PolynomialRing

i2 : I=ideal(x^2-y*w,x^3-z*w^2)

             2         3    2
o2 = ideal (x  - w*y, x  - w z)

o2 : Ideal of R

i3 : decompose I

                             2         2
o3 = {ideal (- x*y + w*z, - x  + w*y, y  - x*z), ideal (x, w)}

o3 : List

i4 : R=QQ[x,y]

o4 = R

o4 : PolynomialRing

i5 : I=ideal(x^2+y^2)

            2    2
o5 = ideal(x  + y )

o5 : Ideal of R

i6 : decompose I

             2    2
o6 = {ideal(x  + y )}

o6 : List

i7 : 
