loaddata: map has appeared or changed its location: 0x00118000-0x0011e000 r-x 908788983
--package "Macaulay2Core" loaded
--package "PrimaryDecomposition" loaded
--loading the Macaulay2 documentation
--package "Macaulay2" loaded

i1 : R = QQ[a..f]

o1 = R

o1 : PolynomialRing

i2 : M = coker genericMatrix(R,a,2,3)

o2 = cokernel | a c e |
              | b d f |

                            2
o2 : R-module, quotient of R

i3 : res M

      2      3      1
o3 = R  <-- R  <-- R  <-- 0
                           
     0      1      2      3

o3 : ChainComplex

i4 : dual oo

      1      3      2
o4 = R  <-- R  <-- R
                    
     -2     -1     0

o4 : ChainComplex

i5 : 
