-- -*- M2-comint -*-

i1 : loadedFiles#3

o1 = ../../../../Macaulay2/m2/methods.m2

i2 : fileDictionaries#oo

o2 = LocalDictionary{...35...}

o2 : LocalDictionary

i3 : keys oo

o3 = {noapp, computeAndCache, oldnumerator, noMethod, chkopt0, foo, chkopts,
     ------------------------------------------------------------------------
     SingleArgWithOptions, MultipleArgsWithOptions, emptyOptionTable, mopts,
     ------------------------------------------------------------------------
     chkopt, bar, sopts, methodDefaults,
     ------------------------------------------------------------------------
     MultipleArgsNoOptionsGetMethodOptions, BinaryWithOptions, exitMethod,
     ------------------------------------------------------------------------
     olddenominator, optionFunction1, optionFunction2, optionFunction3, all',
     ------------------------------------------------------------------------
     f, ck, oldvalue, noMethodSingle, MultipleArgsNoOptions,
     ------------------------------------------------------------------------
     MultipleArgsWithOptionsGetMethodOptions, badClass, foodict,
     ------------------------------------------------------------------------
     BinaryNoOptions, line0, oldflatten, setup}

o3 : List

i4 : 
