loaddata: map has appeared or changed its location: 0x00118000-0x001c8000 r-x 4013405781
--package "Macaulay2Core" loaded
--package "PrimaryDecomposition" loaded
--loading the Macaulay2 documentation
--package "Macaulay2" loaded

i1 : R = GF(8)

o1 = R

o1 : GaloisField

i2 : f = R_0 ++ R_0^2 ++ R_0^3 ++ R_0^4

o2 = | GF$a 0      0      0           |
     | 0    GF$a^2 0      0           |
     | 0    0      GF$a+1 0           |
     | 0    0      0      GF$a^2+GF$a |

             4       4
o2 : Matrix R  <--- R

i3 : generators image f

o3 = | GF$a 0      0      0           |
     | 0    GF$a^2 0      0           |
     | 0    0      GF$a+1 0           |
     | 0    0      0      GF$a^2+GF$a |

             4       4
o3 : Matrix R  <--- R

i4 : generators cokernel f

o4 = | 1 0 0 0 |
     | 0 1 0 0 |
     | 0 0 1 0 |
     | 0 0 0 1 |

             4       4
o4 : Matrix R  <--- R

i5 : 
