loaddata: map has appeared or changed its location: 0x00118000-0x001c8000 r-x 4013405781
--package "Macaulay2Core" loaded
--package "PrimaryDecomposition" loaded
--loading the Macaulay2 documentation
--package "Macaulay2" loaded

i1 : R = ZZ/101[a,b,c];

i2 : M = R^1/(a^2,b^2,c^2)

o2 = cokernel | a2 b2 c2 |

                            1
o2 : R-module, quotient of R

i3 : isQuotientModule M

o3 = true

o3 : Boolean

i4 : f = M_{0}

o4 = | 1 |

o4 : Matrix

i5 : N = image f

o5 = subquotient (| 1 |, | a2 b2 c2 |)

                               1
o5 : R-module, subquotient of R

i6 : isQuotientModule N

o6 = false

o6 : Boolean

i7 : M == N

o7 = true

o7 : Boolean

i8 : 
