loaddata: map has appeared or changed its location: 0x00118000-0x001c8000 r-x 4013405781
--package "Macaulay2Core" loaded
--package "PrimaryDecomposition" loaded
--loading the Macaulay2 documentation
--package "Macaulay2" loaded

i1 : C = ZZ/101[x,y,z,u,w]/ideal(x-x^2-y,z+x*y,w^2-u^2);

i2 : minPres(C)

      ZZ
     --- [x, u, w, MonomialOrder => GRevLex => 3]
     101
o2 = --------------------------------------------
                         2    2
                        u  - w

o2 : QuotientRing

i3 : C.minPresMap

          ZZ
         --- [x, u, w, MonomialOrder => GRevLex => 3]
         101                                                   2       3    2
o3 = map(--------------------------------------------,C,{x, - x  + x, x  - x , u, w})
                             2    2
                            u  - w

              ZZ
             --- [x, u, w, MonomialOrder => GRevLex => 3]
             101
o3 : RingMap -------------------------------------------- <--- C
                                 2    2
                                u  - w

i4 : C.minPresMapInv

            ZZ
           --- [x, u, w, MonomialOrder => GRevLex => 3]
           101
o4 = map(C,--------------------------------------------,{x, u, w})
                               2    2
                              u  - w

                     ZZ
                    --- [x, u, w, MonomialOrder => GRevLex => 3]
                    101
o4 : RingMap C <--- --------------------------------------------
                                        2    2
                                       u  - w

i5 : 
