loaddata: map has appeared or changed its location: 0x00118000-0x0011e000 r-x 908788983
--package "Macaulay2Core" loaded
--package "PrimaryDecomposition" loaded
--loading the Macaulay2 documentation
--package "Macaulay2" loaded

i1 : C = ZZ/101[x,y,z,u,w];

i2 : I = ideal(x-x^2-y,z+x*y,w^2-u^2);
o2 : Ideal of C


i3 : minPres I

            2    2
o3 = ideal(u  - w )

               ZZ
o3 : Ideal of --- [x, u, w, MonomialOrder => GRevLex => 3]
              101

i4 : I.cache.minPresMap

          ZZ                                                   2       3    2
o4 = map(--- [x, u, w, MonomialOrder => GRevLex => 3],C,{x, - x  + x, x  - x , u, w})
         101

              ZZ
o4 : RingMap --- [x, u, w, MonomialOrder => GRevLex => 3] <--- C
             101

i5 : I.cache.minPresMapInv

            ZZ
o5 = map(C,--- [x, u, w, MonomialOrder => GRevLex => 3],{x, u, w})
           101

                     ZZ
o5 : RingMap C <--- --- [x, u, w, MonomialOrder => GRevLex => 3]
                    101

i6 : 
