-- -*- M2-comint -*-

i1 : m = mutableZero(QQ,10,20)

o1 = 0

o1 : MutableMatrix

i2 : m_(5,5) = 11/13

     11
o2 = --
     13

o2 : QQ

i3 : m

o3 = | . . . . . .     . . . . . . . . . . . . . . |
     | . . . . . .     . . . . . . . . . . . . . . |
     | . . . . . .     . . . . . . . . . . . . . . |
     | . . . . . .     . . . . . . . . . . . . . . |
     | . . . . . .     . . . . . . . . . . . . . . |
     | . . . . . 11/13 . . . . . . . . . . . . . . |
     | . . . . . .     . . . . . . . . . . . . . . |
     | . . . . . .     . . . . . . . . . . . . . . |
     | . . . . . .     . . . . . . . . . . . . . . |
     | . . . . . .     . . . . . . . . . . . . . . |

o3 : MutableMatrix

i4 : 
