-- -*- M2-comint -*-
with packages: Classic, Elimination, LLLBases, PrimaryDecomposition, SchurRings

i1 : R = QQ[a..d]/(a^3+b^3+c^3+d^3)

o1 = R

o1 : QuotientRing

i2 : X = Proj R;

i3 : T' = cotangentSheaf X

o3 = subquotient ({1} | 0  0  0  -d -c -b a2 |, {1} | 3a2 |)
                  {1} | 0  -d -c 0  0  a  b2 |  {1} | 3b2 |
                  {1} | -d 0  b  0  a  0  c2 |  {1} | 3c2 |
                  {1} | c  b  0  a  0  0  d2 |  {1} | 3d2 |

                                            4
o3 : coherent sheaf on X, subquotient of OO  (-1)
                                           X

i4 : numgens T'

o4 = 7

i5 : module T'

o5 = subquotient ({1} | 0  0  0  -d -c -b a2 |, {1} | 3a2 |)
                  {1} | 0  -d -c 0  0  a  b2 |  {1} | 3b2 |
                  {1} | -d 0  b  0  a  0  c2 |  {1} | 3c2 |
                  {1} | c  b  0  a  0  0  d2 |  {1} | 3d2 |

                               4
o5 : R-module, subquotient of R

i6 : 
