-- -*- M2-comint -*-
with packages: Classic, Elimination, LLLBases, PrimaryDecomposition, SchurRings

i1 : R = QQ[a..d];

i2 : M = ker vars R

o2 = image {1} | 0  0  0  -d -c -b |
           {1} | 0  -d -c 0  0  a  |
           {1} | -d 0  b  0  a  0  |
           {1} | c  b  0  a  0  0  |

                             4
o2 : R-module, submodule of R

i3 : generators M

o3 = {1} | 0  0  0  -d -c -b |
     {1} | 0  -d -c 0  0  a  |
     {1} | -d 0  b  0  a  0  |
     {1} | c  b  0  a  0  0  |

             4       6
o3 : Matrix R  <--- R

i4 : numgens M

o4 = 6

i5 : numgens R^10

o5 = 10

i6 : 
