
i1 : R = GF(3^2,Variable => a);

i2 : random(R^3,R^4)

o2 = | a+1 a    a  0   |
     | a-1 -a+1 1  0   |
     | a   -1   -a a+1 |

             3       4
o2 : Matrix R  <--- R

i3 : S = R[p..z];

i4 : genericMatrix(S,t,3,2)

o4 = | t w |
     | u x |
     | v y |

             3       2
o4 : Matrix S  <--- S

i5 : genericSymmetricMatrix(S,s,3)

o5 = | s t u |
     | t v w |
     | u w x |

             3       3
o5 : Matrix S  <--- S

i6 : genericSymmetricMatrix(S,u,3)

o6 = | u v w |
     | v x y |
     | w y z |

             3       3
o6 : Matrix S  <--- S

i7 : 
