loaddata: map has appeared or changed its location: 0x00118000-0x001c8000 r-x 4013405781
--package "Macaulay2Core" loaded
--package "PrimaryDecomposition" loaded
--loading the Macaulay2 documentation
--package "Macaulay2" loaded

i1 : R = ZZ/101[a..d]

o1 = R

o1 : PolynomialRing

i2 : M = kernel vars R ++ cokernel vars R

o2 = subquotient ({1} | 0  0  0  -d -c -b 0 |, {1} | 0 0 0 0 |)
                  {1} | 0  -d -c 0  0  a  0 |  {1} | 0 0 0 0 |
                  {1} | -d 0  b  0  a  0  0 |  {1} | 0 0 0 0 |
                  {1} | c  b  0  a  0  0  0 |  {1} | 0 0 0 0 |
                  {0} | 0  0  0  0  0  0  1 |  {0} | a b c d |

                               5
o2 : R-module, subquotient of R

i3 : generators M

o3 = {1} | 0  0  0  -d -c -b 0 |
     {1} | 0  -d -c 0  0  a  0 |
     {1} | -d 0  b  0  a  0  0 |
     {1} | c  b  0  a  0  0  0 |
     {0} | 0  0  0  0  0  0  1 |

             5       7
o3 : Matrix R  <--- R

i4 : relations M

o4 = {1} | 0 0 0 0 |
     {1} | 0 0 0 0 |
     {1} | 0 0 0 0 |
     {1} | 0 0 0 0 |
     {0} | a b c d |

             5       4
o4 : Matrix R  <--- R

i5 : prune M

o5 = cokernel {2} | 0 0 0 0 b  a  0  0  |
              {2} | 0 0 0 0 -c 0  a  0  |
              {2} | 0 0 0 0 d  0  0  a  |
              {2} | 0 0 0 0 0  -c -b 0  |
              {2} | 0 0 0 0 0  d  0  -b |
              {2} | 0 0 0 0 0  0  d  c  |
              {0} | d c b a 0  0  0  0  |

                            7
o5 : R-module, quotient of R

i6 : 
