-- -*- M2-comint -*- {* hash: -50228104 *}

i1 : x = a .. z

o1 = (a, b, c, d, e, f, g, h, i, j, k, l, m, n, o, p, q, r, s, t, u, v, w, x,
     ------------------------------------------------------------------------
     y, z)

o1 : Sequence

i2 : x#12

o2 = m

o2 : Symbol

i3 : y = new MutableList from x

o3 = MutableList{...26...}

o3 : MutableList

i4 : y#12 = foo

o4 = foo

o4 : Symbol

i5 : toSequence y

o5 = (a, b, c, d, e, f, g, h, i, j, k, l, foo, n, o, p, q, r, s, t, u, v, w,
     ------------------------------------------------------------------------
     x, y, z)

o5 : Sequence

i6 : 
0.76user 0.05system 0:00.82elapsed 99%CPU (0avgtext+0avgdata 0maxresident)k
0inputs+0outputs (0major+10842minor)pagefaults 0swaps
