-- -*- M2-comint -*- {* hash: -12398253 *}

i1 : R = QQ[x,y,z];

i2 : C = res coker vars R

      1      3      3      1
o2 = R  <-- R  <-- R  <-- R  <-- 0
                                  
     0      1      2      3      4

o2 : ChainComplex

i3 : C = dual C

      1      3      3      1
o3 = R  <-- R  <-- R  <-- R
                           
     -3     -2     -1     0

o3 : ChainComplex

i4 : C^2

      3
o4 = R

o4 : R-module, free, degrees {-2, -2, -2}

i5 : C^2 == C_(-2)

o5 = true

i6 : 
0.77user 0.04system 0:00.82elapsed 99%CPU (0avgtext+0avgdata 0maxresident)k
0inputs+0outputs (0major+10844minor)pagefaults 0swaps
