-- -*- M2-comint -*- {* hash: -1960742957 *}

i1 : X = Proj(QQ[x,y,z])

o1 = X

o1 : ProjectiveVariety

i2 : F = OO_X

o2 = OO
       X

o2 : SheafOfRings

i3 : G = F(3)

        1
o3 = OO  (3)
       X

o3 : coherent sheaf on X, free

i4 : module G

                   1
o4 = (QQ [x, y, z])

o4 : QQ [x, y, z]-module, free, degrees {-3}

i5 : degrees oo

o5 = {{-3}}

o5 : List

i6 : 
0.78user 0.07system 0:00.87elapsed 98%CPU (0avgtext+0avgdata 0maxresident)k
0inputs+0outputs (0major+10848minor)pagefaults 0swaps
