-- -*- M2-comint -*- {* hash: -167137826 *}

i1 : R = QQ[x,y,z]/(x^3,y^3,z^3,x*y*z);

i2 : C = res(coker vars R, LengthLimit=>8)

      1      3      7      16      37      86      200      465      1081
o2 = R  <-- R  <-- R  <-- R   <-- R   <-- R   <-- R    <-- R    <-- R
                                                                     
     0      1      2      3       4       5       6        7        8

o2 : ChainComplex

i3 : rank C_7

o3 = 465

i4 : C.dd_3

o4 = {2} | x  0 -z2 0   0  -xy 0 y2 0 0   0  0  0 xz2 xy2 0   |
     {2} | -y 0 0   -z2 yz y2  0 0  0 0   x2 0  0 0   0   x2y |
     {2} | z  0 0   0   0  0   0 0  0 -y2 0  x2 0 0   0   0   |
     {3} | 0  z y   x   0  0   0 0  0 0   0  0  0 0   0   0   |
     {3} | 0  0 0   0   z  y   x 0  0 0   0  0  0 0   0   0   |
     {3} | 0  0 0   0   0  0   0 z  y x   0  0  0 0   0   0   |
     {3} | 0  0 0   0   0  0   0 0  0 0   z  y  x 0   0   0   |

             7       16
o4 : Matrix R  <--- R

i5 : 
0.85user 0.06system 0:00.92elapsed 98%CPU (0avgtext+0avgdata 0maxresident)k
0inputs+0outputs (0major+12854minor)pagefaults 0swaps
