-- -*- M2-comint -*- {* hash: -1809681635 *}

i1 : R = QQ[a..d];

i2 : C = res coker vars R

      1      4      6      4      1
o2 = R  <-- R  <-- R  <-- R  <-- R  <-- 0
                                         
     0      1      2      3      4      5

o2 : ChainComplex

i3 : M = R^1/(a,b)

o3 = cokernel | a b |

                            1
o3 : R-module, quotient of R

i4 : C' = Hom(C,M)

o4 = cokernel {-4} | a b | <-- cokernel {-3} | a b 0 0 0 0 0 0 | <-- cokernel {-2} | a b 0 0 0 0 0 0 0 0 0 0 | <-- cokernel {-1} | a b 0 0 0 0 0 0 | <-- cokernel | a b |
                                        {-3} | 0 0 a b 0 0 0 0 |              {-2} | 0 0 a b 0 0 0 0 0 0 0 0 |              {-1} | 0 0 a b 0 0 0 0 |      
     -4                                 {-3} | 0 0 0 0 a b 0 0 |              {-2} | 0 0 0 0 a b 0 0 0 0 0 0 |              {-1} | 0 0 0 0 a b 0 0 |     0
                                        {-3} | 0 0 0 0 0 0 a b |              {-2} | 0 0 0 0 0 0 a b 0 0 0 0 |              {-1} | 0 0 0 0 0 0 a b |
                                                                              {-2} | 0 0 0 0 0 0 0 0 a b 0 0 |      
                               -3                                             {-2} | 0 0 0 0 0 0 0 0 0 0 a b |     -1
                                                                      
                                                                     -2

o4 : ChainComplex

i5 : C'.dd_-1

o5 = {-2} | 0 0 0 0  |
     {-2} | c 0 0 0  |
     {-2} | 0 c 0 0  |
     {-2} | d 0 0 0  |
     {-2} | 0 d 0 0  |
     {-2} | 0 0 d -c |

o5 : Matrix

i6 : C'.dd^2 == 0

o6 = true

i7 : 
0.80user 0.04system 0:00.86elapsed 99%CPU (0avgtext+0avgdata 0maxresident)k
0inputs+0outputs (0major+10844minor)pagefaults 0swaps
