-- -*- M2-comint -*- {* hash: 1617301332 *}

i1 : R = QQ[a..d];

i2 : I = ideal(a*b,c*d);

o2 : Ideal of R

i3 : J = I + ideal(a*d);

o3 : Ideal of R

i4 : f = inducedMap(module J,module I)

o4 = {2} | 1 0 |
     {2} | 0 1 |
     {2} | 0 0 |

o4 : Matrix

i5 : g = Hom(R^3,f)

o5 = {2} | 1 0 0 0 0 0 |
     {2} | 0 1 0 0 0 0 |
     {2} | 0 0 0 0 0 0 |
     {2} | 0 0 1 0 0 0 |
     {2} | 0 0 0 1 0 0 |
     {2} | 0 0 0 0 0 0 |
     {2} | 0 0 0 0 1 0 |
     {2} | 0 0 0 0 0 1 |
     {2} | 0 0 0 0 0 0 |

o5 : Matrix

i6 : ker g

o6 = image 0

                             3
o6 : R-module, submodule of R

i7 : image g

o7 = image | ab cd 0  0  0  0  |
           | 0  0  ab cd 0  0  |
           | 0  0  0  0  ab cd |

                             3
o7 : R-module, submodule of R

i8 : 
0.77user 0.10system 0:00.88elapsed 98%CPU (0avgtext+0avgdata 0maxresident)k
0inputs+0outputs (0major+10844minor)pagefaults 0swaps
