-- -*- M2-comint -*- {* hash: -235165195 *}

i1 : run "M2 --help";
usage:
    M2 [option ...] [file ...]
options:
    --help             print this brief help message and exit
    --no-backtrace     print no backtrace after error
    --copyright        display full copyright messasge
    --no-debug         do not enter debugger upon error
    --dumpdata         read source code, dump data if so configured, exit (no init.m2)
    --fullbacktrace    print full backtrace after error
    --no-loaddata      don't try to load the dumpdata file
    --int              don't handle interrupts
    --notify           notify when loading files during initialization
                       and when evaluating command line arguments
    --no-prompts       print no input prompts
    --no-readline      don't use readline
    --no-setup         don't try to load setup.m2 or to loaddata
    --no-personality   don't set the personality and re-exec M2 (linux only)
    --prefix DIR       set prefixDirectory
    --print-width n    set printWidth=n (the default is the window width)
    --restarted        used internally to indicate this is a restart
    --script           as first argument, interpret second argument as name of a script
                       implies --stop, --no-debug, --silent and -q
                       see scriptCommandLine
    --silent           no startup banner
    --stop             exit on error
    --texmacs          TeXmacs session mode
    --version          print version number and exit
    -q                 don't load user's init.m2 file or use packages in home directory
    -E '...'           evaluate expression '...' before initialization
    -e '...'           evaluate expression '...' after initialization
    -x                 example prompts, don't use readline
environment:
    M2ARCH             a hint to find the dumpdata file as
                       bin/../cache/Macaulay2-$M2ARCH-data, where bin is the
                       directory containing the Macaulay2 executable
    EDITOR             default text editor
    LOADDATA_IGNORE_CHECKSUMS	   (for debugging)

i2 : 
0.77user 0.09system 0:00.87elapsed 100%CPU (0avgtext+0avgdata 0maxresident)k
0inputs+0outputs (0major+12856minor)pagefaults 0swaps
