-- -*- M2-comint -*- {* hash: -1287976869 *}

i1 : M = coker matrix{{1,2,3}}

o1 = cokernel | 1 2 3 |

                              1
o1 : ZZ-module, quotient of ZZ

i2 : M^3

o2 = cokernel | 1 2 3 0 0 0 0 0 0 |
              | 0 0 0 1 2 3 0 0 0 |
              | 0 0 0 0 0 0 1 2 3 |

                              3
o2 : ZZ-module, quotient of ZZ

i3 : directSum(3:M)

o3 = cokernel | 1 2 3 0 0 0 0 0 0 |
              | 0 0 0 1 2 3 0 0 0 |
              | 0 0 0 0 0 0 1 2 3 |

                              3
o3 : ZZ-module, quotient of ZZ

i4 : 
0.78user 0.03system 0:00.84elapsed 97%CPU (0avgtext+0avgdata 0maxresident)k
0inputs+0outputs (0major+10850minor)pagefaults 0swaps
