-- -*- M2-comint -*- {* hash: 527330784 *}

i1 : f = newNetFile()

o1 = <<a netfile>>

o1 : NetFile

i2 : f << "aabbcc" << endl

o2 = <<a netfile>>

o2 : NetFile

i3 : f << "aa" << "bb"^1 << "cc"^-1 << endl

o3 = <<a netfile>>

o3 : NetFile

i4 : f << "aa" << "bb"^1 << "cc"^-1 << endl

o4 = <<a netfile>>

o4 : NetFile

i5 : getNetFile f

                bb      bb
o5 = (aabbcc, aa    , aa    )
                  cc      cc

o5 : Sequence

i6 : peek oo

                +------+  +------+
      +------+  |  bb  |  |  bb  |
o6 = (|aabbcc|, |aa    |, |aa    |)
      +------+  |    cc|  |    cc|
                +------+  +------+

i7 : class \ ooo

o7 = (Net, Net, Net)

o7 : Sequence

i8 : 
0.78user 0.09system 0:00.88elapsed 99%CPU (0avgtext+0avgdata 0maxresident)k
0inputs+0outputs (0major+10850minor)pagefaults 0swaps
