-- -*- M2-comint -*- {* hash: -1879009516 *}

i1 : 2+2

o1 = 4

i2 : "asdf" | "qwer"

o2 = asdfqwer

i3 : value \ values OutputDictionary

o3 = {4, asdfqwer}

o3 : List

i4 : dictionaryPath

o4 = {Elimination.Dictionary, LLLBases.Dictionary,
     ------------------------------------------------------------------------
     IntegralClosure.Dictionary, PrimaryDecomposition.Dictionary,
     ------------------------------------------------------------------------
     Classic.Dictionary, SchurRings.Dictionary, TangentCone.Dictionary,
     ------------------------------------------------------------------------
     Parsing.Dictionary, User#"private dictionary", Core.Dictionary,
     ------------------------------------------------------------------------
     OutputDictionary, PackageDictionary}

o4 : List

i5 : peek OutputDictionary

o5 = Dictionary{"o1" => o1}
                "o2" => o2
                "o3" => o3
                "o4" => o4

i6 : 
0.79user 0.07system 0:00.87elapsed 99%CPU (0avgtext+0avgdata 0maxresident)k
0inputs+0outputs (0major+10845minor)pagefaults 0swaps
