-- -*- M2-comint -*- {* hash: 721036081 *}

i1 : R = QQ[x,y,dx,dy,t,WeylAlgebra => {x=>dx, y=>dy}]

o1 = R

o1 : PolynomialRing

i2 : dx*dy*x*y

o2 = x*y*dx*dy + x*dx + y*dy + 1

o2 : R

i3 : dx*x^5

      5       4
o3 = x dx + 5x

o3 : R

i4 : dx*x

o4 = x*dx + 1

o4 : R

i5 : matrix{{dx}} * matrix{{x}}

o5 = | xdx |

             1       1
o5 : Matrix R  <--- R

i6 : 
0.78user 0.06system 0:00.85elapsed 99%CPU (0avgtext+0avgdata 0maxresident)k
0inputs+0outputs (0major+10843minor)pagefaults 0swaps
