-- -*- M2-comint -*- {* hash: 1715381883 *}

i1 : R = QQ[x_1 .. x_12];

i2 : f = genericMatrix(R,6,2)

o2 = | x_1 x_7  |
     | x_2 x_8  |
     | x_3 x_9  |
     | x_4 x_10 |
     | x_5 x_11 |
     | x_6 x_12 |

             6       2
o2 : Matrix R  <--- R

i3 : g = adjoint1(f,R^2,R^3)

o3 = | x_1 x_4 x_7 x_10 |
     | x_2 x_5 x_8 x_11 |
     | x_3 x_6 x_9 x_12 |

             3       4
o3 : Matrix R  <--- R

i4 : isHomogeneous g

o4 = true

i5 : 
0.80user 0.03system 0:00.85elapsed 99%CPU (0avgtext+0avgdata 0maxresident)k
0inputs+0outputs (0major+10829minor)pagefaults 0swaps
