-- -*- M2-comint -*- {* hash: -749866639 *}

i1 : R = QQ[x_1 .. x_12];

i2 : f = genericMatrix(R,2,6)

o2 = | x_1 x_3 x_5 x_7 x_9  x_11 |
     | x_2 x_4 x_6 x_8 x_10 x_12 |

             2       6
o2 : Matrix R  <--- R

i3 : g = adjoint(f,R^2,R^{-1,-1,-1})

o3 = {-1} | x_1 x_7  |
     {-1} | x_2 x_8  |
     {-1} | x_3 x_9  |
     {-1} | x_4 x_10 |
     {-1} | x_5 x_11 |
     {-1} | x_6 x_12 |

             6       2
o3 : Matrix R  <--- R

i4 : isHomogeneous g

o4 = true

i5 : 
0.83user 0.02system 0:01.01elapsed 84%CPU (0avgtext+0avgdata 0maxresident)k
0inputs+0outputs (0major+10844minor)pagefaults 0swaps
