-- -*- M2-comint -*- {* hash: -2107523799 *}

i1 : R = QQ[a..f];

i2 : g = matrix{{a,b},{c,d},{e,f}}

o2 = | a b |
     | c d |
     | e f |

             3       2
o2 : Matrix R  <--- R

i3 : M = subquotient(g,matrix{{b},{c},{d}})

o3 = subquotient (| a b |, | b |)
                  | c d |  | c |
                  | e f |  | d |

                               3
o3 : R-module, subquotient of R

i4 : cover M

      2
o4 = R

o4 : R-module, free, degrees {1, 1}

i5 : cover M == source generators M

o5 = true

i6 : 
0.79user 0.03system 0:00.90elapsed 92%CPU (0avgtext+0avgdata 0maxresident)k
0inputs+0outputs (0major+10844minor)pagefaults 0swaps
