-- -*- M2-comint -*- {* hash: -145397826 *}

i1 : R = QQ[a,b,c][x,y,z]

o1 = R

o1 : PolynomialRing

i2 : m = transpose vars R

o2 = {-1} | x |
     {-1} | y |
     {-1} | z |

             3       1
o2 : Matrix R  <--- R

i3 : n = matrix{{x^2-a*y^3, x^3-z^2*y, x*y-b, x*z-c}}

o3 = | -y3a+x2 x3-yz2 xy-b xz-c |

             1       4
o3 : Matrix R  <--- R

i4 : diff(m,n)

o4 = {1} | 2x    3x2  y z |
     {1} | -3y2a -z2  x 0 |
     {1} | 0     -2yz 0 x |

             3       4
o4 : Matrix R  <--- R

i5 : 
0.79user 0.06system 0:00.87elapsed 98%CPU (0avgtext+0avgdata 0maxresident)k
0inputs+0outputs (0major+10847minor)pagefaults 0swaps
