-- -*- M2-comint -*- {* hash: 880618216 *}

i1 : R = ZZ[vars(0..19)]

o1 = R

o1 : PolynomialRing

i2 : ff = genericMatrix(R,4,5)

o2 = | a e i m q |
     | b f j n r |
     | c g k o s |
     | d h l p t |

             4       5
o2 : Matrix R  <--- R

i3 : exteriorPower (2,ff)

o3 = | -be+af -bi+aj -fi+ej -bm+an -fm+en -jm+in -bq+ar -fq+er -jq+ir -nq+mr
     | -ce+ag -ci+ak -gi+ek -cm+ao -gm+eo -km+io -cq+as -gq+es -kq+is -oq+ms
     | -cf+bg -cj+bk -gj+fk -cn+bo -gn+fo -kn+jo -cr+bs -gr+fs -kr+js -or+ns
     | -de+ah -di+al -hi+el -dm+ap -hm+ep -lm+ip -dq+at -hq+et -lq+it -pq+mt
     | -df+bh -dj+bl -hj+fl -dn+bp -hn+fp -ln+jp -dr+bt -hr+ft -lr+jt -pr+nt
     | -dg+ch -dk+cl -hk+gl -do+cp -ho+gp -lo+kp -ds+ct -hs+gt -ls+kt -ps+ot
     ------------------------------------------------------------------------
     |
     |
     |
     |
     |
     |

             6       10
o3 : Matrix R  <--- R

i4 : 
0.77user 0.09system 0:00.86elapsed 99%CPU (0avgtext+0avgdata 0maxresident)k
0inputs+0outputs (0major+10845minor)pagefaults 0swaps
