-- -*- M2-comint -*- {* hash: 794224043 *}

i1 : R = ZZ/2[x,y]

o1 = R

o1 : PolynomialRing

i2 : exteriorPower(3,R^6)

      20
o2 = R

o2 : R-module, free

i3 : binomial(6,3)

o3 = 20

i4 : exteriorPower(2,R^1)

o4 = 0

o4 : R-module

i5 : I = module ideal (x,y)

o5 = image | x y |

                             1
o5 : R-module, submodule of R

i6 : exteriorPower(2,I)

o6 = cokernel {2} | x y |

                            1
o6 : R-module, quotient of R

i7 : 
0.74user 0.04system 0:00.79elapsed 100%CPU (0avgtext+0avgdata 0maxresident)k
0inputs+0outputs (0major+10815minor)pagefaults 0swaps
