-- -*- M2-comint -*- {* hash: -429746719 *}

i1 : R = QQ[x,y]

o1 = R

o1 : PolynomialRing

i2 : S = QQ[s,t,u]

o2 = S

o2 : PolynomialRing

i3 : f = map(R,S,{x^2,x*y,y^2})

               2        2
o3 = map(R,S,{x , x*y, y })

o3 : RingMap R <--- S

i4 : graphRing f

           QQ [p , p , p , p , p ]
                0   1   2   3   4
o4 = -----------------------------------
         2                       2
     (- p  + p , - p p  + p , - p  + p )
         0    2     0 1    3     1    4

o4 : QuotientRing

i5 : Spec oo

         /      QQ [p , p , p , p , p ]      \
         |           0   1   2   3   4       |
o5 = Spec|-----------------------------------|
         |    2                       2      |
         |(- p  + p , - p p  + p , - p  + p )|
         \    0    2     0 1    3     1    4 /

o5 : AffineVariety

i6 : 
0.79user 0.02system 0:00.81elapsed 100%CPU (0avgtext+0avgdata 0maxresident)k
0inputs+0outputs (0major+10844minor)pagefaults 0swaps
