-- -*- M2-comint -*- {* hash: -485023383 *}

i1 : R = QQ[a..d];

i2 : I = monomialCurveIdeal(R, {1,3,4});

o2 : Ideal of R

i3 : h = hilbertPolynomial I

o3 = - 3*P  + 4*P
          0      1

o3 : ProjectiveHilbertPolynomial

i4 : hilbertPolynomial (R/I)

o4 = - 3*P  + 4*P
          0      1

o4 : ProjectiveHilbertPolynomial

i5 : hilbertPolynomial(I, Projective=>false)

o5 = 4i + 1

o5 : QQ [i]

i6 : apply(5, k-> h(k))

o6 = {1, 5, 9, 13, 17}

o6 : List

i7 : apply(5, k-> hilbertFunction(k,I))

o7 = {1, 4, 9, 13, 17}

o7 : List

i8 : 
0.79user 0.03system 0:00.82elapsed 99%CPU (0avgtext+0avgdata 0maxresident)k
0inputs+0outputs (0major+10844minor)pagefaults 0swaps
