-- -*- M2-comint -*- {* hash: -1409033168 *}

i1 : R = QQ[x,y,z]/(y^2-x^3-x^7);

i2 : jacobian R

o2 = {1} | -7x6-3x2 |
     {1} | 2y       |
     {1} | 0        |

             3       1
o2 : Matrix R  <--- R

i3 : A = ZZ[a,b,c]/(a^2+b^2+c^2);

i4 : R = A[x,y,z]/(a*x+b*y+c*z-1)

o4 = R

o4 : QuotientRing

i5 : jacobian R

o5 = {1} | a |
     {1} | b |
     {1} | c |

             3       1
o5 : Matrix R  <--- R

i6 : 
0.76user 0.06system 0:00.82elapsed 100%CPU (0avgtext+0avgdata 0maxresident)k
0inputs+0outputs (0major+10844minor)pagefaults 0swaps
