-- -*- M2-comint -*- {* hash: 488680150 *}

i1 : f := x -> y -> z -> 11;

i2 : d := localDictionaries ((f 22) 33)

o2 = {LocalDictionary{...1...}, LocalDictionary{...1...},
     ------------------------------------------------------------------------
     LocalDictionary{...2...}}

o2 : List

i3 : peek d

o3 = {Dictionary{"y" => y}, Dictionary{"x" => x}, Dictionary{"d" => d}}
                                                             "f" => f

i4 : d#0#"y"

o4 = y

o4 : Symbol

i5 : value d#0#"y"

o5 = 33

i6 : peek localDictionaries()

o6 = {Dictionary{"d" => d}}
                 "f" => f

i7 : 
0.80user 0.03system 0:00.86elapsed 96%CPU (0avgtext+0avgdata 0maxresident)k
0inputs+0outputs (0major+10830minor)pagefaults 0swaps
