-- -*- M2-comint -*- {* hash: 165141580 *}

i1 : f = x -> {class x, if class x === Sequence then #x};

i2 : f()

o2 = {Sequence, 0}

o2 : List

i3 : f(3)

o3 = {ZZ, }

o3 : List

i4 : f(3,4)

o4 = {Sequence, 2}

o4 : List

i5 : f(3,4,5)

o5 = {Sequence, 3}

o5 : List

i6 : f = x -> (
          x = sequence x;
          {class x, #x});
--warning: f redefined

i7 : f()

o7 = {Sequence, 0}

o7 : List

i8 : f(3)

o8 = {Sequence, 1}

o8 : List

i9 : f(3,4)

o9 = {Sequence, 2}

o9 : List

i10 : f(3,4,5)

o10 = {Sequence, 3}

o10 : List

i11 : ((x) -> x) 3

o11 = 3

i12 : 1 : 3

o12 = 1 : (3)

o12 : Sequence

i13 : ((x) -> x) oo

o13 = 3

i14 : 
0.78user 0.06system 0:00.84elapsed 100%CPU (0avgtext+0avgdata 0maxresident)k
0inputs+0outputs (0major+10845minor)pagefaults 0swaps
