-- -*- M2-comint -*- {* hash: -1419119935 *}

i1 : R = QQ[x,y,z];

i2 : S = QQ[t,u];

i3 : f = map(S,R,{t^2,t*u,u^2},DegreeMap => i -> 2*i)

               2        2
o3 = map(S,R,{t , t*u, u })

o3 : RingMap S <--- R

i4 : isHomogeneous f

o4 = true

i5 : M = R^{1,2}

      2
o5 = R

o5 : R-module, free, degrees {-1, -2}

i6 : f M

      2
o6 = S

o6 : S-module, free, degrees {-2, -4}

i7 : f ** M

      2
o7 = S

o7 : S-module, free, degrees {-2, -4}

i8 : 
0.76user 0.04system 0:00.80elapsed 100%CPU (0avgtext+0avgdata 0maxresident)k
0inputs+0outputs (0major+10841minor)pagefaults 0swaps
