-- -*- M2-comint -*- {* hash: -1429160425 *}

i1 : R = ZZ/101[x,y,z];

i2 : f = vars R

o2 = | x y z |

             1       3
o2 : Matrix R  <--- R

i3 : M = R^4

      4
o3 = R

o3 : R-module, free

i4 : M^{0,1}

o4 = | 1 0 0 0 |
     | 0 1 0 0 |

             2       4
o4 : Matrix R  <--- R

i5 : M_{2,3}

o5 = | 0 0 |
     | 0 0 |
     | 1 0 |
     | 0 1 |

             4       2
o5 : Matrix R  <--- R

i6 : inducedMap(source f, ker f)

o6 = {1} | -y 0  -z |
     {1} | x  -z 0  |
     {1} | 0  y  x  |

o6 : Matrix

i7 : inducedMap(coker f, target f)

o7 = | 1 |

o7 : Matrix

i8 : 
0.78user 0.02system 0:00.81elapsed 99%CPU (0avgtext+0avgdata 0maxresident)k
0inputs+0outputs (0major+10843minor)pagefaults 0swaps
