-- -*- M2-comint -*- {* hash: -45625724 *}

i1 : m = mutableMatrix(QQ,10,20)

o1 = 0

o1 : MutableMatrix

i2 : m_(5,5) = 11/13

     11
o2 = --
     13

o2 : QQ

i3 : m

o3 = | . . . . . .     . . . . . . . . . . . . . . |
     | . . . . . .     . . . . . . . . . . . . . . |
     | . . . . . .     . . . . . . . . . . . . . . |
     | . . . . . .     . . . . . . . . . . . . . . |
     | . . . . . .     . . . . . . . . . . . . . . |
     | . . . . . 11/13 . . . . . . . . . . . . . . |
     | . . . . . .     . . . . . . . . . . . . . . |
     | . . . . . .     . . . . . . . . . . . . . . |
     | . . . . . .     . . . . . . . . . . . . . . |
     | . . . . . .     . . . . . . . . . . . . . . |

o3 : MutableMatrix

i4 : 
0.78user 0.02system 0:00.82elapsed 99%CPU (0avgtext+0avgdata 0maxresident)k
0inputs+0outputs (0major+10843minor)pagefaults 0swaps
