-- -*- M2-comint -*- {* hash: -1341398887 *}

i1 : m = mutableIdentity(QQ,10)

o1 = | 1 . . . . . . . . . |
     | . 1 . . . . . . . . |
     | . . 1 . . . . . . . |
     | . . . 1 . . . . . . |
     | . . . . 1 . . . . . |
     | . . . . . 1 . . . . |
     | . . . . . . 1 . . . |
     | . . . . . . . 1 . . |
     | . . . . . . . . 1 . |
     | . . . . . . . . . 1 |

o1 : MutableMatrix

i2 : m_(5,5) = 11/13

     11
o2 = --
     13

o2 : QQ

i3 : m

o3 = | 1 . . . . .     . . . . |
     | . 1 . . . .     . . . . |
     | . . 1 . . .     . . . . |
     | . . . 1 . .     . . . . |
     | . . . . 1 .     . . . . |
     | . . . . . 11/13 . . . . |
     | . . . . . .     1 . . . |
     | . . . . . .     . 1 . . |
     | . . . . . .     . . 1 . |
     | . . . . . .     . . . 1 |

o3 : MutableMatrix

i4 : 
0.79user 0.02system 0:00.81elapsed 99%CPU (0avgtext+0avgdata 0maxresident)k
0inputs+0outputs (0major+10843minor)pagefaults 0swaps
