-- -*- M2-comint -*- {* hash: -691764226 *}

i1 : C = new ChainComplex;

i2 : C.ring = ZZ;

i3 : C#2 = ZZ^1;

i4 : C#3 = ZZ^2;

i5 : C.dd#3 = matrix {{3,-11}};

              1        2
o5 : Matrix ZZ  <--- ZZ

i6 : C

       1       2
o6 = ZZ  <-- ZZ
              
     2       3

o6 : ChainComplex

i7 : C.dd

           1                  2
o7 = 2 : ZZ  <------------- ZZ  : 3
                | 3 -11 |

o7 : ChainComplexMap

i8 : 
0.78user 0.03system 0:00.81elapsed 99%CPU (0avgtext+0avgdata 0maxresident)k
0inputs+0outputs (0major+10842minor)pagefaults 0swaps
