-- -*- M2-comint -*- {* hash: 765613623 *}

i1 : s = factor 112

      4
o1 = 2 7

o1 : Expression of class Product

i2 : peek s

              4
o2 = Product{2 , 7}

i3 : peek'_2 s

o3 = Product{Power{2, 4}, Power{7, 1}}

i4 : wrap_80 peek help resolution

o4 = DIV{HEADER1{"resolution", " -- ", "projective resolution"},
     DIV1{HEADER2{"Synopsis"}, UL{LI{DIV1{TO2{Macaulay2Doc :: using functions with
     optional inputs, "Optional inputs"}, ":", UL{LI{SPAN{TO2{Macaulay2Doc ::
     resolution(..., DegreeLimit => ...), "DegreeLimit => ..."}, ", ",
     LATER{{*Function[../../../../../Macaulay2/m2/document.m2:880:31-880:59]*}}}},
     LI{SPAN{TO2{Macaulay2Doc :: resolution(..., HardDegreeLimit => ...),
     "HardDegreeLimit => ..."}, ", ",
     LATER{{*Function[../../../../../Macaulay2/m2/document.m2:880:31-880:59]*}}}},
     LI{SPAN{TO2{Macaulay2Doc :: resolution(..., LengthLimit => ...), "LengthLimit =>
     ..."}, ", ", LATER{{*Function[../../../../../Macaulay2/m2/document.m2:880:31-880
     :59]*}}}}, LI{SPAN{TO2{Macaulay2Doc :: resolution(..., PairLimit => ...),
     "PairLimit => ..."}, ", ",
     LATER{{*Function[../../../../../Macaulay2/m2/document.m2:880:31-880:59]*}}}},
     LI{SPAN{TO2{Macaulay2Doc :: resolution(..., SortStrategy => ...), "SortStrategy
     => ..."}, ", ", LATER{{*Function[../../../../../Macaulay2/m2/document.m2:880:31-
     880:59]*}}}}, LI{SPAN{TO2{Macaulay2Doc :: resolution(..., StopBeforeComputation
     => ...), "StopBeforeComputation => ..."}, ", ",
     LATER{{*Function[../../../../../Macaulay2/m2/document.m2:880:31-880:59]*}}}},
     LI{SPAN{TO2{Macaulay2Doc :: resolution(..., Strategy => ...), "Strategy =>
     ..."}, ", ", LATER{{*Function[../../../../../Macaulay2/m2/document.m2:880:31-880
     :59]*}}}}, LI{SPAN{TO2{Macaulay2Doc :: resolution(..., SyzygyLimit => ...),
     "SyzygyLimit => ..."}, ", ",
     LATER{{*Function[../../../../../Macaulay2/m2/document.m2:880:31-880:59
     ]*}}}}}}}}}, DIV{COMMENT{"file://",
     "/home/dan/src/M2/1.1/Macaulay2/packages/Macaulay2Doc/./doc10.m2", ":", "29"}},
     DIV{class => waystouse, HEADER2{"Ways to use ", TT{"resolution"}, " :"},
     UL{LI{TOH{Macaulay2Doc :: resolution(Ideal)}},
     LI{SPAN{"resolution(MonomialIdeal)", ", see ", TOH{Macaulay2Doc ::
     resolution(Ideal)}}}, LI{TOH{Macaulay2Doc :: resolution(Matrix)}},
     LI{TOH{Macaulay2Doc :: resolution(Module)}}}}}

i5 : 
5.28user 0.10system 0:05.47elapsed 98%CPU (0avgtext+0avgdata 0maxresident)k
0inputs+0outputs (0major+19616minor)pagefaults 0swaps
