-- -*- M2-comint -*- {* hash: 2075721861 *}

i1 : R = ZZ/101[a..d];

i2 : I = ideal(a*b-c*d, (a*c-b*d)^2);

o2 : Ideal of R

i3 : primaryDecomposition I

              2                   2                             2         
o3 = {ideal (d , a*d, a*b - c*d, a ), ideal (a*c + b*d + 2c*d, b  + 2b*c +
     ------------------------------------------------------------------------
      2              2           2           2        2                   
     c , a*b - c*d, a  + 2a*d + d ), ideal (c , b*c, b , a*b - c*d), ideal
     ------------------------------------------------------------------------
                         2           2              2           2
     (a*c + b*d - 2c*d, b  - 2b*c + c , a*b - c*d, a  - 2a*d + d )}

o3 : List

i4 : primaryDecomposition(I, Strategy => EisenbudHunekeVasconcelos)

              2                   2                             2         
o4 = {ideal (d , a*d, a*b - c*d, a ), ideal (a*c + b*d + 2c*d, b  + 2b*c +
     ------------------------------------------------------------------------
      2              2           2           2        2                   
     c , a*b - c*d, a  + 2a*d + d ), ideal (c , b*c, b , a*b - c*d), ideal
     ------------------------------------------------------------------------
                         2           2              2           2
     (a*c + b*d - 2c*d, b  - 2b*c + c , a*b - c*d, a  - 2a*d + d )}

o4 : List

i5 : 
1.38user 0.06system 0:01.44elapsed 100%CPU (0avgtext+0avgdata 0maxresident)k
0inputs+0outputs (0major+15847minor)pagefaults 0swaps
