-- -*- M2-comint -*- {* hash: -2016838134 *}

i1 : R = ZZ[a..d]

o1 = R

o1 : PolynomialRing

i2 : I = ideal(a,b,c,d)

o2 = ideal (a, b, c, d)

o2 : Ideal of R

i3 : C = res I

      1      4      6      4      1
o3 = R  <-- R  <-- R  <-- R  <-- R  <-- 0
                                         
     0      1      2      3      4      5

o3 : ChainComplex

i4 : C_2

      6
o4 = R

o4 : R-module, free, degrees {2, 2, 2, 2, 2, 2}

i5 : C.dd_2

o5 = {1} | -b 0  -c 0  0  -d |
     {1} | a  -c 0  0  -d 0  |
     {1} | 0  b  a  -d 0  0  |
     {1} | 0  0  0  c  b  a  |

             4       6
o5 : Matrix R  <--- R

i6 : 
0.76user 0.08system 0:00.86elapsed 98%CPU (0avgtext+0avgdata 0maxresident)k
0inputs+0outputs (0major+10844minor)pagefaults 0swaps
