-- -*- M2-comint -*- {* hash: 683066853 *}

i1 : showClassStructure

o1 = Type : AffineVariety
            Array
            AssociativeExpression
            BasicList
            BettiTally
            Boolean : false
                      true
            CacheFunction
            CacheTable
            ChainComplex
            ChainComplexMap
            CoherentSheaf
            CompiledFunction : abs
                               acos
                               agm
                               alarm
                               ancestor
                               any
                               append
                               apply
                               applyKeys
                               applyPairs
                               applyValues
                               ascii
                               asin
                               atan
                               atan2
                               atEndOfFile
                               BesselJ
                               BesselY
                               characters
                               class
                               clearEcho
                               collectGarbage
                               combine
                               commandInterpreter
                               concatenate
                               connectionCount
                               copy
                               cos
                               cosh
                               cot
                               coth
                               cpuTime
                               csc
                               csch
                               currentLineNumber
                               currentTime
                               deepSplice
                               denominator
                               difference
                               disassemble
                               drop
                               dumpdata
                               echoOff
                               echoOn
                               eint
                               erase
                               erf
                               erfc
                               exec
                               exp
                               expm1
                               fileExists
                               fileLength
                               fileMode
                               fileTime
                               firstkey
                               flagLookup
                               flatten
                               floor
                               fork
                               format
                               frames
                               functionBody
                               Gamma
                               get
                               getc
                               getenv
                               getGlobalSymbol
                               getNetFile
                               hash
                               hashTable
                               horizontalJoin
                               identity
                               imaginaryPart
                               installMethod
                               instance
                               isANumber
                               isDirectory
                               isFinite
                               isGlobalSymbol
                               isInfinite
                               isInputFile
                               isListener
                               isOpen
                               isOutputFile
                               isReady
                               isRegularFile
                               join
                               keys
                               kill
                               linkFile
                               loaddata
                               localDictionaries
                               locate
                               log
                               log1p
                               lookup
                               lookupCount
                               merge
                               mergePairs
                               mingle
                               minimizeFilename
                               minus
                               mkdir
                               mutable
                               newClass
                               newNetFile
                               nextkey
                               numerator
                               openDatabase
                               openDatabaseOut
                               openFiles
                               openIn
                               openInOut
                               openListener
                               openOut
                               openOutAppend
                               override
                               pack
                               pairs
                               parent
                               plus
                               power
                               powermod
                               prepend
                               printString
                               processID
                               protect
                               pseudocode
                               read
                               readDirectory
                               readlink
                               realPart
                               realpath
                               recursionDepth
                               regex
                               registerFinalizer
                               relativizeFilename
                               remove
                               removeDirectory
                               removeFile
                               reorganize
                               replace
                               reverse
                               run
                               scan
                               scanPairs
                               sec
                               sech
                               select
                               separate
                               sequence
                               set
                               setEcho
                               sin
                               sinh
                               size2
                               sleep
                               splice
                               sqrt
                               stack
                               substring
                               symlinkFile
                               take
                               tally
                               tan
                               tanh
                               times
                               toCC
                               toList
                               toRR
                               toSequence
                               uncurry
                               unsequence
                               unstack
                               utf8
                               values
                               wait
                               wrap
                               xor
                               youngest
                               zeta
            CompiledFunctionBody
            CompiledFunctionClosure : chainComplex
                                      code
                                      commonest
                                      directSum
                                      EXAMPLE
                                      export
                                      exportMutable
                                      expression
                                      flatten
                                      gcd
                                      gradedModule
                                      gradedModuleMap
                                      hold
                                      html
                                      hypertext
                                      ideal
                                      info
                                      intersect
                                      makePackageIndex
                                      mathML
                                      max
                                      maxPosition
                                      methods
                                      min
                                      minPosition
                                      monomialIdeal
                                      net
                                      options
                                      pretty
                                      tex
                                      texMath
                                      toExternalString
                                      toString
                                      transpose
                                      undocumented
                                      unique
                                      vars
            ComplexField
            Constant : EulerConstant
                       ii
                       pi
            Database
            Descent
            Dictionary
            DocumentTag
            EngineRing
            Expression
            File : stderr
                   stdio
            FilePosition
            ForestNode
            FractionField
            Function
            FunctionBody
            FunctionClosure : addEndFunction
                              addStartFunction
                              ancestors
                              andP
                              applicationDirectory
                              applicationDirectorySuffix
                              applyTable
                              assert
                              assign
                              baseFilename
                              beginDocumentation
                              benchmark
                              cacheValue
                              ceiling
                              centerString
                              columnate
                              constParser
                              delete
                              demark
                              elapsedTime
                              End
                              error
                              evaluate
                              even
                              examples
                              exit
                              first
                              fromDual
                              futureParser
                              getNonUnit
                              getSymbol
                              globalAssign
                              globalAssignFunction
                              globalAssignment
                              globalReleaseFunction
                              infoHelp
                              input
                              integrate
                              isPrimitive
                              isTable
                              jacobiTrudi
                              last
                              lines
                              load
                              makeDocumentTag
                              method
                              minprimes
                              mod
                              monoid
                              monomialCurve
                              monomialCurveIdeal
                              mutableZero
                              needs
                              netRows
                              notImplemented
                              number
                              Numeric
                              odd
                              on
                              optP
                              orP
                              pager
                              peek
                              print
                              quote
                              same
                              seeParsing
                              seq
                              showHtml
                              stashValue
                              submodule
                              subtable
                              symmRing
                              synonym
                              SYNOPSIS
                              syzygyScheme
                              table
                              temporaryFileName
                              terminalParser
                              toAbsolutePath
                              toDual
                              toE
                              toLower
                              toP
                              toS
                              toUpper
                              tutorial
                              uniform
                              unlist
                              userSymbols
                              vector
                              verticalJoin
                              zero
            GaloisField
            GeneralOrderedMonoid
            GlobalDictionary : OutputDictionary
                               PackageDictionary
            GradedModule
            GradedModuleMap
            GroebnerBasis
            GroebnerBasisOptions
            HashTable : LAYOUT
                        operatorAttributes
                        version
            HeaderType : Adjacent
                         BinaryOperation
                         Divide
                         Equation
                         FunctionApplication
                         MatrixExpression
                         Power
                         RowExpression
                         SparseMonomialVectorExpression
                         SparseVectorExpression
                         Subscript
                         Superscript
                         Table
            Hypertext
            HypertextContainer
            HypertextParagraph
            Ideal
            ImmutableType
            IndeterminateNumber : indeterminate
            IndexedVariable
            IndexedVariableTable
            InexactField
            InexactFieldFamily : CC
                                 RR
            InexactNumber
            InexactNumber
                         *
            InfiniteNumber : infinity
            IntermediateMarkUpType : HREF
                                     LATER
                                     LITERAL
                                     MENU
                                     TO
                                     TO2
                                     TOH
            Keyword
            List : commandLine
                   environment
            LocalDictionary
            Manipulator : close
                          closeIn
                          closeOut
                          endl
                          flush
            MarkUpType : BLOCKQUOTE
                         BODY
                         BOLD
                         BR
                         CDATA
                         CODE
                         COMMENT
                         EM
                         ExampleItem
                         HEAD
                         HEADER1
                         HEADER2
                         HEADER3
                         HEADER4
                         HEADER5
                         HEADER6
                         HR
                         HTML
                         ITALIC
                         LI
                         PARA
                         PRE
                         SMALL
                         STRONG
                         SUB
                         SUP
                         TEX
                         TITLE
                         TR
                         TT
                         UL
            MarkUpTypeWithOptions : ANCHOR
                                    DD
                                    DIV
                                    DIV1
                                    DL
                                    DT
                                    IMG
                                    LABEL
                                    LINK
                                    META
                                    SPAN
                                    STYLE
                                    TABLE
                                    TD
            Matrix
            MethodFunction : accumulate
                             acosh
                             acot
                             addHook
                             adjoint
                             adjoint1
                             all
                             ambient
                             apropos
                             asinh
                             autoload
                             baseName
                             between
                             binomial
                             borel
                             capture
                             char
                             check
                             clean
                             coefficient
                             coefficientRing
                             coimage
                             cokernel
                             columnAdd
                             columnMult
                             columnPermute
                             columnSwap
                             commonRing
                             comodule
                             complement
                             complete
                             components
                             compositions
                             compress
                             conductor
                             cone
                             conjugate
                             content
                             contract
                             contract'
                             cover
                             coverMap
                             debug
                             default
                             degree
                             degreeLength
                             degrees
                             degreesMonoid
                             degreesRing
                             denominator
                             depth
                             describe
                             diagonalMatrix
                             dictionary
                             diff
                             diff'
                             dim
                             discriminant
                             dismiss
                             divideByVariable
                             dual
                             eagonNorthcott
                             elements
                             eliminate
                             endPackage
                             entries
                             euler
                             eulers
                             exponents
                             Fano
                             findSynonyms
                             fittingIdeal
                             flip
                             fold
                             frac
                             fraction
                             gbRemove
                             gbSnapshot
                             gcdCoefficients
                             genera
                             generateAssertions
                             generator
                             genericMatrix
                             genericSkewMatrix
                             genericSymmetricMatrix
                             genus
                             getChangeMatrix
                             getWWW
                             gram
                             height
                             hilbertFunction
                             Hom
                             homogenize
                             homomorphism
                             httpHeaders
                             ICmap
                             image
                             index
                             indices
                             inducesWellDefinedMap
                             installAssignmentMethod
                             installHilbertFunction
                             instances
                             inverse
                             irreducibleCharacteristicSeries
                             irreducibleDecomposition
                             isAffineRing
                             isBorel
                             isCommutative
                             isConstant
                             isDirectSum
                             isField
                             isFreeModule
                             isHomogeneous
                             isIdeal
                             isInjective
                             isIsomorphism
                             isModule
                             isMonomialIdeal
                             isNormal
                             isPolynomialRing
                             isPrime
                             isQuotientModule
                             isQuotientOf
                             isQuotientRing
                             isReal
                             isRing
                             isSkewCommutative
                             isSquareFree
                             isSubmodule
                             isSubquotient
                             isSubset
                             isSurjective
                             isUnit
                             isWellDefined
                             jacobian
                             koszul
                             leadCoefficient
                             leadComponent
                             leadMonomial
                             leadTerm
                             length
                             liftable
                             listForm
                             listSymbols
                             lngamma
                             LUdecomposition
                             makeDirectory
                             match
                             member
                             memoize
                             methodOptions
                             minimalPrimes
                             module
                             monomialSubideal
                             newCoordinateSystem
                             norm
                             nullhomotopy
                             numColumns
                             numerator
                             numeric
                             numgens
                             numRows
                             ofClass
                             package
                             pad
                             part
                             partition
                             partitions
                             parts
                             pdim
                             peek'
                             permanents
                             permutations
                             pfaffians
                             pivots
                             poincare
                             poincareN
                             poly
                             positions
                             precision
                             preimage
                             presentation
                             product
                             profile
                             Proj
                             projectiveHilbertPolynomial
                             promote
                             pseudoRemainder
                             quotient'
                             quotientRemainder
                             quotientRemainder'
                             rank
                             reduceHilbert
                             relations
                             remainder
                             remainder'
                             removeHook
                             removeLowestDimension
                             reshape
                             resultant
                             ring
                             rotate
                             round
                             rowAdd
                             rowMult
                             rowPermute
                             rowSwap
                             runHooks
                             scanKeys
                             scanLines
                             scanValues
                             schreyerOrder
                             schurRing
                             searchPath
                             selectInSubring
                             separateRegexp
                             setRandomSeed
                             setup
                             setupEmacs
                             sheaf
                             sheafHom
                             show
                             singularLocus
                             size
                             someTerms
                             source
                             Spec
                             standardForm
                             standardPairs
                             sublists
                             submatrix
                             submatrix'
                             subquotient
                             subsets
                             substitute
                             sum
                             super
                             support
                             sylvesterMatrix
                             symmetricPower
                             target
                             tensorAssociativity
                             terms
                             TEST
                             toField
                             topCoefficients
                             topComponents
                             trace
                             truncate
                             truncateOutput
                             ultimate
                             unbag
                             use
                             validate
                             value
                             variety
                             wedgeProduct
                             weightRange
                             width
                             Wikipedia
            MethodFunctionWithOptions : annihilator
                                        associatedPrimes
                                        basis
                                        betti
                                        codim
                                        coefficients
                                        cohomology
                                        copyDirectory
                                        copyFile
                                        cotangentSheaf
                                        determinant
                                        document
                                        eigenvalues
                                        eigenvectors
                                        extend
                                        exteriorPower
                                        factor
                                        fillMatrix
                                        findFiles
                                        flattenRing
                                        forceGB
                                        gb
                                        gcdLLL
                                        generators
                                        getPackage
                                        GF
                                        graphIdeal
                                        graphRing
                                        Grassmannian
                                        hermite
                                        hilbertPolynomial
                                        hilbertSeries
                                        homology
                                        ICfractions
                                        independentSets
                                        inducedMap
                                        installPackage
                                        integralClosure
                                        isLLL
                                        kernel
                                        kernelLLL
                                        lift
                                        LLL
                                        loadPackage
                                        localize
                                        map
                                        markedGB
                                        matrix
                                        mingens
                                        minimalPresentation
                                        minors
                                        modulo
                                        monomials
                                        moveFile
                                        mutableIdentity
                                        mutableMatrix
                                        needsPackage
                                        netList
                                        newPackage
                                        newRing
                                        position
                                        primaryComponent
                                        primaryDecomposition
                                        pushForward
                                        pushForward1
                                        quotient
                                        radical
                                        random
                                        randomMutableMatrix
                                        regularity
                                        resolution
                                        rsort
                                        saturate
                                        Schubert
                                        showTex
                                        smithNormalForm
                                        solve
                                        sort
                                        sortColumns
                                        status
                                        SVD
                                        symlinkDirectory
                                        symmetricAlgebra
                                        syz
                                        tangentCone
                                        tangentSheaf
                                        tensor
                                        trim
                                        uninstallPackage
            Module
            ModuleMap
            Monoid
            MonoidElement
            MonomialIdeal
            MutableHashTable : fileDictionaries
                               globalAssignmentHooks
                               loadedFiles
                               nullaryMethods
                               typicalValues
            MutableList
            MutableMatrix
            Net
            NetFile
            Nothing : null
            Number
            OneExpression
            Option
            OptionTable
            OrderedMonoid
            Package : Classic
                      Core
                      Elimination
                      IntegralClosure
                      LLLBases
                      Parsing
                      PrimaryDecomposition
                      SchurRings
                      TangentCone
                      User
            Partition
            PolynomialRing
            ProjectiveHilbertPolynomial
            ProjectiveVariety
            Pseudocode
            QuotientRing
            RealField
            Resolution
            Ring : QQ
                   ZZ : maxExponent
                        minExponent
                        printingTimeLimit
            RingElement
            RingFamily
            RingMap
            SchurRing
            SchurRingIndexedVariableTable
            ScriptedFunctor : Ext
                              HH
                              hh
                              id
                              OO
                              sheafExt
                              Tor
            SelfInitializingType : Analyzer : charAnalyzer
                                              nonspaceAnalyzer
                                   Bag
                                   Command : clearAll
                                             clearOutput
                                             edit
                                             exit
                                             help
                                             listLocalSymbols
                                             listUserSymbols
                                             profileSummary
                                             quit
                                             restart
                                             showClassStructure
                                             showStructure
                                             showUserStructure
                                             viewHelp
                                   Eliminate
                                   Hybrid
                                   LowerBound
                                   Parser : deadParser
                                            letterParser
                                            NNParser
                                            nullParser
                                            optionalSignParser
                                            QQParser
                                            ZZParser
                                   ProductOrder
                                   PushforwardComputation
                                   URL
                                   VerticalList
            Sequence
            Set
            SheafOfRings
            String : copyright
                     currentDirectory
                     newline
            SumOfTwists
            Symbol
            Tally
            Thing
            Time
            TreeNode
            Variety
            Vector
            VirtualTally
            VisibleList
            WrapperType : Holder
                          Minus
                          NonAssociativeProduct
                          Parenthesize
                          Product
                          Sum
            ZeroExpression

o1 : Descent

i2 : 
0.83user 0.02system 0:00.85elapsed 100%CPU (0avgtext+0avgdata 0maxresident)k
0inputs+0outputs (0major+10847minor)pagefaults 0swaps
