-- -*- M2-comint -*- {* hash: -620447719 *}
--loading configuration for package "Nauty" from file /Users/dan/Library/Application Support/Macaulay2/init-Nauty.m2

i1 : R = QQ[a..e];

i2 : generateRandomGraphs(5, R)

o2 = {Graph{edges => {{a, c}, {a, d}, {b, d}, {c, d}, {c, e}, {d, e}}},
            ring => R                                                  
            vertices => {a, b, c, d, e}                                
     ------------------------------------------------------------------------
     Graph{edges => {{a, d}, {b, d}, {a, e}, {c, e}, {d, e}}},
           ring => R                                          
           vertices => {a, b, c, d, e}                        
     ------------------------------------------------------------------------
     Graph{edges => {{a, c}, {a, d}, {b, d}, {c, d}, {a, e}, {b, e}}},
           ring => R                                                  
           vertices => {a, b, c, d, e}                                
     ------------------------------------------------------------------------
     Graph{edges => {{b, c}, {c, d}, {b, e}}}, Graph{edges => {{a, b}, {b,
           ring => R                                 ring => R
           vertices => {a, b, c, d, e}               vertices => {a, b, c,
     ------------------------------------------------------------------------
     c}, {a, d}, {a, e}, {b, e}, {c, e}, {d, e}}}}

     d, e}

o2 : List

i3 : 
