-- -*- M2-comint -*- {* hash: -706324506 *}

i1 : R=QQ[x,y]

o1 = R

o1 : PolynomialRing

i2 : bWriteInputFile(storeBM2Files,
         AffVariableGroup=>{{x,y}},
         NamePolynomials=>{f1,f2},
         B'Functions=>{{f1,x+y-1},f2=>x^2-2})--f1=x+y+1,f2=x^2-2 is written to the input file

o2 = /var/folders/46/9b86vqxj4hjcngvy7kd7sb140000gn/T/M2-26105-0/0/input

o2 : File

i3 : R=QQ[x,y,A]

o3 = R

o3 : PolynomialRing

i4 : bWriteInputFile(storeBM2Files,
         AffVariableGroup=>{{x,y}},
         B'Functions=>{{A,x^2-1}},--A=x^2-1 is written to the input file
         B'Polynomials=>{A+y,x+y-2})

o4 = /var/folders/46/9b86vqxj4hjcngvy7kd7sb140000gn/T/M2-26105-0/0/input

o4 : File

i5 : 
