-- -*- M2-comint -*- {* hash: 1403958296 *}
/Users/MacMath/Library/Application Support/Macaulay2/local/share/Macaulay2/NAGtypes.m2:635: warning: documentation already provided for 'NAGtypes :: generalEquations'
/Users/MacMath/Library/Application Support/Macaulay2/local/share/Macaulay2/NAGtypes.m2:290: ... here is the (end of the) previous documentation
--loading configuration for package "Bertini" from file /Users/MacMath/Library/Application Support/Macaulay2/init-Bertini.m2

i1 : CC[x,y]; F = {x^2-1,y^2-1};

i3 : bertiniZeroDimSolve(F,RANDOMSEED=>0,TRACKTOLBEFOREEG=>1e-6,FINALTOL=>1e-100)
Temporary directory for input and output files:/tmp/M2-32421-0/0

The version of Bertini you have installed on your computer was used for this run. 
Bertini is under ongoing development by D. Bates, J. Hauenstein, A. Sommese, and C. Wampler.


o3 = {{1, 1}, {1, -1}, {-1, 1}, {-1, -1}}

o3 : List

i4 : opts = new OptionTable from {RANDOMSEED=>0,TRACKTOLBEFOREEG=>1e-6,FINALTOL=>1e-100}

o4 = OptionTable{FINALTOL => 1e-100         }
                 RANDOMSEED => 0
                 TRACKTOLBEFOREEG => .000001

o4 : OptionTable

i5 : bertiniZeroDimSolve(F,opts)
Temporary directory for input and output files:/tmp/M2-32421-0/1

The version of Bertini you have installed on your computer was used for this run. 
Bertini is under ongoing development by D. Bates, J. Hauenstein, A. Sommese, and C. Wampler.


o5 = {{1, 1}, {1, -1}, {-1, 1}, {-1, -1}}

o5 : List

i6 : G = {x^2+y^2-1};

i7 : bertiniPosDimSolve(G,opts)
Temporary directory for input and output files:/tmp/M2-32421-0/2

The version of Bertini you have installed on your computer was used for this run. 
Bertini is under ongoing development by D. Bates, J. Hauenstein, A. Sommese, and C. Wampler.


o7 = A variety of dimension 1 with components in
     dim 1:  [dim=1,deg=2]

o7 : NumericalVariety

i8 : 
