-- -*- M2-comint -*- {* hash: -1189953531 *}

i1 : bWriteInputFile(storeBM2Files,
       AffVariableGroup=>{x,y,z},
       B'Configs=>{{TrackType,1}},
       B'Polynomials=>{"(x^2+y^2+z^2-1)*y"})

o1 = /var/folders/46/9b86vqxj4hjcngvy7kd7sb140000gn/T/M2-25936-0/0/input

o1 : File

i2 : runBertini(storeBM2Files)

i3 : makeSampleSolutionsFile(storeBM2Files,4,SpecifyComponent=>{2,0})--creates a witness point file with 4 sample points for the 0th component in dimension 2.

i4 : theSols=importSolutionsFile(storeBM2Files,NameSolutionsFile=>"sample_solutions_file")

o4 = {{-.0580228+.015171*ii, 1.05397e-21+1.35719e-21*ii, -.701366+.74277*ii},
     ------------------------------------------------------------------------
     {-.0850232-.0634276*ii, 1.11498e-20-4.25219e-21*ii,
     ------------------------------------------------------------------------
     -.659275+.620527*ii}, {.0060334-.00670231*ii,
     ------------------------------------------------------------------------
     1.19049e-21-5.05669e-22*ii, -.669519+.782749*ii}, {-.019227-.0391726*ii,
     ------------------------------------------------------------------------
     -1.34429e-21+2.62662e-22*ii, -.655542+.776338*ii}}

o4 : List

i5 : 
