-- -*- M2-comint -*- {* hash: -1105760492 *}

i1 : bWriteInputFile(storeBM2Files,
       AffVariableGroup=>{x,y,z},
       B'Configs=>{{TrackType,1}},
       B'Polynomials=>{"(x^2+y^2+z^2-1)*y"})

o1 = /var/folders/46/9b86vqxj4hjcngvy7kd7sb140000gn/T/M2-25915-0/0/input

o1 : File

i2 : runBertini(storeBM2Files)

i3 : bWriteWitnessSetFile(storeBM2Files,2)--creats a witness point file for all dimension 2 components and a linear slice file for dimension 2 components.

i4 : L=importSliceFile(storeBM2Files)

o4 = {{{const1_1 ,  1.8691954806981126989381391048611613822056501255378779031
     ------------------------------------------------------------------------
     578617289575480209037514650539517448862864710357703995678434979334080502
     ------------------------------------------------------------------------
     440985910066615475924393970782443801623364806567016875117762793690202580
     ------------------------------------------------------------------------
     637441759169455362122748845315872652384854233294371598346163109832743310
     ------------------------------------------------------------------------
     43811174218274794238846050119422128203e-2-
     ------------------------------------------------------------------------
     3.2706170536039819537521751282833905322344628656747807092739840882093517
     ------------------------------------------------------------------------
     202638254023433044594369204782091639547552676085385274982281896259753416
     ------------------------------------------------------------------------
     142378626608112421439065964629467370771291264760671186191858054124701734
     ------------------------------------------------------------------------
     787502641944687908493123512070961488137639686657201239152482791399153762
     ------------------------------------------------------------------------
     44613988222820636602825e-1*ii}, {const1_2 ,
     ------------------------------------------------------------------------
     5.8271762672539678003640477427301090793612101377712975998557795864749698
     ------------------------------------------------------------------------
     954950755887433097394681594066437922548599245710042364943034899499107973
     ------------------------------------------------------------------------
     208381240353512196013409595605804172098525123920301869735281547823479608
     ------------------------------------------------------------------------
     104048401727038189663708834289760024112298699721020772176077060827103553
     ------------------------------------------------------------------------
     05042465701902140090062e-1+
     ------------------------------------------------------------------------
     5.2866464703991330450298342021617923756363612400860209245592521053157186
     ------------------------------------------------------------------------
     052259437968646236473644132192875217462275157644641969334525659670265758
     ------------------------------------------------------------------------
     917692092912683964464066088560958623310615956012072772806755059229789972
     ------------------------------------------------------------------------
     022186978340843614718376355272408235238618535886593787452184062968369991
     ------------------------------------------------------------------------
     56618946366019364978427e-1*ii}, {const1_3 ,
     ------------------------------------------------------------------------
     9.5214798343490885283746088002017554486694546706181543262855589700175306
     ------------------------------------------------------------------------
     777412157791231945778619459544070596118738961935140478791765939032538527
     ------------------------------------------------------------------------
     252170895974222520732821329926844948113215089645690384414092608996711775
     ------------------------------------------------------------------------
     276184265009202507897923565070967129791870351994827061553433082032940429
     ------------------------------------------------------------------------
     57225281621932465899482e-3+
     ------------------------------------------------------------------------
     7.8364753436837452596393971553016197940284859771642995607109861856334188
     ------------------------------------------------------------------------
     531354324792206931165289644001510988245414713422836959410796226687564217
     ------------------------------------------------------------------------
     163990497633990586661087348484389947144480341281884459496906011269508525
     ------------------------------------------------------------------------
     849642429511872456327107943529594077700196171136638583815430123981124344
     ------------------------------------------------------------------------
     80137588252941246194311e-1*ii}, {const1_4 ,
     ------------------------------------------------------------------------
     2.5389533320342833844092864078243482207276256563819400771936648494753063
     ------------------------------------------------------------------------
     695523029708646350303551497691278238982645540263251299094700533817631934
     ------------------------------------------------------------------------
     690312809308605088315286673616715324684228429620932034324212986168697816
     ------------------------------------------------------------------------
     343121436618595974451721756080571788916200259046929350182576159800784972
     ------------------------------------------------------------------------
     36023993162743047231755e-1-
     ------------------------------------------------------------------------
     2.1842145703141110248854120103790725748257316315875568292031783024443519
     ------------------------------------------------------------------------
     691692617102538272001445279719311810761235208001080147797048960847171118
     ------------------------------------------------------------------------
     827092004406918041694699023889612090338118038617195096109627146115937805
     ------------------------------------------------------------------------
     135067784764945986876135334726377654655287893595171749605157758731735700
     ------------------------------------------------------------------------
     99967528759578481687702e-1*ii}, {const2_1 ,
     ------------------------------------------------------------------------
     1.3724347986712042616711577782770465256846835637163288459635721785451408
     ------------------------------------------------------------------------
     885572672753596142334831834973772151084638256102146074993760032814881632
     ------------------------------------------------------------------------
     532470567964467301226953020560635968163517899886581072914322502899829025
     ------------------------------------------------------------------------
     342812795985990359530552753428780692869959580133800255225936440131856776
     ------------------------------------------------------------------------
     15105285500080834297509+
     ------------------------------------------------------------------------
     3.2932884696859307549729644355522968328133209387277531670115768791757640
     ------------------------------------------------------------------------
     426438186519462028254452661126122681914637603466188842432080825568966245
     ------------------------------------------------------------------------
     473931703835880075137831653097721076143963599478185667311491508708461700
     ------------------------------------------------------------------------
     947474108112458345149205867914575384481395366506328056452548363425662865
     ------------------------------------------------------------------------
     92167457494218406973449e-1*ii}, {const2_2 ,
     ------------------------------------------------------------------------
     4.6583407163599143405419215066477569631952367633472039185595678676394168
     ------------------------------------------------------------------------
     588446029540874601526238829438280815345727950812259551631815010435000025
     ------------------------------------------------------------------------
     435413878308263858823301865815129703267644346137202232076354659583537859
     ------------------------------------------------------------------------
     878339345579731510358943378472785519522702070534021795916233083689998279
     ------------------------------------------------------------------------
     22445169430035062635426e-1-
     ------------------------------------------------------------------------
     3.5824668937172817588346096825268503561397795393106121217858446727945753
     ------------------------------------------------------------------------
     077697118239824209559854176251479766808001400970949856694194894735051164
     ------------------------------------------------------------------------
     612536608263481733897868890785151265159667693943715109759688874302947111
     ------------------------------------------------------------------------
     025517576568086027643952520049110174352004330028191003933144436912711116
     ------------------------------------------------------------------------
     97076860180781815085306e-1*ii}, {const2_3 ,
     ------------------------------------------------------------------------
     5.8907104556195715691529348549185737914014525206859300192564002693911425
     ------------------------------------------------------------------------
     929800537291271845677467197256186889277773838898231640586148630817668994
     ------------------------------------------------------------------------
     701292280229852272493219178219147686844024775753232388094499093504062079
     ------------------------------------------------------------------------
     928639178883366758375996519128552095295139552973941862175013293747839407
     ------------------------------------------------------------------------
     26075964651988303220238e-1+
     ------------------------------------------------------------------------
     1.1811331511420961535688708034528757748920335081497897134171594145139927
     ------------------------------------------------------------------------
     006482963065211893534857562016399150857283105981720790562056193346326691
     ------------------------------------------------------------------------
     396613384889262408333115372534260393368089599166558337281720503947039276
     ------------------------------------------------------------------------
     466058908137519224221318429647294114670493516255927710036586535984716647
     ------------------------------------------------------------------------
     29974809231766326412815e-1*ii}, {const2_4 ,
     ------------------------------------------------------------------------
     6.7449438384208229123034941668160882480595374361178301117912277064786619
     ------------------------------------------------------------------------
     820239941268411711751810972046568837476162269338547483825075651198666024
     ------------------------------------------------------------------------
     426902365207222386786990420481399517204419940978343480121696514700711425
     ------------------------------------------------------------------------
     632069920038056952175449703639420206592477010760363932959921920362287077
     ------------------------------------------------------------------------
     01770172261325846706491e-1+
     ------------------------------------------------------------------------
     1.2334823521359619539008911247161520489593138582591371919606039917879903
     ------------------------------------------------------------------------
     372946890655275729330298875526494126721456701105453749392850477387831315
     ------------------------------------------------------------------------
     665812702540428232637919751416865559442501229443532062518961364236764652
     ------------------------------------------------------------------------
     450584526647918352682930247967246964138582051803688404573025201326243991
     ------------------------------------------------------------------------
     19276792834345300347503*ii}}, {{linear1 ,  const1_1 + const1_2*x +
     ------------------------------------------------------------------------
     const1_3*y + const1_4*z}, {linear2 ,  const2_1 + const2_2*x + const2_3*y
     ------------------------------------------------------------------------
     + const2_4*z}}}

o4 : List

i5 : bWriteWitnessSetFile(storeBM2Files,2,
       NameSolutionsFile=>"custom_name_witness_points",--creates a witness point file with a custom name.
       SpecifyComponent=>0)  --Component indexing begins at 0. The function creates a witness point file for only a particular component.

i6 : L1=importSliceFile(storeBM2Files)

o6 = {{{const1_1 ,  1.8691954806981126989381391048611613822056501255378779031
     ------------------------------------------------------------------------
     578617289575480209037514650539517448862864710357703995678434979334080502
     ------------------------------------------------------------------------
     440985910066615475924393970782443801623364806567016875117762793690202580
     ------------------------------------------------------------------------
     637441759169455362122748845315872652384854233294371598346163109832743310
     ------------------------------------------------------------------------
     43811174218274794238846050119422128203e-2-
     ------------------------------------------------------------------------
     3.2706170536039819537521751282833905322344628656747807092739840882093517
     ------------------------------------------------------------------------
     202638254023433044594369204782091639547552676085385274982281896259753416
     ------------------------------------------------------------------------
     142378626608112421439065964629467370771291264760671186191858054124701734
     ------------------------------------------------------------------------
     787502641944687908493123512070961488137639686657201239152482791399153762
     ------------------------------------------------------------------------
     44613988222820636602825e-1*ii}, {const1_2 ,
     ------------------------------------------------------------------------
     5.8271762672539678003640477427301090793612101377712975998557795864749698
     ------------------------------------------------------------------------
     954950755887433097394681594066437922548599245710042364943034899499107973
     ------------------------------------------------------------------------
     208381240353512196013409595605804172098525123920301869735281547823479608
     ------------------------------------------------------------------------
     104048401727038189663708834289760024112298699721020772176077060827103553
     ------------------------------------------------------------------------
     05042465701902140090062e-1+
     ------------------------------------------------------------------------
     5.2866464703991330450298342021617923756363612400860209245592521053157186
     ------------------------------------------------------------------------
     052259437968646236473644132192875217462275157644641969334525659670265758
     ------------------------------------------------------------------------
     917692092912683964464066088560958623310615956012072772806755059229789972
     ------------------------------------------------------------------------
     022186978340843614718376355272408235238618535886593787452184062968369991
     ------------------------------------------------------------------------
     56618946366019364978427e-1*ii}, {const1_3 ,
     ------------------------------------------------------------------------
     9.5214798343490885283746088002017554486694546706181543262855589700175306
     ------------------------------------------------------------------------
     777412157791231945778619459544070596118738961935140478791765939032538527
     ------------------------------------------------------------------------
     252170895974222520732821329926844948113215089645690384414092608996711775
     ------------------------------------------------------------------------
     276184265009202507897923565070967129791870351994827061553433082032940429
     ------------------------------------------------------------------------
     57225281621932465899482e-3+
     ------------------------------------------------------------------------
     7.8364753436837452596393971553016197940284859771642995607109861856334188
     ------------------------------------------------------------------------
     531354324792206931165289644001510988245414713422836959410796226687564217
     ------------------------------------------------------------------------
     163990497633990586661087348484389947144480341281884459496906011269508525
     ------------------------------------------------------------------------
     849642429511872456327107943529594077700196171136638583815430123981124344
     ------------------------------------------------------------------------
     80137588252941246194311e-1*ii}, {const1_4 ,
     ------------------------------------------------------------------------
     2.5389533320342833844092864078243482207276256563819400771936648494753063
     ------------------------------------------------------------------------
     695523029708646350303551497691278238982645540263251299094700533817631934
     ------------------------------------------------------------------------
     690312809308605088315286673616715324684228429620932034324212986168697816
     ------------------------------------------------------------------------
     343121436618595974451721756080571788916200259046929350182576159800784972
     ------------------------------------------------------------------------
     36023993162743047231755e-1-
     ------------------------------------------------------------------------
     2.1842145703141110248854120103790725748257316315875568292031783024443519
     ------------------------------------------------------------------------
     691692617102538272001445279719311810761235208001080147797048960847171118
     ------------------------------------------------------------------------
     827092004406918041694699023889612090338118038617195096109627146115937805
     ------------------------------------------------------------------------
     135067784764945986876135334726377654655287893595171749605157758731735700
     ------------------------------------------------------------------------
     99967528759578481687702e-1*ii}, {const2_1 ,
     ------------------------------------------------------------------------
     1.3724347986712042616711577782770465256846835637163288459635721785451408
     ------------------------------------------------------------------------
     885572672753596142334831834973772151084638256102146074993760032814881632
     ------------------------------------------------------------------------
     532470567964467301226953020560635968163517899886581072914322502899829025
     ------------------------------------------------------------------------
     342812795985990359530552753428780692869959580133800255225936440131856776
     ------------------------------------------------------------------------
     15105285500080834297509+
     ------------------------------------------------------------------------
     3.2932884696859307549729644355522968328133209387277531670115768791757640
     ------------------------------------------------------------------------
     426438186519462028254452661126122681914637603466188842432080825568966245
     ------------------------------------------------------------------------
     473931703835880075137831653097721076143963599478185667311491508708461700
     ------------------------------------------------------------------------
     947474108112458345149205867914575384481395366506328056452548363425662865
     ------------------------------------------------------------------------
     92167457494218406973449e-1*ii}, {const2_2 ,
     ------------------------------------------------------------------------
     4.6583407163599143405419215066477569631952367633472039185595678676394168
     ------------------------------------------------------------------------
     588446029540874601526238829438280815345727950812259551631815010435000025
     ------------------------------------------------------------------------
     435413878308263858823301865815129703267644346137202232076354659583537859
     ------------------------------------------------------------------------
     878339345579731510358943378472785519522702070534021795916233083689998279
     ------------------------------------------------------------------------
     22445169430035062635426e-1-
     ------------------------------------------------------------------------
     3.5824668937172817588346096825268503561397795393106121217858446727945753
     ------------------------------------------------------------------------
     077697118239824209559854176251479766808001400970949856694194894735051164
     ------------------------------------------------------------------------
     612536608263481733897868890785151265159667693943715109759688874302947111
     ------------------------------------------------------------------------
     025517576568086027643952520049110174352004330028191003933144436912711116
     ------------------------------------------------------------------------
     97076860180781815085306e-1*ii}, {const2_3 ,
     ------------------------------------------------------------------------
     5.8907104556195715691529348549185737914014525206859300192564002693911425
     ------------------------------------------------------------------------
     929800537291271845677467197256186889277773838898231640586148630817668994
     ------------------------------------------------------------------------
     701292280229852272493219178219147686844024775753232388094499093504062079
     ------------------------------------------------------------------------
     928639178883366758375996519128552095295139552973941862175013293747839407
     ------------------------------------------------------------------------
     26075964651988303220238e-1+
     ------------------------------------------------------------------------
     1.1811331511420961535688708034528757748920335081497897134171594145139927
     ------------------------------------------------------------------------
     006482963065211893534857562016399150857283105981720790562056193346326691
     ------------------------------------------------------------------------
     396613384889262408333115372534260393368089599166558337281720503947039276
     ------------------------------------------------------------------------
     466058908137519224221318429647294114670493516255927710036586535984716647
     ------------------------------------------------------------------------
     29974809231766326412815e-1*ii}, {const2_4 ,
     ------------------------------------------------------------------------
     6.7449438384208229123034941668160882480595374361178301117912277064786619
     ------------------------------------------------------------------------
     820239941268411711751810972046568837476162269338547483825075651198666024
     ------------------------------------------------------------------------
     426902365207222386786990420481399517204419940978343480121696514700711425
     ------------------------------------------------------------------------
     632069920038056952175449703639420206592477010760363932959921920362287077
     ------------------------------------------------------------------------
     01770172261325846706491e-1+
     ------------------------------------------------------------------------
     1.2334823521359619539008911247161520489593138582591371919606039917879903
     ------------------------------------------------------------------------
     372946890655275729330298875526494126721456701105453749392850477387831315
     ------------------------------------------------------------------------
     665812702540428232637919751416865559442501229443532062518961364236764652
     ------------------------------------------------------------------------
     450584526647918352682930247967246964138582051803688404573025201326243991
     ------------------------------------------------------------------------
     19276792834345300347503*ii}}, {{linear1 ,  const1_1 + const1_2*x +
     ------------------------------------------------------------------------
     const1_3*y + const1_4*z}, {linear2 ,  const2_1 + const2_2*x + const2_3*y
     ------------------------------------------------------------------------
     + const2_4*z}}}

o6 : List

i7 : S0=importSolutionsFile(storeBM2Files,NameSolutionsFile=>"custom_name_witness_points")

o7 = {{-.0146692+.00002562*ii, 3.59166e-18+1.36802e-18*ii,
     ------------------------------------------------------------------------
     -.674864+.738088*ii}}

o7 : List

i8 : bWriteWitnessSetFile(storeBM2Files,2,
       NameSolutionsFile=>"custom_name_witness_points")

i9 : S=importSolutionsFile(storeBM2Files,NameSolutionsFile=>"custom_name_witness_points")

o9 = {{.739342+.736766*ii, -1.05261+.055638*ii, -.659424+.737245*ii},
     ------------------------------------------------------------------------
     {-.739397-.736817*ii, 1.03285-.034029*ii, -.690014+.738614*ii},
     ------------------------------------------------------------------------
     {-.0146692+.00002562*ii, 3.59166e-18+1.36802e-18*ii,
     ------------------------------------------------------------------------
     -.674864+.738088*ii}}

o9 : List

i10 : 
