-- -*- M2-comint -*- {* hash: -986030195 *}

i1 : R=QQ[x,y,t1,t2]

o1 = R

o1 : PolynomialRing

i2 : makeB'InputFile(storeBM2Files, PG=>{t1,t2},AVG=>{{x,y}},
         B'Configs=>{{"PARAMETERHOMOTOPY",1}},
         B'Polynomials=>{x^2-t1,y-t2})

o2 = /var/folders/yh/4npbdc5j3lbg4vmfn63b5r240000gn/T/M2-62300-0/0/input

o2 : File

i3 : runBertini(storeBM2Files)
bertini

i4 : moveFile(storeBM2Files|"/finite_solutions",storeBM2Files|"/start")

i5 : makeB'InputFile(storeBM2Files, PG=>{t1,t2},AVG=>{{x,y}},
         B'Configs=>{{"PARAMETERHOMOTOPY",2}},
         B'Polynomials=>{x^2-t1,y-t2})

o5 = /var/folders/yh/4npbdc5j3lbg4vmfn63b5r240000gn/T/M2-62300-0/0/input

o5 : File

i6 : b'PHSequence(storeBM2Files,{{1,1},{1,2}},SaveData=>true)
bertini
bertini

i7 : 
