-- -*- M2-comint -*- {* hash: -1057685552 *}
-- COMPILE TIME: Oct 14 2015, 14:51:21
--loading configuration for package "Bertini" from file /nethome/aleykin3/.Macaulay2/init-Bertini.m2

i1 : R = CC[x,y,z]

o1 = R

o1 : PolynomialRing

i2 : F = { (y^2+x^2+z^2-1)*x, (y^2+x^2+z^2-1)*y }

       3      2      2       2     3      2
o2 = {x  + x*y  + x*z  - x, x y + y  + y*z  - y}

o2 : List

i3 : NV = bertiniPosDimSolve(F)
Temporary directory for input and output files:/tmp/M2-29516-0/1

The version of Bertini 
	    you have installed on your computer 
	    was used for this run. 
Bertini is under ongoing development by 
	    D. Bates, J. Hauenstein, A. Sommese, and C. Wampler.


o3 = NV

o3 : NumericalVariety

i4 : W = NV#1_0 --z-axis

o4 = W

o4 : WitnessSet

i5 : bertiniSample(4, W)
Temporary directory for input and output files:/tmp/M2-29516-0/2

The version of Bertini 
	    you have installed on your computer 
	    was used for this run. 
Bertini is under ongoing development by 
	    D. Bates, J. Hauenstein, A. Sommese, and C. Wampler.


o5 = {{-2.85717e-312+1.9319e-312*ii, 0, -.053369-.588498*ii},
     ------------------------------------------------------------------------
     {3.97751e-313-5.3063e-315*ii, 7.6062e-211+5.70151e-209*ii,
     ------------------------------------------------------------------------
     -.241676-.0953132*ii}, {0, 0, -.079421+.534184*ii},
     ------------------------------------------------------------------------
     {-1.13494e-307-2.19688e-307*ii, 1.17412e-189+5.63179e-190*ii,
     ------------------------------------------------------------------------
     1.62639-.368105*ii}}

o5 : List

i6 : 
