-- -*- M2-comint -*- {* hash: 831724385 *}

i1 : R = CC[x,t]; -- include the path variable in the ring

i2 : H = { (x^2-1)*t + (x^2-2)*(1-t)};

i3 : sol1 = point {{1}};

i4 : sol2 = point {{-1}};

i5 : S1= { sol1, sol2  };

i6 : S0 = bertiniTrackHomotopy (H, t, S1)
Temporary directory for input and output files:/tmp/M2-14749-0/0

The version of Bertini you have installed on your computer was used for this run. 
Bertini is under ongoing development by D. Bates, J. Hauenstein, A. Sommese, and C. Wampler.


o6 = {{1.41421}, {-1.41421}}

o6 : List

i7 : peek S0_0

o7 = Point{ConditionNumber => 1           }
           Coordinates => {1.41421}
           CycleNumber => 1
           FunctionResidual => 4.44089e-16
           LastT => .0015625
           MaximumPrecision => 52
           NewtonResidual => 0
           SolutionNumber => 1

i8 : 
