-- -*- M2-comint -*- hash: -240537506

i1 : makeB'InputFile(storeBM2Files,
       AffVariableGroup=>{x,y,z},
       BertiniInputConfiguration=>{{TrackType,1}},
       B'Polynomials=>{"(x^2+y^2+z^2-1)*y"})

o1 = /var/folders/46/9b86vqxj4hjcngvy7kd7sb140000gn/T/M2-74909-0/0/input

o1 : File

i2 : runBertini(storeBM2Files)

i3 : thePoints=importMainDataFile(storeBM2Files)

o3 = {{-.10336-.324018*ii, 3.46332e-17-3.70026e-17*ii, .501222+.929757*ii}, {-2.39268+1.71451*ii, 1.6491+2.38806*ii, 1.10454+.14859*ii}, {.845519+1.30396*ii, 1.63995-.702209*ii, .104189+.470963*ii}}

o3 : List

i4 : witnessPointsDim1= importMainDataFile(storeBM2Files,SpecifyDim=>1)--We can choose which dimension we import points from. There are no witness points in dimension 1.
1
1
1

o4 = {}

o4 : List

i5 : sortMainDataComponents(thePoints)

o5 = {{{-.10336-.324018*ii, 3.46332e-17-3.70026e-17*ii, .501222+.929757*ii}}, {{-2.39268+1.71451*ii, 1.6491+2.38806*ii, 1.10454+.14859*ii}, {.845519+1.30396*ii, 1.63995-.702209*ii, .104189+.470963*ii}}}

o5 : List

i6 : 
