-- -*- M2-comint -*- {* hash: -1737319262 *}

i1 : makeB'InputFile(storeBM2Files,
       AVG=>{x,y,z},
       B'Configs=>{{TrackType,1}},
       B'Polynomials=>{"(x^2+y^2+z^2-1)*y"})

o1 = /var/folders/yh/4npbdc5j3lbg4vmfn63b5r240000gn/T/M2-62275-0/0/input

o1 : File

i2 : runBertini(storeBM2Files)
bertini

i3 : makeWitnessSetFile(storeBM2Files,2)--creats a witness point file for all dimension 2 components and a linear slice file for dimension 2 components.
bertini

i4 : L=importSliceFile(storeBM2Files)
{variable_group x,y,z;}
1
{function linear1,linear2;}
1
{constant const1_1,const1_2,const1_3,const1_4;}
1
{constant const2_1,const2_2,const2_3,const2_4;}
1
{}
1
{const1_1 ,  -7.121420011057990937680273078446238198811944965933819233434727963456123498484826452791565545653184495424248887137299740123295425253493120979373768650831678205607815426000163986468754976117956245049820366358941402647681368400999010677934420277857183096944871734021200634439935716541015879369959693259110472936603e-1+8.828409020653955466800123510397396452740687528038473218036942737721850329836217124330450496708535270753373014809698729644156880967036066686113658747139971659319728636210544688841100658661284570304198565482402472702511891257378959008695369811563034619990759578925616203574192554252632485743519262323632006286822e-2*I;}
2
{const1_2 ,  -7.604637168813492795251121215668715508331440703312923264831178838260723571621844085415843667950118301781916669477356330526238784692064175815424634850935670389494247506831465355326011646741367408017720654160502898164481896933121021192342325784407089162113200177921272428639387368399682647871245513574563257437836e-1+1.054863712712379137848128094425570146825264642774900494694112827208097067646315223229123157565950071992537976514517242756461295836167837465472844228382035716565317846061475057948772898699285432498861999516397007424234519389631339373555361699310136062454383566118178409854064874797163445670951125823067996140118e-1*I;}
2
{const1_3 ,  -5.439201630907824957627257047507607012418742122908525428140913065242129655523904429896312348517360200475429779087961749585910865681380395519279663073392474762202118874173643190541374875772139586420160305674462979059121288202767230953037320532108359944351670513913247413671428608018334894360005035225125664453424e-1-4.229879785648145451058383817773247801789090830663842270368267322479834549175241837611124281983214664888140467477424948434496713070004029677168629075860926862259197299212242327276111753012334783758971594558583603583870924064779074826516171496446325872100884503851597473209204596435587166586427861541246891050596e-1*I;}
2
{const1_4 ,  3.297537722085150946283884057213363060056242697225253945131175741816945138501985782606247166821745021622910089018306160037592831349181347122113672684613231850397132499365191853012894296254771740187046480059163567930533386130742930578883151958947246817342840199101330040585087016635078098964332378264854078154163e-1-7.217113172361523054394091423083643690186984043165667945636761012999397681856028127144598882709952565918032222379756443810444114330988672630657462274808890983457594985609324214464148972162391281905077681672034789831679225659519694709626770339782183640777784497219164081336969694093352244328293719254428482031803e-1*I;}
2
{const2_1 ,  5.708514765566050513401641025363551564278012709240048854760592098504099316066005930620726438108210893128664010933618727111423867957460315851166558555341020781456060890485477101464011207375471495977494025546817275113518155400690359572240034853009595932978940578279477292204952915156146957115351568478967278986615e-1+5.009836955145557902801152073408732697018656821852737504886538431891472952145274885726779915992492728843135353791011762332320004913311085419042377313382688833820344343037687339417078423535353051349389030624300248056996645721042382883756354094053538679862154547880426974612067940620214051985868920804609738681161e-1*I;}
2
{const2_2 ,  -5.402918570788314286845683818896121920769442611666507004229122385534816579894402369274482537437409594740365508725436948443806671957013830468744589046851997951670839459515491711982998589025097330432764946929760956629692355741137813331316170607839472404258408412352883107209093016703165177846136443005580460837639e-1-4.604758905545066234694530073116612212256518066752818876186652581466699464839687940892983064804192005405445825161920461380838150997478391479438344799403121248822424662334300543318191799862174501967031706819417470811155707668937398242089529599787095972297050818139606669425623394403733094610823834251685170565430e-1*I;}
2
{const2_3 ,  7.865206295942691947049279681747010095844284617310517568233517775657436716713518444218612788424113514580385389365943218222977708607808704161833441614085067393293716116574448903570909093418199617641495683310165833450274502958701714086594415935181520450374728307633432627356649706169500117070602245418161519483457e-2-7.810154465860046843195350165242834070744506207111393614340481724231880564898804309671869248043783454527088779833839679541078616425971549704202994049572208933447152887267210913217321848109052880652500246353050383411005413937859943064527504913134342492816553507922226820307299108263879540761862427284892877802338e-1*I;}
2
{const2_4 ,  -6.757115784501934472204574190597129370696698893260509740658586757802186703671603593375294724471088808218559231646742399895062114732342638082631729312505481072943790384698201420896264822019711519008601548861051438571960599777527757346081751970293852199301446146415901262123812343859884985607652929110059343489062e-1+8.973291481153277235698889200153950767833053410160242793008934131738993377059548818576159402224519363979228402280549281740862694769154367659884929581732279945133565845023090471005970667500026347091701835604771195820713596686688566925615684518242353000090108696928438594362239832710136919401291123408812856700472e-2*I;}
2
{}
1
{linear1 ,  const1_1 + const1_2*x + const1_3*y + const1_4*z;}
2
{linear2 ,  const2_1 + const2_2*x + const2_3*y + const2_4*z;}
2
{}
1
{END;}
1
{}
1

o4 = {{{const1_1 ,  -7.121420011057990937680273078446238198811944965933819233
     ------------------------------------------------------------------------
     434727963456123498484826452791565545653184495424248887137299740123295425
     ------------------------------------------------------------------------
     253493120979373768650831678205607815426000163986468754976117956245049820
     ------------------------------------------------------------------------
     366358941402647681368400999010677934420277857183096944871734021200634439
     ------------------------------------------------------------------------
     935716541015879369959693259110472936603e-1+
     ------------------------------------------------------------------------
     8.8284090206539554668001235103973964527406875280384732180369427377218503
     ------------------------------------------------------------------------
     298362171243304504967085352707533730148096987296441568809670360666861136
     ------------------------------------------------------------------------
     587471399716593197286362105446888411006586612845703041985654824024727025
     ------------------------------------------------------------------------
     118912573789590086953698115630346199907595789256162035741925542526324857
     ------------------------------------------------------------------------
     43519262323632006286822e-2*ii}, {const1_2 ,
     ------------------------------------------------------------------------
     -7.604637168813492795251121215668715508331440703312923264831178838260723
     ------------------------------------------------------------------------
     571621844085415843667950118301781916669477356330526238784692064175815424
     ------------------------------------------------------------------------
     634850935670389494247506831465355326011646741367408017720654160502898164
     ------------------------------------------------------------------------
     481896933121021192342325784407089162113200177921272428639387368399682647
     ------------------------------------------------------------------------
     871245513574563257437836e-1+
     ------------------------------------------------------------------------
     1.0548637127123791378481280944255701468252646427749004946941128272080970
     ------------------------------------------------------------------------
     676463152232291231575659500719925379765145172427564612958361678374654728
     ------------------------------------------------------------------------
     442283820357165653178460614750579487728986992854324988619995163970074242
     ------------------------------------------------------------------------
     345193896313393735553616993101360624543835661181784098540648747971634456
     ------------------------------------------------------------------------
     70951125823067996140118e-1*ii}, {const1_3 ,
     ------------------------------------------------------------------------
     -5.439201630907824957627257047507607012418742122908525428140913065242129
     ------------------------------------------------------------------------
     655523904429896312348517360200475429779087961749585910865681380395519279
     ------------------------------------------------------------------------
     663073392474762202118874173643190541374875772139586420160305674462979059
     ------------------------------------------------------------------------
     121288202767230953037320532108359944351670513913247413671428608018334894
     ------------------------------------------------------------------------
     360005035225125664453424e-1-
     ------------------------------------------------------------------------
     4.2298797856481454510583838177732478017890908306638422703682673224798345
     ------------------------------------------------------------------------
     491752418376111242819832146648881404674774249484344967130700040296771686
     ------------------------------------------------------------------------
     290758609268622591972992122423272761117530123347837589715945585836035838
     ------------------------------------------------------------------------
     709240647790748265161714964463258721008845038515974732092045964355871665
     ------------------------------------------------------------------------
     86427861541246891050596e-1*ii}, {const1_4 ,
     ------------------------------------------------------------------------
     3.2975377220851509462838840572133630600562426972252539451311757418169451
     ------------------------------------------------------------------------
     385019857826062471668217450216229100890183061600375928313491813471221136
     ------------------------------------------------------------------------
     726846132318503971324993651918530128942962547717401870464800591635679305
     ------------------------------------------------------------------------
     333861307429305788831519589472468173428401991013300405850870166350780989
     ------------------------------------------------------------------------
     64332378264854078154163e-1-
     ------------------------------------------------------------------------
     7.2171131723615230543940914230836436901869840431656679456367610129993976
     ------------------------------------------------------------------------
     818560281271445988827099525659180322223797564438104441143309886726306574
     ------------------------------------------------------------------------
     622748088909834575949856093242144641489721623912819050776816720347898316
     ------------------------------------------------------------------------
     792256595196947096267703397821836407777844972191640813369696940933522443
     ------------------------------------------------------------------------
     28293719254428482031803e-1*ii}, {const2_1 ,
     ------------------------------------------------------------------------
     5.7085147655660505134016410253635515642780127092400488547605920985040993
     ------------------------------------------------------------------------
     160660059306207264381082108931286640109336187271114238679574603158511665
     ------------------------------------------------------------------------
     585553410207814560608904854771014640112073754714959774940255468172751135
     ------------------------------------------------------------------------
     181554006903595722400348530095959329789405782794772922049529151561469571
     ------------------------------------------------------------------------
     15351568478967278986615e-1+
     ------------------------------------------------------------------------
     5.0098369551455579028011520734087326970186568218527375048865384318914729
     ------------------------------------------------------------------------
     521452748857267799159924927288431353537910117623323200049133110854190423
     ------------------------------------------------------------------------
     773133826888338203443430376873394170784235353530513493890306243002480569
     ------------------------------------------------------------------------
     966457210423828837563540940535386798621545478804269746120679406202140519
     ------------------------------------------------------------------------
     85868920804609738681161e-1*ii}, {const2_2 ,
     ------------------------------------------------------------------------
     -5.402918570788314286845683818896121920769442611666507004229122385534816
     ------------------------------------------------------------------------
     579894402369274482537437409594740365508725436948443806671957013830468744
     ------------------------------------------------------------------------
     589046851997951670839459515491711982998589025097330432764946929760956629
     ------------------------------------------------------------------------
     692355741137813331316170607839472404258408412352883107209093016703165177
     ------------------------------------------------------------------------
     846136443005580460837639e-1-
     ------------------------------------------------------------------------
     4.6047589055450662346945300731166122122565180667528188761866525814666994
     ------------------------------------------------------------------------
     648396879408929830648041920054054458251619204613808381509974783914794383
     ------------------------------------------------------------------------
     447994031212488224246623343005433181917998621745019670317068194174708111
     ------------------------------------------------------------------------
     557076689373982420895295997870959722970508181396066694256233944037330946
     ------------------------------------------------------------------------
     10823834251685170565430e-1*ii}, {const2_3 ,
     ------------------------------------------------------------------------
     7.8652062959426919470492796817470100958442846173105175682335177756574367
     ------------------------------------------------------------------------
     167135184442186127884241135145803853893659432182229777086078087041618334
     ------------------------------------------------------------------------
     416140850673932937161165744489035709090934181996176414956833101658334502
     ------------------------------------------------------------------------
     745029587017140865944159351815204503747283076334326273566497061695001170
     ------------------------------------------------------------------------
     70602245418161519483457e-2-
     ------------------------------------------------------------------------
     7.8101544658600468431953501652428340707445062071113936143404817242318805
     ------------------------------------------------------------------------
     648988043096718692480437834545270887798338396795410786164259715497042029
     ------------------------------------------------------------------------
     940495722089334471528872672109132173218481090528806525002463530503834110
     ------------------------------------------------------------------------
     054139378599430645275049131343424928165535079222268203072991082638795407
     ------------------------------------------------------------------------
     61862427284892877802338e-1*ii}, {const2_4 ,
     ------------------------------------------------------------------------
     -6.757115784501934472204574190597129370696698893260509740658586757802186
     ------------------------------------------------------------------------
     703671603593375294724471088808218559231646742399895062114732342638082631
     ------------------------------------------------------------------------
     729312505481072943790384698201420896264822019711519008601548861051438571
     ------------------------------------------------------------------------
     960599777527757346081751970293852199301446146415901262123812343859884985
     ------------------------------------------------------------------------
     607652929110059343489062e-1+
     ------------------------------------------------------------------------
     8.9732914811532772356988892001539507678330534101602427930089341317389933
     ------------------------------------------------------------------------
     770595488185761594022245193639792284022805492817408626947691543676598849
     ------------------------------------------------------------------------
     295817322799451335658450230904710059706675000263470917018356047711958207
     ------------------------------------------------------------------------
     135966866885669256156845182423530000901086969284385943622398327101369194
     ------------------------------------------------------------------------
     01291123408812856700472e-2*ii}}, {{linear1 ,  const1_1 + const1_2*x +
     ------------------------------------------------------------------------
     const1_3*y + const1_4*z}, {linear2 ,  const2_1 + const2_2*x + const2_3*y
     ------------------------------------------------------------------------
     + const2_4*z}}}

o4 : List

i5 : makeWitnessSetFile(storeBM2Files,2,
       NameWitnessPointFile=>"custom_name_witness_points",--creates a witness point file with a custom name.
       SpecifyComponent=>0)  --Component indexing begins at 0. The function creates a witness point file for only a particular component.
bertini

i6 : L1=importSliceFile(storeBM2Files)
{variable_group x,y,z;}
1
{function linear1,linear2;}
1
{constant const1_1,const1_2,const1_3,const1_4;}
1
{constant const2_1,const2_2,const2_3,const2_4;}
1
{}
1
{const1_1 ,  -7.121420011057990937680273078446238198811944965933819233434727963456123498484826452791565545653184495424248887137299740123295425253493120979373768650831678205607815426000163986468754976117956245049820366358941402647681368400999010677934420277857183096944871734021200634439935716541015879369959693259110472936603e-1+8.828409020653955466800123510397396452740687528038473218036942737721850329836217124330450496708535270753373014809698729644156880967036066686113658747139971659319728636210544688841100658661284570304198565482402472702511891257378959008695369811563034619990759578925616203574192554252632485743519262323632006286822e-2*I;}
2
{const1_2 ,  -7.604637168813492795251121215668715508331440703312923264831178838260723571621844085415843667950118301781916669477356330526238784692064175815424634850935670389494247506831465355326011646741367408017720654160502898164481896933121021192342325784407089162113200177921272428639387368399682647871245513574563257437836e-1+1.054863712712379137848128094425570146825264642774900494694112827208097067646315223229123157565950071992537976514517242756461295836167837465472844228382035716565317846061475057948772898699285432498861999516397007424234519389631339373555361699310136062454383566118178409854064874797163445670951125823067996140118e-1*I;}
2
{const1_3 ,  -5.439201630907824957627257047507607012418742122908525428140913065242129655523904429896312348517360200475429779087961749585910865681380395519279663073392474762202118874173643190541374875772139586420160305674462979059121288202767230953037320532108359944351670513913247413671428608018334894360005035225125664453424e-1-4.229879785648145451058383817773247801789090830663842270368267322479834549175241837611124281983214664888140467477424948434496713070004029677168629075860926862259197299212242327276111753012334783758971594558583603583870924064779074826516171496446325872100884503851597473209204596435587166586427861541246891050596e-1*I;}
2
{const1_4 ,  3.297537722085150946283884057213363060056242697225253945131175741816945138501985782606247166821745021622910089018306160037592831349181347122113672684613231850397132499365191853012894296254771740187046480059163567930533386130742930578883151958947246817342840199101330040585087016635078098964332378264854078154163e-1-7.217113172361523054394091423083643690186984043165667945636761012999397681856028127144598882709952565918032222379756443810444114330988672630657462274808890983457594985609324214464148972162391281905077681672034789831679225659519694709626770339782183640777784497219164081336969694093352244328293719254428482031803e-1*I;}
2
{const2_1 ,  5.708514765566050513401641025363551564278012709240048854760592098504099316066005930620726438108210893128664010933618727111423867957460315851166558555341020781456060890485477101464011207375471495977494025546817275113518155400690359572240034853009595932978940578279477292204952915156146957115351568478967278986615e-1+5.009836955145557902801152073408732697018656821852737504886538431891472952145274885726779915992492728843135353791011762332320004913311085419042377313382688833820344343037687339417078423535353051349389030624300248056996645721042382883756354094053538679862154547880426974612067940620214051985868920804609738681161e-1*I;}
2
{const2_2 ,  -5.402918570788314286845683818896121920769442611666507004229122385534816579894402369274482537437409594740365508725436948443806671957013830468744589046851997951670839459515491711982998589025097330432764946929760956629692355741137813331316170607839472404258408412352883107209093016703165177846136443005580460837639e-1-4.604758905545066234694530073116612212256518066752818876186652581466699464839687940892983064804192005405445825161920461380838150997478391479438344799403121248822424662334300543318191799862174501967031706819417470811155707668937398242089529599787095972297050818139606669425623394403733094610823834251685170565430e-1*I;}
2
{const2_3 ,  7.865206295942691947049279681747010095844284617310517568233517775657436716713518444218612788424113514580385389365943218222977708607808704161833441614085067393293716116574448903570909093418199617641495683310165833450274502958701714086594415935181520450374728307633432627356649706169500117070602245418161519483457e-2-7.810154465860046843195350165242834070744506207111393614340481724231880564898804309671869248043783454527088779833839679541078616425971549704202994049572208933447152887267210913217321848109052880652500246353050383411005413937859943064527504913134342492816553507922226820307299108263879540761862427284892877802338e-1*I;}
2
{const2_4 ,  -6.757115784501934472204574190597129370696698893260509740658586757802186703671603593375294724471088808218559231646742399895062114732342638082631729312505481072943790384698201420896264822019711519008601548861051438571960599777527757346081751970293852199301446146415901262123812343859884985607652929110059343489062e-1+8.973291481153277235698889200153950767833053410160242793008934131738993377059548818576159402224519363979228402280549281740862694769154367659884929581732279945133565845023090471005970667500026347091701835604771195820713596686688566925615684518242353000090108696928438594362239832710136919401291123408812856700472e-2*I;}
2
{}
1
{linear1 ,  const1_1 + const1_2*x + const1_3*y + const1_4*z;}
2
{linear2 ,  const2_1 + const2_2*x + const2_3*y + const2_4*z;}
2
{}
1
{END;}
1
{}
1

o6 = {{{const1_1 ,  -7.121420011057990937680273078446238198811944965933819233
     ------------------------------------------------------------------------
     434727963456123498484826452791565545653184495424248887137299740123295425
     ------------------------------------------------------------------------
     253493120979373768650831678205607815426000163986468754976117956245049820
     ------------------------------------------------------------------------
     366358941402647681368400999010677934420277857183096944871734021200634439
     ------------------------------------------------------------------------
     935716541015879369959693259110472936603e-1+
     ------------------------------------------------------------------------
     8.8284090206539554668001235103973964527406875280384732180369427377218503
     ------------------------------------------------------------------------
     298362171243304504967085352707533730148096987296441568809670360666861136
     ------------------------------------------------------------------------
     587471399716593197286362105446888411006586612845703041985654824024727025
     ------------------------------------------------------------------------
     118912573789590086953698115630346199907595789256162035741925542526324857
     ------------------------------------------------------------------------
     43519262323632006286822e-2*ii}, {const1_2 ,
     ------------------------------------------------------------------------
     -7.604637168813492795251121215668715508331440703312923264831178838260723
     ------------------------------------------------------------------------
     571621844085415843667950118301781916669477356330526238784692064175815424
     ------------------------------------------------------------------------
     634850935670389494247506831465355326011646741367408017720654160502898164
     ------------------------------------------------------------------------
     481896933121021192342325784407089162113200177921272428639387368399682647
     ------------------------------------------------------------------------
     871245513574563257437836e-1+
     ------------------------------------------------------------------------
     1.0548637127123791378481280944255701468252646427749004946941128272080970
     ------------------------------------------------------------------------
     676463152232291231575659500719925379765145172427564612958361678374654728
     ------------------------------------------------------------------------
     442283820357165653178460614750579487728986992854324988619995163970074242
     ------------------------------------------------------------------------
     345193896313393735553616993101360624543835661181784098540648747971634456
     ------------------------------------------------------------------------
     70951125823067996140118e-1*ii}, {const1_3 ,
     ------------------------------------------------------------------------
     -5.439201630907824957627257047507607012418742122908525428140913065242129
     ------------------------------------------------------------------------
     655523904429896312348517360200475429779087961749585910865681380395519279
     ------------------------------------------------------------------------
     663073392474762202118874173643190541374875772139586420160305674462979059
     ------------------------------------------------------------------------
     121288202767230953037320532108359944351670513913247413671428608018334894
     ------------------------------------------------------------------------
     360005035225125664453424e-1-
     ------------------------------------------------------------------------
     4.2298797856481454510583838177732478017890908306638422703682673224798345
     ------------------------------------------------------------------------
     491752418376111242819832146648881404674774249484344967130700040296771686
     ------------------------------------------------------------------------
     290758609268622591972992122423272761117530123347837589715945585836035838
     ------------------------------------------------------------------------
     709240647790748265161714964463258721008845038515974732092045964355871665
     ------------------------------------------------------------------------
     86427861541246891050596e-1*ii}, {const1_4 ,
     ------------------------------------------------------------------------
     3.2975377220851509462838840572133630600562426972252539451311757418169451
     ------------------------------------------------------------------------
     385019857826062471668217450216229100890183061600375928313491813471221136
     ------------------------------------------------------------------------
     726846132318503971324993651918530128942962547717401870464800591635679305
     ------------------------------------------------------------------------
     333861307429305788831519589472468173428401991013300405850870166350780989
     ------------------------------------------------------------------------
     64332378264854078154163e-1-
     ------------------------------------------------------------------------
     7.2171131723615230543940914230836436901869840431656679456367610129993976
     ------------------------------------------------------------------------
     818560281271445988827099525659180322223797564438104441143309886726306574
     ------------------------------------------------------------------------
     622748088909834575949856093242144641489721623912819050776816720347898316
     ------------------------------------------------------------------------
     792256595196947096267703397821836407777844972191640813369696940933522443
     ------------------------------------------------------------------------
     28293719254428482031803e-1*ii}, {const2_1 ,
     ------------------------------------------------------------------------
     5.7085147655660505134016410253635515642780127092400488547605920985040993
     ------------------------------------------------------------------------
     160660059306207264381082108931286640109336187271114238679574603158511665
     ------------------------------------------------------------------------
     585553410207814560608904854771014640112073754714959774940255468172751135
     ------------------------------------------------------------------------
     181554006903595722400348530095959329789405782794772922049529151561469571
     ------------------------------------------------------------------------
     15351568478967278986615e-1+
     ------------------------------------------------------------------------
     5.0098369551455579028011520734087326970186568218527375048865384318914729
     ------------------------------------------------------------------------
     521452748857267799159924927288431353537910117623323200049133110854190423
     ------------------------------------------------------------------------
     773133826888338203443430376873394170784235353530513493890306243002480569
     ------------------------------------------------------------------------
     966457210423828837563540940535386798621545478804269746120679406202140519
     ------------------------------------------------------------------------
     85868920804609738681161e-1*ii}, {const2_2 ,
     ------------------------------------------------------------------------
     -5.402918570788314286845683818896121920769442611666507004229122385534816
     ------------------------------------------------------------------------
     579894402369274482537437409594740365508725436948443806671957013830468744
     ------------------------------------------------------------------------
     589046851997951670839459515491711982998589025097330432764946929760956629
     ------------------------------------------------------------------------
     692355741137813331316170607839472404258408412352883107209093016703165177
     ------------------------------------------------------------------------
     846136443005580460837639e-1-
     ------------------------------------------------------------------------
     4.6047589055450662346945300731166122122565180667528188761866525814666994
     ------------------------------------------------------------------------
     648396879408929830648041920054054458251619204613808381509974783914794383
     ------------------------------------------------------------------------
     447994031212488224246623343005433181917998621745019670317068194174708111
     ------------------------------------------------------------------------
     557076689373982420895295997870959722970508181396066694256233944037330946
     ------------------------------------------------------------------------
     10823834251685170565430e-1*ii}, {const2_3 ,
     ------------------------------------------------------------------------
     7.8652062959426919470492796817470100958442846173105175682335177756574367
     ------------------------------------------------------------------------
     167135184442186127884241135145803853893659432182229777086078087041618334
     ------------------------------------------------------------------------
     416140850673932937161165744489035709090934181996176414956833101658334502
     ------------------------------------------------------------------------
     745029587017140865944159351815204503747283076334326273566497061695001170
     ------------------------------------------------------------------------
     70602245418161519483457e-2-
     ------------------------------------------------------------------------
     7.8101544658600468431953501652428340707445062071113936143404817242318805
     ------------------------------------------------------------------------
     648988043096718692480437834545270887798338396795410786164259715497042029
     ------------------------------------------------------------------------
     940495722089334471528872672109132173218481090528806525002463530503834110
     ------------------------------------------------------------------------
     054139378599430645275049131343424928165535079222268203072991082638795407
     ------------------------------------------------------------------------
     61862427284892877802338e-1*ii}, {const2_4 ,
     ------------------------------------------------------------------------
     -6.757115784501934472204574190597129370696698893260509740658586757802186
     ------------------------------------------------------------------------
     703671603593375294724471088808218559231646742399895062114732342638082631
     ------------------------------------------------------------------------
     729312505481072943790384698201420896264822019711519008601548861051438571
     ------------------------------------------------------------------------
     960599777527757346081751970293852199301446146415901262123812343859884985
     ------------------------------------------------------------------------
     607652929110059343489062e-1+
     ------------------------------------------------------------------------
     8.9732914811532772356988892001539507678330534101602427930089341317389933
     ------------------------------------------------------------------------
     770595488185761594022245193639792284022805492817408626947691543676598849
     ------------------------------------------------------------------------
     295817322799451335658450230904710059706675000263470917018356047711958207
     ------------------------------------------------------------------------
     135966866885669256156845182423530000901086969284385943622398327101369194
     ------------------------------------------------------------------------
     01291123408812856700472e-2*ii}}, {{linear1 ,  const1_1 + const1_2*x +
     ------------------------------------------------------------------------
     const1_3*y + const1_4*z}, {linear2 ,  const2_1 + const2_2*x + const2_3*y
     ------------------------------------------------------------------------
     + const2_4*z}}}

o6 : List

i7 : 
