-- -*- M2-comint -*- {* hash: 1487694394 *}
--loading configuration for package "Bertini" from file /Users/jo/Library/Application Support/Macaulay2/init-Bertini.m2

i1 : makeB'InputFile(storeBM2Files,
         B'Configs=>{{TrackType,1}},    AffVariableGroup=>{x,y,z},    B'Polynomials=>{"z*((x+y+z)^3-1)","z*(y^2-3+z)"}    )

o1 = /var/folders/j_/gx42s4z576z_vj47_ym0j5xm0000gn/T/M2-74564-0/0/input

o1 : File

i2 : runBertini(storeBM2Files)
~/bertini

i3 : makeSampleSolutionsFile(storeBM2Files,2,SpecifyComponent=>{1,0})
~/bertini

i4 : makeMembershipFile(storeBM2Files,NameSolutionsFile=>"sample_solutions_file")
/var/folders/j_/gx42s4z576z_vj47_ym0j5xm0000gn/T/M2-74564-0/0/
sample_solutions_file
~/bertini

i5 : makeMembershipFile(storeBM2Files,TestSolutions=>{{1,2,0},{3,2,1}})
/var/folders/j_/gx42s4z576z_vj47_ym0j5xm0000gn/T/M2-74564-0/0/
member_points
~/bertini

i6 : importIncidenceMatrix(storeBM2Files)

o6 = {{(1, 0)}, {}}

o6 : List

i7 : 
