-- -*- M2-comint -*- {* hash: 780604304 *}
--loading configuration for package "Bertini" from file /Users/jo/Library/Application Support/Macaulay2/init-Bertini.m2

i1 : makeB'InputFile(storeBM2Files,
       AffVariableGroup=>{x,y,z},
       B'Configs=>{{TrackType,1}},
       B'Polynomials=>{"(x^2+y^2+z^2-1)*y"})

o1 = /var/folders/j_/gx42s4z576z_vj47_ym0j5xm0000gn/T/M2-42211-0/0/input

o1 : File

i2 : runBertini(storeBM2Files)
~/bertini

i3 : makeWitnessSetFiles(storeBM2Files,2)--creats a witness point file for all dimension 2 components and a linear slice file for dimension 2 components.
~/bertini

i4 : L=importSliceFile(storeBM2Files)

o4 = {{{const1_1 ,  -5.596543602989967700379894405809719617141304854866617190
     ------------------------------------------------------------------------
     203670571554605486822800221952375006640348173419588226260729394380576145
     ------------------------------------------------------------------------
     998688417852254538715605004266087182724290772875177650509620682929695483
     ------------------------------------------------------------------------
     372634430771508386456208929464411633031897028180500972456148186006610712
     ------------------------------------------------------------------------
     399888452306810738415762188776945086137e-1-
     ------------------------------------------------------------------------
     1.3098380737916533737424358936127446007123051727345833119271400061797852
     ------------------------------------------------------------------------
     531636881728696734099854229697256136352169432084139885849544779321173091
     ------------------------------------------------------------------------
     369439618227314096470236725583361329586078472189855536068554092536039315
     ------------------------------------------------------------------------
     289045485919315897293915777208063304898282784336882374713443172704793561
     ------------------------------------------------------------------------
     39949299516199103143304*ii}, {const1_2 ,
     ------------------------------------------------------------------------
     -6.156343715848589062077153937013107521227910353084665214426639508845375
     ------------------------------------------------------------------------
     440914623392535256883958870248882572938339555813053717085018208090124129
     ------------------------------------------------------------------------
     583226195412461817002956629968616954121090132146213772836618441028879805
     ------------------------------------------------------------------------
     659283655014959672721672423608612963520859182681415469874142366532803739
     ------------------------------------------------------------------------
     900302713067531077857658e-2-
     ------------------------------------------------------------------------
     3.5583520911930681355923375026635120672978500844074215827217549887579007
     ------------------------------------------------------------------------
     396853720465572945743929426536849080367544670058303512190242059430264576
     ------------------------------------------------------------------------
     178113022253674134686470604018495754104380713754686323032260100018276018
     ------------------------------------------------------------------------
     664504432396294376452646504122443995933716139896521000320918817443025632
     ------------------------------------------------------------------------
     42524021110406105341880e-1*ii}, {const1_3 ,
     ------------------------------------------------------------------------
     -1.960811225499087488085019485000714490320680480858304002731674485477729
     ------------------------------------------------------------------------
     594893398834236798018241545106042577078056875673703769233711611752773496
     ------------------------------------------------------------------------
     920191707614818963719642389121301661854349322191008404204073472582136353
     ------------------------------------------------------------------------
     717353080460898763538326997127392134218500845189836880425064395778168217
     ------------------------------------------------------------------------
     251412604997677977542188e-1-
     ------------------------------------------------------------------------
     3.5989558037977681865839379215029106220953231706166776026871279086465730
     ------------------------------------------------------------------------
     088404101774388583467789104907322205501215068065043037122206059573131653
     ------------------------------------------------------------------------
     526801957930666785688874642931100742582774280580091042582964093617999048
     ------------------------------------------------------------------------
     290161554992257290374125666934959041150147162509700821293173471057231266
     ------------------------------------------------------------------------
     48959682493621879806067e-2*ii}, {const1_4 ,
     ------------------------------------------------------------------------
     -9.490071481858137888345201543260800323025719261507880666517969145094012
     ------------------------------------------------------------------------
     406932412084424345056976858611079023369515601605699981145858129582675280
     ------------------------------------------------------------------------
     323337716875755545444611697743296618101183259695430432390976806245906392
     ------------------------------------------------------------------------
     595123124567268056024196759281188639306031238417298465709861192612850592
     ------------------------------------------------------------------------
     258603811121426519680326e-1+
     ------------------------------------------------------------------------
     1.1040561186749898648146717745084992032664939022586441243493220646943640
     ------------------------------------------------------------------------
     407389244518437480815901198426492375967094410018753305347917513099500947
     ------------------------------------------------------------------------
     007057029906174754667668958236712180670686722127755187270965111536345096
     ------------------------------------------------------------------------
     689527351625293975663891143778563643452503030717038678379595747303779345
     ------------------------------------------------------------------------
     15724875701301080151598*ii}, {const2_1 ,
     ------------------------------------------------------------------------
     3.8912656602070489837776064511929233033525982894013226612603965484231564
     ------------------------------------------------------------------------
     947900077073172672504682848569362401937660145153857523032112019746462145
     ------------------------------------------------------------------------
     024271076205503623976902110539815048734165004240847226398655838688865619
     ------------------------------------------------------------------------
     926371202427516770142115365967213070546642900845508588593438117766092346
     ------------------------------------------------------------------------
     14743395634275970145838e-1+
     ------------------------------------------------------------------------
     2.7025728967182733281685559171082023626472923957084080188930408999777831
     ------------------------------------------------------------------------
     039859455256040162256476818792526582002769648358675736021369685892707133
     ------------------------------------------------------------------------
     196554169653323782715975642691204863582257616116745430428515918533248640
     ------------------------------------------------------------------------
     187642320885028635805129099986450645704916832221056963437631948062062829
     ------------------------------------------------------------------------
     04836425793470378016774e-1*ii}, {const2_2 ,
     ------------------------------------------------------------------------
     -1.247971700910586856109335890038509346011830306053701938504056233837641
     ------------------------------------------------------------------------
     590352415091319051260472823420182869274203147077547476603912662804967292
     ------------------------------------------------------------------------
     669413179741627055036366614893971431623903589262853454367866070914255351
     ------------------------------------------------------------------------
     265256119848439871445727068265072770850172439921822090985214938234721606
     ------------------------------------------------------------------------
     202290405068465359103438-
     ------------------------------------------------------------------------
     1.3909254257159178441536657299283445144337591743284704952287892576392265
     ------------------------------------------------------------------------
     246649281865686556589670191525322878565072528488743174867452455877249047
     ------------------------------------------------------------------------
     697936010370933135593572256791070538298149705481885541446099087927203740
     ------------------------------------------------------------------------
     601383713104008900282583181269197943785610668065705052297380319421202175
     ------------------------------------------------------------------------
     45168458210720155649365*ii}, {const2_3 ,
     ------------------------------------------------------------------------
     -1.311868461891866494867023084508080450011862264396571557269687384119918
     ------------------------------------------------------------------------
     520465147001030741441117265232381516865167412270847051312613518810480922
     ------------------------------------------------------------------------
     527437225465609130985706224867470350693469463535093475718086236181785211
     ------------------------------------------------------------------------
     833710611871223945320309418758757505762967974311499909918272894070242725
     ------------------------------------------------------------------------
     984440138838030484935065+
     ------------------------------------------------------------------------
     1.3882222834685340141710788619406510493083706199805651025134054715669900
     ------------------------------------------------------------------------
     073168863465850288177383769648435469705823487710171200965184955268209744
     ------------------------------------------------------------------------
     372169707824910395809051908437474145195472758542924630409930230450575873
     ------------------------------------------------------------------------
     131296808336744559155370234665013973625684650724921784278127675476385711
     ------------------------------------------------------------------------
     04296263360309076450359*ii}, {const2_4 ,
     ------------------------------------------------------------------------
     -7.357835553890561790255057449832708733041988531119573219458239411885489
     ------------------------------------------------------------------------
     978764901691755288574489933043630666965598060961660100633171595885800326
     ------------------------------------------------------------------------
     355226028612905570119486671200245157804898368511837667314473734072510904
     ------------------------------------------------------------------------
     136977595272878535874858988689763870173387678428687021054286084039305224
     ------------------------------------------------------------------------
     665876046776158089600690e-2-
     ------------------------------------------------------------------------
     2.5098137212065471586513736139440730385497130730958360491754275110674073
     ------------------------------------------------------------------------
     520903030401762524469961921367147834823843204691914767084104701588643250
     ------------------------------------------------------------------------
     216173506689705954517915946648065779703941851942719183306183132996509290
     ------------------------------------------------------------------------
     362336811957766217397712768943404539223642383429948459120084352397973266
     ------------------------------------------------------------------------
     39070103988413363568384e-1*ii}}, {{linear1 ,  const1_1 + const1_2*x +
     ------------------------------------------------------------------------
     const1_3*y + const1_4*z}, {linear2 ,  const2_1 + const2_2*x + const2_3*y
     ------------------------------------------------------------------------
     + const2_4*z}}}

o4 : List

i5 : makeWitnessSetFiles(storeBM2Files,2,
       NameSolutionsFile=>"custom_name_witness_points",--creates a witness point file with a custom name.
       SpecifyComponent=>0)  --Component indexing begins at 0. The function creates a witness point file for only a particular component.
~/bertini

i6 : L1=importSliceFile(storeBM2Files)

o6 = {{{const1_1 ,  -5.596543602989967700379894405809719617141304854866617190
     ------------------------------------------------------------------------
     203670571554605486822800221952375006640348173419588226260729394380576145
     ------------------------------------------------------------------------
     998688417852254538715605004266087182724290772875177650509620682929695483
     ------------------------------------------------------------------------
     372634430771508386456208929464411633031897028180500972456148186006610712
     ------------------------------------------------------------------------
     399888452306810738415762188776945086137e-1-
     ------------------------------------------------------------------------
     1.3098380737916533737424358936127446007123051727345833119271400061797852
     ------------------------------------------------------------------------
     531636881728696734099854229697256136352169432084139885849544779321173091
     ------------------------------------------------------------------------
     369439618227314096470236725583361329586078472189855536068554092536039315
     ------------------------------------------------------------------------
     289045485919315897293915777208063304898282784336882374713443172704793561
     ------------------------------------------------------------------------
     39949299516199103143304*ii}, {const1_2 ,
     ------------------------------------------------------------------------
     -6.156343715848589062077153937013107521227910353084665214426639508845375
     ------------------------------------------------------------------------
     440914623392535256883958870248882572938339555813053717085018208090124129
     ------------------------------------------------------------------------
     583226195412461817002956629968616954121090132146213772836618441028879805
     ------------------------------------------------------------------------
     659283655014959672721672423608612963520859182681415469874142366532803739
     ------------------------------------------------------------------------
     900302713067531077857658e-2-
     ------------------------------------------------------------------------
     3.5583520911930681355923375026635120672978500844074215827217549887579007
     ------------------------------------------------------------------------
     396853720465572945743929426536849080367544670058303512190242059430264576
     ------------------------------------------------------------------------
     178113022253674134686470604018495754104380713754686323032260100018276018
     ------------------------------------------------------------------------
     664504432396294376452646504122443995933716139896521000320918817443025632
     ------------------------------------------------------------------------
     42524021110406105341880e-1*ii}, {const1_3 ,
     ------------------------------------------------------------------------
     -1.960811225499087488085019485000714490320680480858304002731674485477729
     ------------------------------------------------------------------------
     594893398834236798018241545106042577078056875673703769233711611752773496
     ------------------------------------------------------------------------
     920191707614818963719642389121301661854349322191008404204073472582136353
     ------------------------------------------------------------------------
     717353080460898763538326997127392134218500845189836880425064395778168217
     ------------------------------------------------------------------------
     251412604997677977542188e-1-
     ------------------------------------------------------------------------
     3.5989558037977681865839379215029106220953231706166776026871279086465730
     ------------------------------------------------------------------------
     088404101774388583467789104907322205501215068065043037122206059573131653
     ------------------------------------------------------------------------
     526801957930666785688874642931100742582774280580091042582964093617999048
     ------------------------------------------------------------------------
     290161554992257290374125666934959041150147162509700821293173471057231266
     ------------------------------------------------------------------------
     48959682493621879806067e-2*ii}, {const1_4 ,
     ------------------------------------------------------------------------
     -9.490071481858137888345201543260800323025719261507880666517969145094012
     ------------------------------------------------------------------------
     406932412084424345056976858611079023369515601605699981145858129582675280
     ------------------------------------------------------------------------
     323337716875755545444611697743296618101183259695430432390976806245906392
     ------------------------------------------------------------------------
     595123124567268056024196759281188639306031238417298465709861192612850592
     ------------------------------------------------------------------------
     258603811121426519680326e-1+
     ------------------------------------------------------------------------
     1.1040561186749898648146717745084992032664939022586441243493220646943640
     ------------------------------------------------------------------------
     407389244518437480815901198426492375967094410018753305347917513099500947
     ------------------------------------------------------------------------
     007057029906174754667668958236712180670686722127755187270965111536345096
     ------------------------------------------------------------------------
     689527351625293975663891143778563643452503030717038678379595747303779345
     ------------------------------------------------------------------------
     15724875701301080151598*ii}, {const2_1 ,
     ------------------------------------------------------------------------
     3.8912656602070489837776064511929233033525982894013226612603965484231564
     ------------------------------------------------------------------------
     947900077073172672504682848569362401937660145153857523032112019746462145
     ------------------------------------------------------------------------
     024271076205503623976902110539815048734165004240847226398655838688865619
     ------------------------------------------------------------------------
     926371202427516770142115365967213070546642900845508588593438117766092346
     ------------------------------------------------------------------------
     14743395634275970145838e-1+
     ------------------------------------------------------------------------
     2.7025728967182733281685559171082023626472923957084080188930408999777831
     ------------------------------------------------------------------------
     039859455256040162256476818792526582002769648358675736021369685892707133
     ------------------------------------------------------------------------
     196554169653323782715975642691204863582257616116745430428515918533248640
     ------------------------------------------------------------------------
     187642320885028635805129099986450645704916832221056963437631948062062829
     ------------------------------------------------------------------------
     04836425793470378016774e-1*ii}, {const2_2 ,
     ------------------------------------------------------------------------
     -1.247971700910586856109335890038509346011830306053701938504056233837641
     ------------------------------------------------------------------------
     590352415091319051260472823420182869274203147077547476603912662804967292
     ------------------------------------------------------------------------
     669413179741627055036366614893971431623903589262853454367866070914255351
     ------------------------------------------------------------------------
     265256119848439871445727068265072770850172439921822090985214938234721606
     ------------------------------------------------------------------------
     202290405068465359103438-
     ------------------------------------------------------------------------
     1.3909254257159178441536657299283445144337591743284704952287892576392265
     ------------------------------------------------------------------------
     246649281865686556589670191525322878565072528488743174867452455877249047
     ------------------------------------------------------------------------
     697936010370933135593572256791070538298149705481885541446099087927203740
     ------------------------------------------------------------------------
     601383713104008900282583181269197943785610668065705052297380319421202175
     ------------------------------------------------------------------------
     45168458210720155649365*ii}, {const2_3 ,
     ------------------------------------------------------------------------
     -1.311868461891866494867023084508080450011862264396571557269687384119918
     ------------------------------------------------------------------------
     520465147001030741441117265232381516865167412270847051312613518810480922
     ------------------------------------------------------------------------
     527437225465609130985706224867470350693469463535093475718086236181785211
     ------------------------------------------------------------------------
     833710611871223945320309418758757505762967974311499909918272894070242725
     ------------------------------------------------------------------------
     984440138838030484935065+
     ------------------------------------------------------------------------
     1.3882222834685340141710788619406510493083706199805651025134054715669900
     ------------------------------------------------------------------------
     073168863465850288177383769648435469705823487710171200965184955268209744
     ------------------------------------------------------------------------
     372169707824910395809051908437474145195472758542924630409930230450575873
     ------------------------------------------------------------------------
     131296808336744559155370234665013973625684650724921784278127675476385711
     ------------------------------------------------------------------------
     04296263360309076450359*ii}, {const2_4 ,
     ------------------------------------------------------------------------
     -7.357835553890561790255057449832708733041988531119573219458239411885489
     ------------------------------------------------------------------------
     978764901691755288574489933043630666965598060961660100633171595885800326
     ------------------------------------------------------------------------
     355226028612905570119486671200245157804898368511837667314473734072510904
     ------------------------------------------------------------------------
     136977595272878535874858988689763870173387678428687021054286084039305224
     ------------------------------------------------------------------------
     665876046776158089600690e-2-
     ------------------------------------------------------------------------
     2.5098137212065471586513736139440730385497130730958360491754275110674073
     ------------------------------------------------------------------------
     520903030401762524469961921367147834823843204691914767084104701588643250
     ------------------------------------------------------------------------
     216173506689705954517915946648065779703941851942719183306183132996509290
     ------------------------------------------------------------------------
     362336811957766217397712768943404539223642383429948459120084352397973266
     ------------------------------------------------------------------------
     39070103988413363568384e-1*ii}}, {{linear1 ,  const1_1 + const1_2*x +
     ------------------------------------------------------------------------
     const1_3*y + const1_4*z}, {linear2 ,  const2_1 + const2_2*x + const2_3*y
     ------------------------------------------------------------------------
     + const2_4*z}}}

o6 : List

i7 : S0=importSolutionsFile(storeBM2Files,NameSolutionsFile=>"custom_name_witness_points")

o7 = {{.134543+.0274816*ii, -4.30656e-18+1.52994e-17*ii, .458192-.899398*ii}}

o7 : List

i8 : makeWitnessSetFiles(storeBM2Files,2,
       NameSolutionsFile=>"custom_name_witness_points")
~/bertini

i9 : S=importSolutionsFile(storeBM2Files,NameSolutionsFile=>"custom_name_witness_points")

o9 = {{.134543+.0274816*ii, -4.30656e-18+1.52994e-17*ii, .458192-.899398*ii},
     ------------------------------------------------------------------------
     {1.65282+2.75761*ii, 2.80097-1.31634*ii, .871218-.999528*ii},
     ------------------------------------------------------------------------
     {-2.32763-3.08977*ii, -3.24733+2.22315*ii, -.039809-.68953*ii}}

o9 : List

i10 : 
