-- -*- M2-comint -*- {* hash: 813119967 *}

i1 : makeB'InputFile(storeBM2Files,
       AffVariableGroup=>{x,y,z},
       B'Configs=>{{TrackType,1}},
       B'Polynomials=>{"(x^2+y^2+z^2-1)*y"})

o1 = /var/folders/46/9b86vqxj4hjcngvy7kd7sb140000gn/T/M2-94974-0/0/input

o1 : File

i2 : runBertini(storeBM2Files)
bertini

i3 : makeSampleSolutionsFile(storeBM2Files,4,SpecifyComponent=>{2,0})--creates a witness point file with 4 sample points for the 0th component in dimension 2.
bertini

i4 : theSols=importSolutionsFile(storeBM2Files,NameSolutionsFile=>"sample_solutions_file")

o4 = {{-.817594+.175705*ii, 0, -.268042+.380125*ii}, {-.224554-1.30879*ii, 0,
     ------------------------------------------------------------------------
     -1.62099-.52502*ii}, {-.646679+.184154*ii, 0, -.169889+.387805*ii},
     ------------------------------------------------------------------------
     {-.38372+1.32885*ii, -1.93889e-268+7.48236e-269*ii,
     ------------------------------------------------------------------------
     -1.14839+1.79272*ii}}

o4 : List

i5 : 
