-- -*- M2-comint -*- {* hash: -1043643202 *}

i1 : makeB'InputFile(storeBM2Files,
       AVG=>{x,y,z},
       B'Configs=>{{TrackType,1}},
       B'Polynomials=>{"(x^2+y^2+z^2-1)*y"})

o1 = /var/folders/yh/4npbdc5j3lbg4vmfn63b5r240000gn/T/M2-62287-0/0/input

o1 : File

i2 : runBertini(storeBM2Files)
bertini

i3 : makeSamplePointFile(storeBM2Files,2,0,100)--creates a witness point file with 100 sample points for the 0th component in dimension 2.
bertini

i4 : theSols=importSolutionsFile(storeBM2Files,NameSolutionsFile=>"sample_point_file")

o4 = {{-.4034-.343385*ii, 1.4915e-269+1.08468e-268*ii, -.277989+.410422*ii},
     ------------------------------------------------------------------------
     {.097224-.0098138*ii, -4.70132e-267-1.14994e-267*ii,
     ------------------------------------------------------------------------
     -.619215-.247813*ii}, {2.46029-1.62079*ii, 0, -.78073+1.9971*ii},
     ------------------------------------------------------------------------
     {.467528-.597566*ii, 0, -.166933+.752139*ii}, {-.469771+.422889*ii, 0,
     ------------------------------------------------------------------------
     -.247979+.455457*ii}, {.81427-1.35817*ii, -5.75963e-265-9.13993e-265*ii,
     ------------------------------------------------------------------------
     1.39994+2.60965*ii}, {-.570019-.014513*ii, 9.13171e-265-2.34922e-265*ii,
     ------------------------------------------------------------------------
     -.519808+.07972*ii}, {.338045+.110951*ii, 0, -.106654+.536705*ii},
     ------------------------------------------------------------------------
     {.0642515+.0247998*ii, 0, -.318434-.0495808*ii}, {.200608+.194656*ii, 0,
     ------------------------------------------------------------------------
     -.315982-.112784*ii}, {-.743202-.256485*ii,
     ------------------------------------------------------------------------
     7.88284e-263+1.40133e-262*ii, -.465034+.953718*ii}, {.797233-1.72401*ii,
     ------------------------------------------------------------------------
     -7.72897e-263+9.28284e-263*ii, -.033092+1.51813*ii},
     ------------------------------------------------------------------------
     {1.33032-1.56684*ii, 3.33388e-265-2.40258e-266*ii, 1.72686+3.79749*ii},
     ------------------------------------------------------------------------
     {.529829+1.20222*ii, 3.07483e-220-2.61423e-220*ii, -1.10859-.928952*ii},
     ------------------------------------------------------------------------
     {-.553557-1.3626*ii, 6.86556e-273+1.33381e-273*ii, -1.06011+2.38352*ii},
     ------------------------------------------------------------------------
     {-.379831-.459899*ii, 0, -.245823+.513268*ii}, {-.107218+.550229*ii, 0,
     ------------------------------------------------------------------------
     -.121186+.281192*ii}, {-.0185982-.0950759*ii, 0, -.419375-.0311165*ii},
     ------------------------------------------------------------------------
     {-.782049+.650824*ii, 1.3581e-264-4.89945e-265*ii, -.632024-.033111*ii},
     ------------------------------------------------------------------------
     {.062893+.647244*ii, -1.60017e-269-5.6086e-270*ii,
     ------------------------------------------------------------------------
     -.154289+.0995134*ii}, {.358805-.834729*ii,
     ------------------------------------------------------------------------
     -3.80191e-269-7.08697e-270*ii, 1.03471+1.91944*ii},
     ------------------------------------------------------------------------
     {-.0316014+.186654*ii, 0, -.282954-.0952237*ii}, {-.679284-.540491*ii,
     ------------------------------------------------------------------------
     0, -.945882+1.69932*ii}, {-.0091109+.0930764*ii, 0,
     ------------------------------------------------------------------------
     -.223771-.0355148*ii}, {-.517451+.014714*ii,
     ------------------------------------------------------------------------
     -1.80676e-270-2.50407e-270*ii, .064525+1.60576*ii},
     ------------------------------------------------------------------------
     {-.019871-1.32577*ii, 0, -.081711+1.14267*ii}, {.278336+.0404575*ii,
     ------------------------------------------------------------------------
     -3.61648e-268-4.73594e-268*ii, .088480+2.14217*ii},
     ------------------------------------------------------------------------
     {.0585215+.0220442*ii, 3.37217e-224+5.52447e-225*ii,
     ------------------------------------------------------------------------
     -.217132+.0600006*ii}, {.299218+.433327*ii,
     ------------------------------------------------------------------------
     -1.99912e-271-1.66694e-271*ii, -1.23927-1.27343*ii},
     ------------------------------------------------------------------------
     {.0084037-.297952*ii, -2.24436e-272+2.38096e-272*ii,
     ------------------------------------------------------------------------
     -.0285364+.437322*ii}, {.676079+.614336*ii,
     ------------------------------------------------------------------------
     -4.87739e-270+6.75526e-270*ii, -1.17901-1.12324*ii},
     ------------------------------------------------------------------------
     {-.140451+.13749*ii, -1.10033e-269+1.62548e-269*ii,
     ------------------------------------------------------------------------
     -.430854-.254953*ii}, {-.714979-.748358*ii, 0, -.505839+1.75394*ii},
     ------------------------------------------------------------------------
     {-.0594582+.271749*ii, -7.57233e-268+6.44739e-268*ii,
     ------------------------------------------------------------------------
     -.686479-.655379*ii}, {.364587+.297796*ii, 0, -.295198+.0669458*ii},
     ------------------------------------------------------------------------
     {-.493958+.447572*ii, 0, -.315787+.339407*ii}, {.0195175+.127571*ii,
     ------------------------------------------------------------------------
     -3.21462e-270+3.13135e-270*ii, .0245374+.351601*ii},
     ------------------------------------------------------------------------
     {-.194682+.0954634*ii, -1.67328e-270-3.85319e-271*ii, .208471+1.056*ii},
     ------------------------------------------------------------------------
     {.212408+3.18455*ii, 4.25015e-269+1.10855e-268*ii, -1.77337-1.01703*ii},
     ------------------------------------------------------------------------
     {.037983-.425384*ii, 6.65696e-225+2.20459e-224*ii, -.190673+.427597*ii},
     ------------------------------------------------------------------------
     {-.683924-.29708*ii, 0, -.737381+1.20904*ii}, {-.29208-.187947*ii,
     ------------------------------------------------------------------------
     6.75931e-270-3.63004e-269*ii, -.336941+.11444*ii}, {4.09206-.142702*ii,
     ------------------------------------------------------------------------
     0, -2.28679+1.17241*ii}, {-.724672-.110462*ii,
     ------------------------------------------------------------------------
     -2.36625e-271+7.18431e-272*ii, -.400179+.646303*ii},
     ------------------------------------------------------------------------
     {2.16488-.379066*ii, 1.43023e-267+3.27802e-268*ii, -2.04492-.15908*ii},
     ------------------------------------------------------------------------
     {-.650661+.827033*ii, 1.61235e-221-6.91407e-222*ii,
     ------------------------------------------------------------------------
     -2.19973-1.66986*ii}, {-.545143-.121539*ii, 0, -.010269+1.60789*ii},
     ------------------------------------------------------------------------
     {-.534622+.55485*ii, 8.02211e-267+1.51307e-267*ii, -.447912+.636901*ii},
     ------------------------------------------------------------------------
     {-.221979+.173894*ii, -2.89067e-273-1.55937e-272*ii,
     ------------------------------------------------------------------------
     -.025347+.582672*ii}, {2.36861-1.13828*ii, 5.76857e-267+4.58525e-267*ii,
     ------------------------------------------------------------------------
     -1.01939+1.54145*ii}, {.019431-1.24445*ii, 3.33896e-269-6.89606e-269*ii,
     ------------------------------------------------------------------------
     -.176585+1.00583*ii}, {-.703769-.16961*ii, -5.2936e-263-1.0505e-261*ii,
     ------------------------------------------------------------------------
     -.442413+.636851*ii}, {.421251-1.8619*ii, 0, .180303+1.86143*ii},
     ------------------------------------------------------------------------
     {-.530439+1.10186*ii, 2.06403e-266-1.52937e-266*ii,
     ------------------------------------------------------------------------
     -.668283+.167322*ii}, {.116139+.163809*ii, 8.19862e-272+1.25893e-271*ii,
     ------------------------------------------------------------------------
     -.272892-.0997227*ii}, {.332614+.0474956*ii,
     ------------------------------------------------------------------------
     -1.29414e-266-6.53518e-266*ii, -.896619-.471021*ii},
     ------------------------------------------------------------------------
     {-.829855+1.61466*ii, 1.42976e-266+4.89434e-266*ii,
     ------------------------------------------------------------------------
     -.952834-.419037*ii}, {.841065-2.27692*ii, 1.46996e-266-1.09237e-267*ii,
     ------------------------------------------------------------------------
     .834711+2.30007*ii}, {-1.14976+1.6803*ii, 0, -1.79226-1.78202*ii},
     ------------------------------------------------------------------------
     {.091659+1.30643*ii, -1.51751e-267+7.83001e-268*ii,
     ------------------------------------------------------------------------
     -.406041-.0990315*ii}, {-.241683-1.32165*ii, 0, -.501472+1.1395*ii},
     ------------------------------------------------------------------------
     {4.55703-1.39179*ii, 1.73063e-270-1.055e-269*ii, -2.97927+1.38651*ii},
     ------------------------------------------------------------------------
     {-.0579179-.0368148*ii, 0, .168755+.727575*ii}, {-.737506-.868555*ii,
     ------------------------------------------------------------------------
     6.2117e-272-3.9807e-271*ii, -.668018+2.34099*ii}, {-.514195-.191202*ii,
     ------------------------------------------------------------------------
     0, -.246571+.691396*ii}, {.167891+.217353*ii,
     ------------------------------------------------------------------------
     -1.98087e-222-2.59781e-222*ii, -1.73799-1.17149*ii},
     ------------------------------------------------------------------------
     {-.197194+.0256213*ii, 0, -.307323-.0025388*ii}, {-.407057-.489384*ii,
     ------------------------------------------------------------------------
     0, .139056+2.9242*ii}, {1.36565+2.2389*ii, 0, -1.50689+.138592*ii},
     ------------------------------------------------------------------------
     {-.699644+.516624*ii, 7.71754e-263-1.05339e-262*ii,
     ------------------------------------------------------------------------
     -.836605-.558303*ii}, {1.61056+.239206*ii, 0, -.605731+2.55079*ii},
     ------------------------------------------------------------------------
     {.16557+.258931*ii, -4.74027e-224+1.99485e-225*ii,
     ------------------------------------------------------------------------
     -.0756091+.360488*ii}, {-.525291+.706515*ii, 0, -1.56168-1.72448*ii},
     ------------------------------------------------------------------------
     {1.73315+2.30086*ii, -5.08382e-214-4.06055e-213*ii, -2.5555+1.67573*ii},
     ------------------------------------------------------------------------
     {-.612532-.278143*ii, 0, -.425169+.501038*ii}, {.151556+.300694*ii,
     ------------------------------------------------------------------------
     -5.5915e-225-9.72903e-224*ii, -.0646861+.410872*ii},
     ------------------------------------------------------------------------
     {-.429592+.927867*ii, -1.18623e-221-8.93209e-222*ii,
     ------------------------------------------------------------------------
     -.468727+.0333835*ii}, {.459937-.760177*ii, 1.645e-271+2.44935e-270*ii,
     ------------------------------------------------------------------------
     .332187+1.22408*ii}, {-.0644256-.18477*ii, 0, -1.67644-.10271*ii},
     ------------------------------------------------------------------------
     {.198498+.145479*ii, 0, -.467187-.265985*ii}, {.0316903+.299178*ii, 0,
     ------------------------------------------------------------------------
     -1.0704-1.07869*ii}, {-.485808-.0739958*ii,
     ------------------------------------------------------------------------
     5.62228e-263-1.66466e-262*ii, -.415301+.120327*ii}, {.150874+.126061*ii,
     ------------------------------------------------------------------------
     0, .120049+1.16466*ii}, {.193893+.533151*ii,
     ------------------------------------------------------------------------
     4.66962e-270-4.14316e-271*ii, -.184414+.0099841*ii},
     ------------------------------------------------------------------------
     {1.35164+6.11122*ii, 5.40607e-265-2.07545e-265*ii, -5.75815-2.5952*ii},
     ------------------------------------------------------------------------
     {1.65813-.936933*ii, 0, -2.5472-.009282*ii}, {-.654001-.213361*ii, 0,
     ------------------------------------------------------------------------
     -.331838+.79167*ii}, {.859793+1.05806*ii, -7.83466e-220-4.35459e-220*ii,
     ------------------------------------------------------------------------
     -.680455+.191578*ii}, {-.622478+.113218*ii,
     ------------------------------------------------------------------------
     1.70711e-264-6.64562e-265*ii, -.550839-.045901*ii}, {.293033-.479664*ii,
     ------------------------------------------------------------------------
     4.7865e-252-7.82544e-252*ii, .876319+2.24236*ii}, {.646995+.347707*ii,
     ------------------------------------------------------------------------
     1.20271e-267+9.43366e-268*ii, -.856338-.679298*ii},
     ------------------------------------------------------------------------
     {-.687974-.175459*ii, 1.61495e-221-2.0870e-223*ii, -.416378+.554022*ii},
     ------------------------------------------------------------------------
     {-.537548+.050151*ii, 0, -.887561+1.48163*ii}, {-.486339+.290603*ii,
     ------------------------------------------------------------------------
     -1.0278e-227-3.53305e-225*ii, -.197768+.608277*ii}, {.46756-.0392712*ii,
     ------------------------------------------------------------------------
     0, -1.87394-.825322*ii}, {-.442111+.591804*ii, 0, -.325214+.265107*ii},
     ------------------------------------------------------------------------
     {.771555-.878802*ii, 0, 1.22921+3.1591*ii}, {-.384518+.07182*ii, 0,
     ------------------------------------------------------------------------
     .018331+1.73494*ii}, {1.49695+.357475*ii, 9.51421e-269-1.31792e-268*ii,
     ------------------------------------------------------------------------
     -1.621-.991538*ii}, {-.594364+.01826*ii, -5.4051e-264-2.30941e-264*ii,
     ------------------------------------------------------------------------
     -.733274+.201534*ii}}

o4 : List

i5 : 
