-- -*- M2-comint -*- {* hash: 1434670481 *}

i1 : R=QQ[x,y,t]

o1 = R

o1 : PolynomialRing

i2 : makeB'InputFile(storeBM2Files,
         B'Configs=>{{"PARAMETERHOMOTOPY",1}},
         PG=>{t},    AVG=>{{x,y}},
         B'Polynomials=>{x^2-1,y^2-t})

o2 = /var/folders/yh/4npbdc5j3lbg4vmfn63b5r240000gn/T/M2-62316-0/0/input

o2 : File

i3 : runBertini(storeBM2Files)
bertini

i4 : copyFile(storeBM2Files|"/nonsingular_solutions",storeBM2Files|"/start")

i5 : makeB'InputFile(storeBM2Files,
         B'Configs=>{{"PARAMETERHOMOTOPY",2}},
         PG=>{t},    AVG=>{{x,y}},
         B'Polynomials=>{x^2-1,y^2-t})

o5 = /var/folders/yh/4npbdc5j3lbg4vmfn63b5r240000gn/T/M2-62316-0/0/input

o5 : File

i6 : writeParameterFile(storeBM2Files,{1})

o6 = /var/folders/yh/4npbdc5j3lbg4vmfn63b5r240000gn/T/M2-62316-0/0/final_parameters

o6 : File

i7 : runBertini(storeBM2Files)
bertini

i8 : 
