-- -*- M2-comint -*- {* hash: -1307972438 *}
--loading configuration for package "PHCpack" from file /home/aleykin3/.Macaulay2/init-PHCpack.m2

i1 : R=QQ[x,y,z]      --R=CC[x,y,z]

o1 = R

o1 : PolynomialRing

i2 : system={y-x^2,z-x^3,x+y+z-1}

         2         3
o2 = {- x  + y, - x  + z, x + y + z - 1}

o2 : List

i3 : solns =solveBlackBox(system);
using temporary file name /tmp/M2-9574-1PHCinput

i4 : numSolns = #solns

o4 = 3

i5 : solns/print
{-.771845+1.11514*ii, -.647799-1.72143*ii, 2.41964+.606291*ii}
{.543689, .295598, .160713}
{-.771845-1.11514*ii, -.647799+1.72143*ii, 2.41964-.606291*ii}

o5 = {, , }

o5 : List

i6 : vol = mixedVolume(system)
using temporary file name /tmp/M2-9574-2PHCinput

o6 = 3

i7 : vol == 3 --in this case the mixed volume bound is sharp

o7 = true

i8 : 
     
