--warning: checksum has changed for a map
--package "Macaulay2Core" loaded
--package "PrimaryDecomposition" loaded
--loading the Macaulay2 documentation
--package "Macaulay2" loaded

i1 : M = ZZ^2 ++ ZZ^3

       5
o1 = ZZ

o1 : ZZ-module, free

i2 : M^[0]

o2 = | 1 0 0 0 0 |
     | 0 1 0 0 0 |

              2        5
o2 : Matrix ZZ  <--- ZZ

i3 : M^[1]

o3 = | 0 0 1 0 0 |
     | 0 0 0 1 0 |
     | 0 0 0 0 1 |

              3        5
o3 : Matrix ZZ  <--- ZZ

i4 : M^[1,0]

o4 = | 0 0 1 0 0 |
     | 0 0 0 1 0 |
     | 0 0 0 0 1 |
     | 1 0 0 0 0 |
     | 0 1 0 0 0 |

              5        5
o4 : Matrix ZZ  <--- ZZ

i5 : 
