--warning: checksum has changed for a map
--package "Macaulay2Core" loaded
--package "PrimaryDecomposition" loaded
--loading the Macaulay2 documentation
--package "Macaulay2" loaded

i1 : R = ZZ/101[x,y,z]

o1 = R

o1 : PolynomialRing

i2 : f = matrix {{x,0,0},{0,y,0},{0,0,z}}

o2 = | x 0 0 |
     | 0 y 0 |
     | 0 0 z |

             3       3
o2 : Matrix R  <--- R

i3 : f|f|f

o3 = | x 0 0 x 0 0 x 0 0 |
     | 0 y 0 0 y 0 0 y 0 |
     | 0 0 z 0 0 z 0 0 z |

             3       9
o3 : Matrix R  <--- R

i4 : 33 | f

o4 = | 33 0  0  x 0 0 |
     | 0  33 0  0 y 0 |
     | 0  0  33 0 0 z |

             3       6
o4 : Matrix R  <--- R

i5 : 
