-- -*- M2-comint -*-
with packages: Classic, Elimination, LLLBases, PrimaryDecomposition, SchurRings

i1 : hashTable apply(pairs PrintNames, (k,v) -> (v,class k))

o1 = HashTable{-infinity => InfiniteNumber                                  }
               Classic#"private dictionary" => GlobalDictionary
               Classic.Dictionary => GlobalDictionary
               Elimination#"private dictionary" => GlobalDictionary
               Elimination.Dictionary => GlobalDictionary
               infinity => InfiniteNumber
               LLLBases#"private dictionary" => GlobalDictionary
               LLLBases.Dictionary => GlobalDictionary
               Macaulay2Core#"private dictionary" => GlobalDictionary
               Macaulay2Core.Dictionary => GlobalDictionary
               Parsing#"private dictionary" => GlobalDictionary
               Parsing.Dictionary => GlobalDictionary
               PrimaryDecomposition#"private dictionary" => GlobalDictionary
               PrimaryDecomposition.Dictionary => GlobalDictionary
               SchurRings#"private dictionary" => GlobalDictionary
               SchurRings.Dictionary => GlobalDictionary
               User#"private dictionary" => GlobalDictionary
               User.Dictionary => GlobalDictionary

o1 : HashTable

i2 : 
