loaddata: map has appeared or changed its location: 0x00118000-0x0011e000 r-x 908788983
--package "Macaulay2Core" loaded
--package "PrimaryDecomposition" loaded
--loading the Macaulay2 documentation
--package "Macaulay2" loaded

i1 : R = QQ[x_1 .. x_10];

i2 : N = coker vars R ++ coker vars R

o2 = cokernel | x_1 x_2 x_3 x_4 x_5 x_6 x_7 x_8 x_9 x_10 0   0   0   0   0   0   0   0   0   0    |
              | 0   0   0   0   0   0   0   0   0   0    x_1 x_2 x_3 x_4 x_5 x_6 x_7 x_8 x_9 x_10 |

                            2
o2 : R-module, quotient of R

i3 : f = N_{0} - N_{1}

o3 = | 1  |
     | -1 |

o3 : Matrix

i4 : M = image(f)

o4 = subquotient (| 1  |, | x_1 x_2 x_3 x_4 x_5 x_6 x_7 x_8 x_9 x_10 0   0   0   0   0   0   0   0   0   0    |)
                  | -1 |  | 0   0   0   0   0   0   0   0   0   0    x_1 x_2 x_3 x_4 x_5 x_6 x_7 x_8 x_9 x_10 |

                               2
o4 : R-module, subquotient of R

i5 : ambient M

      2
o5 = R

o5 : R-module, free

i6 : ambient M == target generators M

o6 = true

o6 : Boolean

i7 : ambient M == target relations M

o7 = true

o7 : Boolean

i8 : 
