--warning: checksum has changed for a map
--package "Macaulay2Core" loaded
--package "PrimaryDecomposition" loaded
--loading the Macaulay2 documentation
--package "Macaulay2" loaded

i1 : R = ZZ/101[a,b,c];

i2 : M = R^3;

i3 : N = ideal(a,b) * M

o3 = image | a 0 0 b 0 0 |
           | 0 a 0 0 b 0 |
           | 0 0 a 0 0 b |

                             3
o3 : R-module, submodule of R

i4 : isSubmodule N

o4 = true

o4 : Boolean

i5 : N1 = ideal(a,b) * (R^1 / ideal(a^2,b^2,c^2))

o5 = subquotient (| a b |, | a2 b2 c2 |)

                               1
o5 : R-module, subquotient of R

i6 : isSubmodule N1

o6 = false

o6 : Boolean

i7 : 
