--warning: checksum has changed for a map
--package "Macaulay2Core" loaded
--package "PrimaryDecomposition" loaded
--loading the Macaulay2 documentation
--package "Macaulay2" loaded

i1 : R = QQ[a..d]/(a*b*c*d);

i2 : I = ideal(a^2,b^2) * R^1

o2 = image | a2 b2 |

                             1
o2 : R-module, submodule of R

i3 : isIdeal I

o3 = true

o3 : Boolean

i4 : J = a^2 * R^2 + a*b * R^2

o4 = image | a2 0  ab 0  |
           | 0  a2 0  ab |

                             2
o4 : R-module, submodule of R

i5 : isIdeal J

o5 = false

o5 : Boolean

i6 : 
