-- -*- M2-comint -*-

i1 : R = QQ[a..f];

i2 : F = matrix{{a,b,d,e},{b,c,e,f}}

o2 = | a b d e |
     | b c e f |

             2       4
o2 : Matrix R  <--- R

i3 : M = ker F

o3 = image {1} | 0      e2-df  cd-be  ce-bf  |
           {1} | e2-df  0      -bd+ae -be+af |
           {1} | -ce+bf -be+af b2-ac  0      |
           {1} | cd-be  bd-ae  0      b2-ac  |

                             4
o3 : R-module, submodule of R

i4 : coker F

o4 = cokernel | a b d e |
              | b c e f |

                            2
o4 : R-module, quotient of R

i5 : image F

o5 = image | a b d e |
           | b c e f |

                             2
o5 : R-module, submodule of R

i6 : generators M

o6 = {1} | 0      e2-df  cd-be  ce-bf  |
     {1} | e2-df  0      -bd+ae -be+af |
     {1} | -ce+bf -be+af b2-ac  0      |
     {1} | cd-be  bd-ae  0      b2-ac  |

             4       4
o6 : Matrix R  <--- R

i7 : relations M

o7 = 0

             4
o7 : Matrix R  <--- 0

i8 : presentation M

o8 = {3} | b  a  |
     {3} | -c -b |
     {3} | -f -e |
     {3} | e  d  |

             4       2
o8 : Matrix R  <--- R

i9 : 
