-- -*- M2-comint -*-

i1 : m = mutableIdentity(QQ,10)

o1 = | 1 . . . . . . . . . |
     | . 1 . . . . . . . . |
     | . . 1 . . . . . . . |
     | . . . 1 . . . . . . |
     | . . . . 1 . . . . . |
     | . . . . . 1 . . . . |
     | . . . . . . 1 . . . |
     | . . . . . . . 1 . . |
     | . . . . . . . . 1 . |
     | . . . . . . . . . 1 |

o1 : MutableMatrix

i2 : m_(5,5) = 11/13

     11
o2 = --
     13

o2 : QQ

i3 : m

o3 = | 1 . . . . .     . . . . |
     | . 1 . . . .     . . . . |
     | . . 1 . . .     . . . . |
     | . . . 1 . .     . . . . |
     | . . . . 1 .     . . . . |
     | . . . . . 11/13 . . . . |
     | . . . . . .     1 . . . |
     | . . . . . .     . 1 . . |
     | . . . . . .     . . 1 . |
     | . . . . . .     . . . 1 |

o3 : MutableMatrix

i4 : 
