-- -*- M2-comint -*-

i1 : ofClass class 3

o1 = (an , integer)

o1 : Sequence

i2 : peek oo

o2 = ("an ", TO2{User :: ZZ, "integer"})

i3 : ofClass Ring

o3 = (a , ring)

o3 : Sequence

i4 : ofClass HashTable

o4 = (a , hash table)

o4 : Sequence

i5 : ofClass ProjectiveVariety

o5 = (a , projective variety)

o5 : Sequence

i6 : document { Key => foo, "We may need ", ofClass ZZ, " and ", ofClass HashTable, "." }

i7 : help foo

o7 = foo
     ***


     Description
     ===========
     We may need an integer and a hash table.


     For the programmer
     ==================
     The object "foo" is a symbol.

o7 : Hypertext

i8 : 
