loaddata: map has appeared or changed its location: 0x00118000-0x001c8000 r-x 4013405781
--package "Macaulay2Core" loaded
--package "PrimaryDecomposition" loaded
--loading the Macaulay2 documentation
--package "Macaulay2" loaded

i1 : R = ZZ/101[x_0 .. x_3,y_0 .. y_3]

o1 = R

o1 : PolynomialRing

i2 : m = matrix table (2, 2, (i,j) -> x_(i+2*j))

o2 = | x_0 x_2 |
     | x_1 x_3 |

             2       2
o2 : Matrix R  <--- R

i3 : n = matrix table (2, 2, (i,j) -> y_(i+2*j))

o3 = | y_0 y_2 |
     | y_1 y_3 |

             2       2
o3 : Matrix R  <--- R

i4 : f = flatten (m*n - n*m)

o4 = | x_2y_1-x_1y_2 x_1y_0-x_0y_1+x_3y_1-x_1y_3 -x_2y_0+x_0y_2-x_3y_2+x_2y_3
     ---------------------------------------------------------------------------
     -x_2y_1+x_1y_2 |

             1       4
o4 : Matrix R  <--- R

i5 : poincare cokernel f

           2     3
o5 = 1 - 3T  + 2T

o5 : ZZ [T, MonomialOrder => RevLex, Inverses => true]

i6 : 
