
i1 : R = ZZ/101[a..d];

i2 : m = matrix{{a,b,c,d}};

             1       4
o2 : Matrix R  <--- R

i3 : f = schreyerOrder m

o3 = | a b c d |

             1       4
o3 : Matrix R  <--- R

i4 : g = syz f

o4 = {1} | 0  0  0  -d -c -b |
     {1} | 0  -d -c 0  0  a  |
     {1} | -d 0  b  0  a  0  |
     {1} | c  b  0  a  0  0  |

             4       6
o4 : Matrix R  <--- R

i5 : leadTerm g

o5 = {1} | 0 0 0 0 0 0 |
     {1} | 0 0 0 0 0 a |
     {1} | 0 0 b 0 a 0 |
     {1} | c b 0 a 0 0 |

             4       6
o5 : Matrix R  <--- R

i6 : 
