-- -*- M2-comint -*-
with packages: Classic, Elimination, LLLBases, PrimaryDecomposition, SchurRings

i1 : showStructure

o1 = Thing : BasicList : Command
                         DocumentTag
                         Eliminate
                         Expression : Adjacent
                                      AssociativeExpression : Equation
                                                              Product
                                                              Sum
                                      BinaryOperation
                                      Divide
                                      FunctionApplication
                                      Holder : OneExpression
                                               ZeroExpression
                                      MatrixExpression
                                      Minus
                                      NonAssociativeProduct
                                      Power
                                      RowExpression
                                      SparseMonomialVectorExpression
                                      SparseVectorExpression
                                      Subscript
                                      Superscript
                                      Table
                         FilePosition
                         ForestNode
                         Hybrid
                         IndeterminateNumber
                         IndexedVariable
                         InfiniteNumber
                         LowerBound
                         Manipulator
                         MarkUpList : ANCHOR
                                      BOLD
                                      BR
                                      CDATA
                                      CODE
                                      COMMENT
                                      EM
                                      ExampleItem
                                      HREF
                                      HTML
                                      IMG
                                      ITALIC
                                      LABEL
                                      LATER
                                      LINK
                                      LITERAL
                                      MarkUpListParagraph : HEAD
                                                            HEADER1
                                                            HEADER2
                                                            HEADER3
                                                            HEADER4
                                                            HEADER5
                                                            HEADER6
                                                            HR
                                                            MarkUpListContainer : BLOCKQUOTE
                                                                                  BODY
                                                                                  DIV
                                                                                  DIV1
                                                                                  LI
                                                                                  TD
                                                            MENU
                                                            PARA
                                                            PRE
                                                            TABLE
                                                            TITLE
                                                            UL
                                      META
                                      SMALL
                                      SPAN
                                      STRONG
                                      SUB
                                      SUP
                                      TEX
                                      TO
                                      TO2
                                      TOH
                                      TR
                                      TT
                         MinorsComputation
                         MutableList : Bag
                         Option
                         Partition
                         ProductOrder
                         PushforwardComputation
                         Time
                         TreeNode
                         URL
                         Vector
                         VisibleList : Array
                                       List
                                       Sequence
                                       VerticalList
             Boolean
             CompiledFunctionBody
             Database
             Dictionary : GlobalDictionary
                          LocalDictionary
             File
             Function : CompiledFunction
                        CompiledFunctionClosure
                        FunctionClosure
             FunctionBody
             HashTable : CoherentSheaf
                         Ideal : MonomialIdeal
                         ImmutableType : Module
                         ModuleMap : Matrix
                         MonoidElement
                         MutableHashTable : CacheTable
                                            ChainComplexMap
                                            GradedModule : ChainComplex
                                            GradedModuleMap
                                            GroebnerBasis
                                            Package
                                            Resolution
                                            ScriptedFunctor
                                            Type : HeaderType
                                                   Monoid : OrderedMonoid : GeneralOrderedMonoid
                                                   Ring : EngineRing : FractionField
                                                                       GaloisField
                                                                       PolynomialRing
                                                                       QuotientRing
                                                                       SchurRing
                                                   SelfInitializingType : MarkUpType : IntermediateMarkUpType
                                                                                       MarkUpTypeWithOptions
                                                   WrapperType
                                            Variety : AffineVariety
                                                      ProjectiveVariety
                         MutableMatrix
                         OptionTable
                         ProjectiveHilbertPolynomial
                         RingElement
                         RingMap
                         SheafOfRings
                         SumOfTwists
                         Tally : Set
             Net : String
             NetFile
             Nothing
             Number : CC
                      CCC
                      QQ
                      RR
                      RRR
                      ZZ
             Pseudocode
             Symbol : Keyword

i2 : 
