--package "Macaulay2Core" loaded
--package "PrimaryDecomposition" loaded
--loading the Macaulay2 documentation
--package "Macaulay2" loaded

i1 : R = QQ[a..d];

i2 : S = symmetricAlgebra R^3

o2 = S

o2 : PolynomialRing

i3 : describe S

o3 = QQ [$x , $x , $x , a, b, c, d, Degrees => {{1}, {1}, {1}, {0}, {0}, {0}, {0}}, SkewCommutative => {}]
           0    1    2

i4 : S_0+S_4

o4 = $x  + b
       0

o4 : S

i5 : S_"$x_0"

o5 = $x
       0

o5 : S

i6 : S = symmetricAlgebra(R^3, Variables => {t,u,v})

o6 = S

o6 : PolynomialRing

i7 : symmetricAlgebra(R^1/(R_0,R_1^3), Variables => {t})

     QQ [t, a, b, c, d, Degrees => {{1}, {0}, {0}, {0}, {0}}, SkewCommutative => {}]
o7 = -------------------------------------------------------------------------------
                                                3
                                       (t*a, t*b )

o7 : QuotientRing

i8 : 
