loaddata: map has appeared or changed its location: 0x00169000-0x00187000 r-x 4062413709
--package "Macaulay2Core" loaded
--package "PrimaryDecomposition" loaded
--loading the Macaulay2 documentation
--package "Macaulay2" loaded

i1 : loadPackage "FirstPackage"
--package "FirstPackage" loaded

o1 = FirstPackage

o1 : Package

 -- an example Macaulay 2 package

i2 : installPackage FirstPackage
--installing package FirstPackage in /home/25/dan/.Macaulay2/encap/FirstPackage-1.0/
--using package sources found in ../../../Macaulay2/packages/
--making example input files in /home/25/dan/.Macaulay2/encap/FirstPackage-1.0/share/doc/Macaulay2/FirstPackage/examples/
--storing raw documentation in /home/25/dan/.Macaulay2/encap/FirstPackage-1.0/share/doc/Macaulay2/FirstPackage/rawdocumentation.db
--running tests that are functions /home/25/dan/.Macaulay2/encap/FirstPackage-1.0/share/doc/Macaulay2/FirstPackage/examples/
--making example result files in /home/25/dan/.Macaulay2/encap/FirstPackage-1.0/share/doc/Macaulay2/FirstPackage/examples/
--processing documentation nodes...
--storing processed documentation in /home/25/dan/.Macaulay2/encap/FirstPackage-1.0/share/doc/Macaulay2/FirstPackage/documentation.db
--assembling table of contents
--not making info file
--making html pages in /home/25/dan/.Macaulay2/encap/FirstPackage-1.0/share/doc/Macaulay2/FirstPackage/html/
--making  'Symbol Index' in /home/25/dan/.Macaulay2/encap/FirstPackage-1.0/share/doc/Macaulay2/FirstPackage/html/master.html
--making  'FirstPackage : Table of Contents' in /home/25/dan/.Macaulay2/encap/FirstPackage-1.0/share/doc/Macaulay2/FirstPackage/html/toc.html
--making postinstall, preremove, and encapinfo files in /home/25/dan/.Macaulay2/encap/FirstPackage-1.0/
--installed package FirstPackage in /home/25/dan/.Macaulay2/encap/FirstPackage-1.0/

i3 : 
