-- -*- M2-comint -*-

i1 : ff = 20:4; h = true; kk

o3 = kk

o3 : Symbol

i4 : listUserSymbols

o4 = symbol   class       value                                                   location of symbol
     ------   -----       -----                                                   ------------------
     ff     : Sequence -- (4, 4, 4, 4, 4, 4, 4, 4, 4, 4, 4, 4, 4, 4, 4, 4, 4, 4,. stdio:1:0-1:0     
     kk     : Symbol   -- kk                                                      stdio:1:21-1:21   

i5 : clearOutput

i6 : listUserSymbols

o6 = symbol   class       value                                                   location of symbol
     ------   -----       -----                                                   ------------------
     ff     : Sequence -- (4, 4, 4, 4, 4, 4, 4, 4, 4, 4, 4, 4, 4, 4, 4, 4, 4, 4,. stdio:1:0-1:0     
     kk     : Symbol   -- kk                                                      stdio:1:21-1:21   

i7 : clearAll

i8 : listUserSymbols

o8 = symbol  class  value location of symbol
     ------  -----  ----- ------------------

i9 : 
