-- -*- M2-comint -*- {* hash: -885222187 *}

i1 : A = matrix "1,1,1,1; 1,2,3,4"

o1 = | 1 1 1 1 |
     | 1 2 3 4 |

              2        4
o1 : Matrix ZZ  <--- ZZ

i2 : B = syz A

o2 = | 1  2  |
     | -2 -3 |
     | 1  0  |
     | 0  1  |

              4        2
o2 : Matrix ZZ  <--- ZZ

i3 : rays(transpose B)
-------------------------------------------------
4ti2 version 1.3.1, Copyright (C) 2006 4ti2 team.
4ti2 comes with ABSOLUTELY NO WARRANTY.
This is free software, and you are welcome
to redistribute it under certain conditions.
For details, see the file COPYING.
-------------------------------------------------
Using 64 bit integers.
4ti2 Total Time:  0.00 secs.
using temporary file name /tmp/M2-27589-1

o3 = | 0 1 2 3 |
     | 3 2 1 0 |

              2        4
o3 : Matrix ZZ  <--- ZZ

i4 : 
0.66user 0.07system 0:00.68elapsed 109%CPU (0avgtext+0avgdata 0maxresident)k
8inputs+16outputs (0major+10620minor)pagefaults 0swaps
