-- -*- M2-comint -*- hash: 10527139990765493666
--loading configuration for package "FourTiTwo" from file /home/lily/.Macaulay2/init-FourTiTwo.m2
--loading configuration for package "Topcom" from file /home/lily/.Macaulay2/init-Topcom.m2
--loading configuration for package "MonomialIntegerPrograms" from file /home/lily/.Macaulay2/init-MonomialIntegerPrograms.m2
Using default executable name "scip".
To change this, load package using CustomPath option.
Current value of ScipPrintLevel is 1.
To set a custom default value, load package using CustomScipPrintLevel option.

i1 : R = QQ[x,y,z,w,v];

i2 : I = monomialIdeal(x*y*w, x*z*v, y*x, y*z*v);

o2 : MonomialIdeal of R

i3 : dimensionIP(I)
Codim files saved in directory: /tmp/M2-9918-0/0

o3 = 3

i4 : ScipPrintLevel = 0;

i5 : J = monomialIdeal(x*y^3*z^7, y^4*w*v, z^2*v^8, x*w^3*v^3, y^10, z^10)

                     10     3 7   10   4        3 3   2 8
o5 = monomialIdeal (y  , x*y z , z  , y w*v, x*w v , z v )

o5 : MonomialIdeal of R

i6 : dimensionIP(J)

o6 = 2

i7 : 
