-- -*- M2-comint -*- hash: 1005296485

i1 : X = coincidentRootLocus {11,1,1,1,1}

o1 = CRL(11,1,1,1,1)

o1 : CoincidentRootLocus

i2 : Y = coincidentRootLocus {13,1,1}

o2 = CRL(13,1,1)

o2 : CoincidentRootLocus

i3 : X * Y

o3 = CRL(11,1,1,1,1) * CRL(13,1,1) (dual of CRL(6,4,1,1,1,1,1))

o3 : JoinOfCoincidentRootLoci

i4 : X * Y * Y

o4 = CRL(11,1,1,1,1) * CRL(13,1,1) * CRL(13,1,1) (dual of CRL(6,4,4,1))

o4 : JoinOfCoincidentRootLoci

i5 : I = ideal coincidentRootLocus {4}

             2                                    2                       2
o5 = ideal (t  - t t , t t  - t t , t t  - t t , t  - t t , t t  - t t , t  -
             3    2 4   2 3    1 4   1 3    0 4   2    0 4   1 2    0 3   1  
     ------------------------------------------------------------------------
     t t )
      0 2

o5 : Ideal of QQ[t , t , t , t , t ]
                  0   1   2   3   4

i6 : projectiveJoin(I,I)

            3                2    2
o6 = ideal(t  - 2t t t  + t t  + t t  - t t t )
            2     1 2 3    0 3    1 4    0 2 4

o6 : Ideal of QQ[t , t , t , t , t ]
                  0   1   2   3   4

i7 : 
