-- -*- M2-comint -*- hash: 39249493
****************************************************************************
CoincidentRootLoci v.0.1.2 loaded successfully (last updated: June 22, 2020)
****************************************************************************

i1 : X = coincidentRootLocus({2,2,1},ZZ/101)

o1 = CRL(2,2,1;ZZ/101)

o1 : CoincidentRootLocus

i2 : I = randomInCoisotropic(X,1)

             3 2      2 3        4      5   4        2 3       4      5   5  
o2 = ideal (t t  + 42t t  + 32t t  - 32t , t t  + 14t t  + 4t t  - 44t , t  -
             0 1      0 1      0 1      1   0 1      0 1     0 1      1   0  
     ------------------------------------------------------------------------
        2 3        4      5
     40t t  - 18t t  - 36t )
        0 1      0 1      1

               ZZ
o2 : Ideal of ---[t , t ]
              101  0   1

i3 : isInCoisotropic(I,X)

o3 = true

i4 : 
