-- -*- M2-comint -*- hash: -1764815559
****************************************************************************
CoincidentRootLoci v.0.1.2 loaded successfully (last updated: June 22, 2020)
****************************************************************************

i1 : X = coincidentRootLocus {3,2}

o1 = CRL(3,2)

o1 : CoincidentRootLocus

i2 : ring X

o2 = QQ[t , t , t , t , t , t ]
         0   1   2   3   4   5

o2 : PolynomialRing

i3 : X' = coincidentRootLocus({3,2},ZZ/3331,Variable=>x)

o3 = CRL(3,2;ZZ/3331;'x')

o3 : CoincidentRootLocus

i4 : ring X'

      ZZ
o4 = ----[x , x , x , x , x , x ]
     3331  0   1   2   3   4   5

o4 : PolynomialRing

i5 : 
