-- -*- M2-comint -*- {* hash: 1458328687 *}

i1 : F = ZZ^3

       3
o1 = ZZ

o1 : ZZ-module, free

i2 : class F

o2 = Module

o2 : Type

i3 : parent class F

o3 = ImmutableType

o3 : Type

i4 : showStructure class F

o4 = Thing : HashTable : ImmutableType : Module

o4 : Descent

i5 : showStructure F

o5 = Thing : BasicList : Vector : F

o5 : Descent

i6 : v = F_0 + 3*F_2

o6 = | 1 |
     | 0 |
     | 3 |

       3
o6 : ZZ

i7 : F === ZZ^3

o7 = true

i8 : set (ZZ^3, ZZ^2, ZZ^3)

            2    3
o8 = set {ZZ , ZZ }

o8 : Set

i9 : peek F

o9 = Module of Vector{cache => CacheTable{...2...}                     }
                      numgens => 3
                      RawFreeModule => free(rank 3 degrees = {1, 1, 1})
                      ring => ZZ

i10 : ZZ^3_0 + ZZ^3_2

o10 = | 1 |
      | 0 |
      | 1 |

        3
o10 : ZZ

i11 : 
0.75user 0.06system 0:00.81elapsed 100%CPU (0avgtext+0avgdata 0maxresident)k
0inputs+0outputs (0major+10844minor)pagefaults 0swaps
