-- -*- M2-comint -*- {* hash: 657443258 *}

i1 : x_a

o1 = x
      a

o1 : IndexedVariable

i2 : x_a = b

o2 = b

o2 : Symbol

i3 : x_a

o3 = b

o3 : Symbol

i4 : x_c

o4 = x
      c

o4 : IndexedVariable

i5 : x_c = d

o5 = d

o5 : Symbol

i6 : x_c

o6 = d

o6 : Symbol

i7 : peek x

o7 = IndexedVariableTable{a => b      }
                          c => d
                          symbol$ => x

i8 : 
0.80user 0.05system 0:00.98elapsed 87%CPU (0avgtext+0avgdata 0maxresident)k
0inputs+0outputs (0major+10844minor)pagefaults 0swaps
