-- -*- M2-comint -*-

i1 : R = ZZ/101[a..h]

o1 = R

o1 : PolynomialRing

i2 : p = genericMatrix(R,a,2,4)

o2 = | a c e g |
     | b d f h |

             2       4
o2 : Matrix R  <--- R

i3 : q = generators gb p

o3 = | g e c a 0     0     0     0     0     0     |
     | h f d b fg-eh dg-ch bg-ah de-cf be-af bc-ad |

             2       10
o3 : Matrix R  <--- R

i4 : C = resolution cokernel leadTerm q

      2      10      14      7      1
o4 = R  <-- R   <-- R   <-- R  <-- R  <-- 0
                                           
     0      1       2       3      4      5

o4 : ChainComplex

i5 : betti C

            0  1  2 3 4
o5 = total: 2 10 14 7 1
         0: 2  4  6 4 1
         1: .  6  8 3 .

o5 : BettiTally

i6 : 
