-- -*- M2-comint -*- {* hash: -1976761390 *}

i1 : S = ZZ/10007[x,y];

i2 : betti coker matrix{{x^3,x*y^2},{y*x^2,y^3}}

            0 1
o2 = total: 2 2
         0: 2 .
         1: . .
         2: . 2

o2 : BettiTally

i3 : betti coker map(S^{0,-1},,matrix{{x^2,y},{y^3,x^2}})

            0 1
o3 = total: 2 2
         0: 1 .
         1: 1 .
         2: . 1
         3: . 1

o3 : BettiTally

i4 : 
0.79user 0.03system 0:00.84elapsed 97%CPU (0avgtext+0avgdata 0maxresident)k
0inputs+0outputs (0major+10845minor)pagefaults 0swaps
