-- -*- M2-comint -*- {* hash: -475022052 *}

i1 : R = ZZ/101[x,y]

o1 = R

o1 : PolynomialRing

i2 : C = chainComplex{matrix{{x,y}},matrix{{x*y},{-x^2}}}

      1      2      1
o2 = R  <-- R  <-- R
                    
     0      1      2

o2 : ChainComplex

i3 : C.dd^2 == 0

o3 = true

i4 : HH C

o4 = 0 : cokernel | x y |                     

     1 : subquotient ({1} | -y |, {1} | xy  |)
                      {1} | x  |  {1} | -x2 |

     2 : image 0                              

o4 : GradedModule

i5 : 
0.77user 0.04system 0:00.80elapsed 100%CPU (0avgtext+0avgdata 0maxresident)k
0inputs+0outputs (0major+10843minor)pagefaults 0swaps
