-- -*- M2-comint -*- {* hash: 1338126528 *}

i1 : for i from 1 to 4 list (continue 4; print ho) do print hi
hi
hi
hi
hi

o1 = {4, 4, 4, 4}

o1 : List

i2 : for i from 1 to 4 list (continue ; 14) do print hi
hi
hi
hi
hi

o2 = {}

o2 : List

i3 : for i from 1 to 4 list 14 do print hi
hi
hi
hi
hi

o3 = {14, 14, 14, 14}

o3 : List

i4 : i = 0 ; while i < 10 do ( i = i+1; if i == 5 then continue ; print i )
1
2
3
4
6
7
8
9
10

i6 : 
0.77user 0.06system 0:00.84elapsed 99%CPU (0avgtext+0avgdata 0maxresident)k
0inputs+0outputs (0major+10844minor)pagefaults 0swaps
