-- -*- M2-comint -*- {* hash: 155884309 *}

i1 : R = ZZ/101[a,b];

i2 : C = resolution cokernel vars R

      1      2      1
o2 = R  <-- R  <-- R  <-- 0
                           
     0      1      2      3

o2 : ChainComplex

i3 : C.dd

          1               2
o3 = 0 : R  <----------- R  : 1
               | a b |

          2                  1
     1 : R  <-------------- R  : 2
               {1} | -b |
               {1} | a  |

          1
     2 : R  <----- 0 : 3
               0

o3 : ChainComplexMap

i4 : C.dd_2

o4 = {1} | -b |
     {1} | a  |

             2       1
o4 : Matrix R  <--- R

i5 : 
0.77user 0.09system 0:00.88elapsed 97%CPU (0avgtext+0avgdata 0maxresident)k
0inputs+0outputs (0major+10843minor)pagefaults 0swaps
