-- -*- M2-comint -*- {* hash: -1859742771 *}

i1 : M = matrix {{1,2}, {5,7}}

o1 = | 1 2 |
     | 5 7 |

              2        2
o1 : Matrix ZZ  <--- ZZ

i2 : eigenvalues M

o2 = { -.358899 }
     { 8.3589   }

o2 : VerticalList

i3 : class \ oo

o3 = { CC }
     { CC }

o3 : VerticalList

i4 : M = matrix {{1,2}, {2,1}}

o4 = | 1 2 |
     | 2 1 |

              2        2
o4 : Matrix ZZ  <--- ZZ

i5 : eigenvalues(M, Hermitian=>true)

o5 = { -1 }
     { 3  }

o5 : VerticalList

i6 : class \ oo

o6 = { RR }
     { RR }

o6 : VerticalList

i7 : 
0.77user 0.04system 0:00.81elapsed 100%CPU (0avgtext+0avgdata 0maxresident)k
0inputs+0outputs (0major+10845minor)pagefaults 0swaps
