-- -*- M2-comint -*- {* hash: 1868597317 *}

i1 : R = QQ[x,y]

o1 = R

o1 : PolynomialRing

i2 : S = QQ[s,t,u]

o2 = S

o2 : PolynomialRing

i3 : f = map(R,S,{x^2,x*y,y^2})

               2        2
o3 = map(R,S,{x , x*y, y })

o3 : RingMap R <--- S

i4 : graphIdeal f

               2                       2
o4 = ideal (- p  + p , - p p  + p , - p  + p )
               0    2     0 1    3     1    4

o4 : Ideal of QQ [p , p , p , p , p ]
                   0   1   2   3   4

i5 : 
0.74user 0.06system 0:00.81elapsed 99%CPU (0avgtext+0avgdata 0maxresident)k
0inputs+0outputs (0major+10844minor)pagefaults 0swaps
