-- -*- M2-comint -*- {* hash: 1415112226 *}

i1 : R = QQ[a..d];

i2 : I = monomialCurveIdeal(R, {1,3,4});

o2 : Ideal of R

i3 : V = Proj(R/I)

o3 = V

o3 : ProjectiveVariety

i4 : h = hilbertPolynomial V

o4 = - 3*P  + 4*P
          0      1

o4 : ProjectiveHilbertPolynomial

i5 : hilbertPolynomial(V, Projective=>false)

o5 = 4i + 1

o5 : QQ [i]

i6 : apply(5, k-> h(k))

o6 = {1, 5, 9, 13, 17}

o6 : List

i7 : apply(5, k-> hilbertFunction(k,V))

o7 = {1, 4, 9, 13, 17}

o7 : List

i8 : 
0.78user 0.04system 0:00.83elapsed 99%CPU (0avgtext+0avgdata 0maxresident)k
0inputs+0outputs (0major+10843minor)pagefaults 0swaps
