-- -*- M2-comint -*- {* hash: -358828558 *}

i1 : 20!

o1 = 2432902008176640000

i2 : instances ZZ

o2 = HashTable{debugLevel => 0           }
               defaultPrecision => 53
               engineDebugLevel => 0
               errorDepth => 1
               gbTrace => 0
               interpreterDepth => 1
               lineNumber => 2
               loadDepth => 1
               maxExponent => 1073741823
               minExponent => -1073741824
               o1 => 2432902008176640000
               oo => 2432902008176640000
               printingAccuracy => -1
               printingLeadLimit => 5
               printingPrecision => 6
               printingTimeLimit => 20
               printingTrailLimit => 5
               printWidth => 77
               randomHeight => 10
               recursionLimit => 300

o2 : HashTable

i3 : 
0.79user 0.01system 0:00.81elapsed 100%CPU (0avgtext+0avgdata 0maxresident)k
0inputs+0outputs (0major+10847minor)pagefaults 0swaps
