-- -*- M2-comint -*- {* hash: -1117112958 *}

i1 : opts = {Slope => 1, Intercept => 1}

o1 = {Slope => 1, Intercept => 1}

o1 : List

i2 : f = opts >> o -> x -> x * o.Slope + o.Intercept

o2 = f

o2 : FunctionClosure

i3 : f 5

o3 = 6

i4 : f(5, Slope => 100)

o4 = 501

i5 : f(5, Slope => 100, Intercept => 1000)

o5 = 1500

i6 : f = {a => 1000} >> o -> (x,y) -> x * o.a + y;
--warning: f redefined

i7 : f(3,7)

o7 = 3007

i8 : f(5,11,a=>10^20)

o8 = 500000000000000000011

i9 : 
0.74user 0.05system 0:00.86elapsed 92%CPU (0avgtext+0avgdata 0maxresident)k
0inputs+0outputs (0major+10844minor)pagefaults 0swaps
