-- -*- M2-comint -*- {* hash: -1590946267 *}

i1 : makeDocumentTag (res,Module)

o1 = User :: resolution(Module)

o1 : DocumentTag

i2 : peek oo

o2 = DocumentTag{(resolution, Module), resolution(Module), null, User}

i3 : makeDocumentTag (koszul,ZZ,Matrix)

o3 = User :: koszul(ZZ,Matrix)

o3 : DocumentTag

i4 : peek oo

o4 = DocumentTag{(koszul, ZZ, Matrix), koszul(ZZ,Matrix), null, User}

i5 : makeDocumentTag [res,PairLimit]

o5 = User :: resolution(..., PairLimit => ...)

o5 : DocumentTag

i6 : peek oo

o6 = DocumentTag{[resolution, PairLimit], resolution(..., PairLimit => ...),
     ------------------------------------------------------------------------
     null, User}

i7 : 
0.79user 0.06system 0:00.85elapsed 99%CPU (0avgtext+0avgdata 0maxresident)k
0inputs+0outputs (0major+10844minor)pagefaults 0swaps
