-- -*- M2-comint -*- {* hash: -774135574 *}

i1 : fib = n -> if n <= 1 then 1 else fib(n-1) + fib(n-2)

o1 = fib

o1 : FunctionClosure

i2 : time fib 16
     -- used 0.004 seconds

o2 = 1597

i3 : fib = memoize fib
--warning: fib redefined

o3 = fib

o3 : FunctionClosure

i4 : time fib 16
     -- used 0. seconds

o4 = 1597

i5 : time fib 16
     -- used 0. seconds

o5 = 1597

i6 : 
0.78user 0.02system 0:00.80elapsed 99%CPU (0avgtext+0avgdata 0maxresident)k
0inputs+0outputs (0major+10849minor)pagefaults 0swaps
