-- -*- M2-comint -*- {* hash: 865993173 *}

i1 : f = method()

o1 = f

o1 : MethodFunction

i2 : f ZZ := x -> -x;

i3 : f(ZZ,String) := (n,s) -> concatenate(n:s);

i4 : f(String,ZZ,String) := (s,n,t) -> concatenate(s," : ",toString n," : ",t);

i5 : f 44

o5 = -44

i6 : f(5,"abcd ")

o6 = abcd abcd abcd abcd abcd 

i7 : f("foo",88,"bar")

o7 = foo : 88 : bar

i8 : p = method(Binary => true, TypicalValue => List)

o8 = p

o8 : CompiledFunctionClosure

i9 : p(ZZ,ZZ) := p(List,ZZ) := (i,j) -> {i,j}

o9 = {*Function[stdio:9:32-9:38]*}

o9 : FunctionClosure

i10 : p(1,2)

o10 = {1, 2}

o10 : List

i11 : p(1,2,3,4,5,6)

o11 = {{{{{1, 2}, 3}, 4}, 5}, 6}

o11 : List

i12 : g = method(Dispatch => Thing);

i13 : g ZZ := i -> -i;

i14 : g Sequence := S -> reverse S;

i15 : g 44

o15 = -44

i16 : g(3,4,5,6)

o16 = (6, 5, 4, 3)

o16 : Sequence

i17 : h = method(Dispatch => {Type})

o17 = h

o17 : MethodFunction

i18 : h(QQ,ZZ) := (QQ,n) -> n/1;

i19 : h(RR,ZZ) := (RR,n) -> n + 0.;

i20 : h(ZZ,ZZ) := (ZZ,n) -> n;

i21 : h(ZZ,14)

o21 = 14

i22 : h(QQ,14)

o22 = 14

o22 : QQ

i23 : h(RR,14)

o23 = 14

o23 : RR (of precision 53)

i24 : r = method(Options => {Slope => 1, Intercept => 1})

o24 = r

o24 : MethodFunctionWithOptions

i25 : r RR := o -> x -> o.Slope * x + o.Intercept

o25 = {*Function[stdio:25:10-25:34]*}

o25 : FunctionClosure

i26 : r(5.)

o26 = 6

o26 : RR (of precision 53)

i27 : r(5.,Slope=>100)

o27 = 501

o27 : RR (of precision 53)

i28 : options r

o28 = OptionTable{Intercept => 1}
                  Slope => 1

o28 : OptionTable

i29 : methodOptions r

o29 = OptionTable{Binary => false                         }
                  Dispatch => {Thing, Thing, Thing, Thing}
                  Options => {Slope => 1, Intercept => 1}
                  TypicalValue => Thing

o29 : OptionTable

i30 : s = method(Options => true)

o30 = s

o30 : MethodFunctionWithOptions

i31 : s ZZ := { Slope => 17 } >> o -> x -> o.Slope * x

o31 = {*Function[../../../../../Macaulay2/m2/option.m2:6:19-8:33]*}

o31 : FunctionClosure

i32 : s RR := { Intercept => 11 } >> o -> x -> x + o.Intercept

o32 = {*Function[../../../../../Macaulay2/m2/option.m2:6:19-8:33]*}

o32 : FunctionClosure

i33 : s 100

o33 = 1700

i34 : s 1000.

o34 = 1011

o34 : RR (of precision 53)

i35 : options s

i36 : options(s,ZZ)

o36 = OptionTable{Slope => 17}

o36 : OptionTable

i37 : options(s,RR)

o37 = OptionTable{Intercept => 11}

o37 : OptionTable

i38 : 
0.80user 0.05system 0:00.85elapsed 100%CPU (0avgtext+0avgdata 0maxresident)k
0inputs+0outputs (0major+10840minor)pagefaults 0swaps
