-- -*- M2-comint -*- {* hash: -356255760 *}

i1 : R = QQ[x,y,z]

o1 = R

o1 : PolynomialRing

i2 : f = matrix {{x,y}}

o2 = | x y |

             1       2
o2 : Matrix R  <--- R

i3 : g = matrix {{y,z}}

o3 = | y z |

             1       2
o3 : Matrix R  <--- R

i4 : modulo(f,g)

o4 = {1} | 0 z y |
     {1} | 1 0 0 |

             2       3
o4 : Matrix R  <--- R

i5 : kernel( inducedMap(coker g, target g) * f )

o5 = image {1} | 0 z y |
           {1} | 1 0 0 |

                             2
o5 : R-module, submodule of R

i6 : 
0.76user 0.05system 0:00.81elapsed 99%CPU (0avgtext+0avgdata 0maxresident)k
0inputs+0outputs (0major+10844minor)pagefaults 0swaps
