-- -*- M2-comint -*- {* hash: 1239568044 *}

i1 : newPackage("Foo", 
          Version => "1.1", 
          Headline => "making Foo",
          Configuration => { "foo" => 42, "bar" => "x" }
          )

o1 = Foo

o1 : Package

i2 : endPackage "Foo"

o2 = Foo

o2 : Package

i3 : options Foo

o3 = OptionTable{Authors => {}                                }
                 AuxiliaryFiles => false
                 Configuration => {foo => 42, bar => x}
                 Date => 
                 DebuggingMode => false
                 Headline => making Foo
                 HomePage => 
                 InfoDirSection => Macaulay 2 and its packages
                 Version => 1.1

o3 : OptionTable

i4 : oo.Headline

o4 = making Foo

i5 : (options Core).Version

o5 = 1.1

i6 : 
0.78user 0.07system 0:00.86elapsed 99%CPU (0avgtext+0avgdata 0maxresident)k
0inputs+0outputs (0major+10849minor)pagefaults 0swaps
