-- -*- M2-comint -*- {* hash: -1216851367 *}

i1 : R = QQ[a..d];

i2 : M = ker vars R

o2 = image {1} | -b 0  -c 0  0  -d |
           {1} | a  -c 0  0  -d 0  |
           {1} | 0  b  a  -d 0  0  |
           {1} | 0  0  0  c  b  a  |

                             4
o2 : R-module, submodule of R

i3 : generators M

o3 = {1} | -b 0  -c 0  0  -d |
     {1} | a  -c 0  0  -d 0  |
     {1} | 0  b  a  -d 0  0  |
     {1} | 0  0  0  c  b  a  |

             4       6
o3 : Matrix R  <--- R

i4 : numgens M

o4 = 6

i5 : numgens R^10

o5 = 10

i6 : 
0.78user 0.07system 0:00.86elapsed 99%CPU (0avgtext+0avgdata 0maxresident)k
0inputs+0outputs (0major+10847minor)pagefaults 0swaps
