-- -*- M2-comint -*- {* hash: -1986051129 *}

i1 : 21672378126371263123123

o1 = 21672378126371263123123

i2 : 3748568762746238746278/5876584978947

     1249522920915412915426
o2 = ----------------------
          1958861659649

o2 : QQ

i3 : 6/3

o3 = 2

o3 : QQ

i4 : 7//3

o4 = 2

i5 : 1.372489274987

o5 = 1.372489274987

o5 : RR (of precision 53)

i6 : 1.3454353 * 10^20

o6 = 1.3454353e20

o6 : RR (of precision 53)

i7 : sqrt 4.5

o7 = 2.12132034355964

o7 : RR (of precision 53)

i8 : toRR_200 4.5

o8 = 4.5

o8 : RR (of precision 200)

i9 : sqrt oo

o9 = 2.12132034355964257320253308631454711785450781306542210976502

o9 : RR (of precision 200)

i10 : 1/(1+ii)

o10 = .5-.5*ii

o10 : CC (of precision 53)

i11 : 
0.77user 0.03system 0:00.81elapsed 100%CPU (0avgtext+0avgdata 0maxresident)k
0inputs+0outputs (0major+10844minor)pagefaults 0swaps
