-- -*- M2-comint -*- {* hash: -1126837602 *}

i1 : R = ZZ/101[x,y,z]

o1 = R

o1 : PolynomialRing

i2 : p = vars R;

             1       3
o2 : Matrix R  <--- R

i3 : rank kernel p

o3 = 2

i4 : rank cokernel p

o4 = 0

i5 : C = res cokernel p

      1      3      3      1
o5 = R  <-- R  <-- R  <-- R  <-- 0
                                  
     0      1      2      3      4

o5 : ChainComplex

i6 : rank C

o6 = 0

i7 : 
0.77user 0.04system 0:00.81elapsed 100%CPU (0avgtext+0avgdata 0maxresident)k
0inputs+0outputs (0major+10842minor)pagefaults 0swaps
