-- -*- M2-comint -*- {* hash: 518410659 *}

i1 : showStructure

o1 = Thing : BasicList : Command
                         Constant
                         DocumentTag
                         Eliminate
                         Expression : Adjacent
                                      AssociativeExpression : Equation
                                                              Product
                                                              Sum
                                      BinaryOperation
                                      Divide
                                      FunctionApplication
                                      Holder : OneExpression
                                               ZeroExpression
                                      MatrixExpression
                                      Minus
                                      NonAssociativeProduct
                                      Parenthesize
                                      Power
                                      RowExpression
                                      SparseMonomialVectorExpression
                                      SparseVectorExpression
                                      Subscript
                                      Superscript
                                      Table
                         FilePosition
                         ForestNode
                         Hybrid
                         Hypertext : ANCHOR
                                     BOLD
                                     BR
                                     CDATA
                                     CODE
                                     COMMENT
                                     DD
                                     DL
                                     DT
                                     EM
                                     ExampleItem
                                     HREF
                                     HTML
                                     HypertextParagraph : HEAD
                                                          HEADER1
                                                          HEADER2
                                                          HEADER3
                                                          HEADER4
                                                          HEADER5
                                                          HEADER6
                                                          HR
                                                          HypertextContainer : BLOCKQUOTE
                                                                               BODY
                                                                               DIV
                                                                               DIV1
                                                                               LI
                                                                               TD
                                                          MENU
                                                          PARA
                                                          PRE
                                                          TABLE
                                                          TITLE
                                                          UL
                                     IMG
                                     ITALIC
                                     LABEL
                                     LATER
                                     LINK
                                     LITERAL
                                     META
                                     SMALL
                                     SPAN
                                     STRONG
                                     STYLE
                                     SUB
                                     SUP
                                     TEX
                                     TO
                                     TO2
                                     TOH
                                     TR
                                     TT
                         IndeterminateNumber
                         IndexedVariable
                         InfiniteNumber
                         LowerBound
                         Manipulator
                         MutableList : Bag
                         Option
                         Partition
                         ProductOrder
                         PushforwardComputation
                         RingElement
                         SumOfTwists
                         Time
                         TreeNode
                         URL
                         Vector
                         VisibleList : Array
                                       List : VerticalList
                                       Sequence
             Boolean
             CompiledFunctionBody
             Database
             Dictionary : GlobalDictionary
                          LocalDictionary
             File
             Function : CompiledFunction
                        CompiledFunctionClosure : MethodFunction
                        FunctionClosure : Analyzer
                                          CacheFunction
                                          MethodFunctionWithOptions
                                          Parser
             FunctionBody
             HashTable : CoherentSheaf
                         Ideal : MonomialIdeal
                         ImmutableType : Module
                         ModuleMap : Matrix
                         MonoidElement
                         MutableHashTable : CacheTable
                                            ChainComplexMap
                                            Descent
                                            GradedModule : ChainComplex
                                            GradedModuleMap
                                            GroebnerBasis
                                            IndexedVariableTable : SchurRingIndexedVariableTable
                                            Package
                                            Resolution
                                            ScriptedFunctor
                                            Type : HeaderType
                                                   Monoid : OrderedMonoid : GeneralOrderedMonoid
                                                   Ring : EngineRing : FractionField
                                                                       GaloisField
                                                                       InexactField : ComplexField
                                                                                      RealField
                                                                       PolynomialRing
                                                                       QuotientRing
                                                                       SchurRing
                                                   RingFamily : InexactFieldFamily
                                                   SelfInitializingType : MarkUpType : IntermediateMarkUpType
                                                                                       MarkUpTypeWithOptions
                                                   WrapperType
                                            Variety : AffineVariety
                                                      ProjectiveVariety
                         MutableMatrix
                         OptionTable : GroebnerBasisOptions
                         ProjectiveHilbertPolynomial
                         RingMap
                         SheafOfRings
                         Tally : Set
                                 VirtualTally : BettiTally
             Net : String
             NetFile
             Nothing : InexactNumber
                                    *
             Number : InexactNumber : CC
                                      RR
                      QQ
                      ZZ
             Pseudocode
             Symbol : Keyword

o1 : Descent

i2 : 
0.78user 0.05system 0:00.85elapsed 97%CPU (0avgtext+0avgdata 0maxresident)k
0inputs+0outputs (0major+10842minor)pagefaults 0swaps
