-- -*- M2-comint -*- {* hash: -511950251 *}

i1 : R = QQ[a..g]

o1 = R

o1 : PolynomialRing

i2 : f = a^3+b^2*c+3*f^10*d-1+e-e

         10    3    2
o2 = 3d*f   + a  + b c - 1

o2 : R

i3 : support f

o3 = {a, b, c, d, f}

o3 : List

i4 : A = ZZ[a,b]; B = A[r,s,t]; C = B[x,y,z,w];

i7 : f = (a+r+z+1)^2+y

      2                         2                2
o7 = z  + y + (2r + 2a + 2)z + r  + (2a + 2)r + a  + 2a + 1

o7 : C

i8 : S = support f

o8 = {y, z, r, a}

o8 : List

i9 : ring S_2 === ring f

o9 = true

i10 : select(S, x -> index x < numgens C)

o10 = {y, z}

o10 : List

i11 : indices f

o11 = {1, 2, 4, 7}

o11 : List

i12 : apply(support f, index)

o12 = {1, 2, 4, 7}

o12 : List

i13 : 
0.75user 0.05system 0:00.81elapsed 99%CPU (0avgtext+0avgdata 0maxresident)k
0inputs+0outputs (0major+10845minor)pagefaults 0swaps
