-- -*- M2-comint -*- {* hash: -1462049481 *}

i1 : ZZ/101[x,y]/(x^2-y^2) ** ZZ/101[a,b]/(a^3+b^3)

       ZZ
      --- [x, y, a, b]
      101
o1 = ------------------
       2    2   3    3
     (x  - y , a  + b )

o1 : QuotientRing

i2 : T = tensor(ZZ/101[x,y], ZZ/101[a,b], MonomialOrder => Eliminate 2)

o2 = T

o2 : PolynomialRing

i3 : options tensor

o3 = OptionTable{ConstantCoefficients => true}
                 DegreeRank => 
                 Degrees => 
                 Global => true
                 Heft => 
                 Inverses => false
                 Local => false
                 MonomialOrder => 
                 MonomialSize => 32
                 SkewCommutative => {}
                 VariableBaseName => 
                 Variables => 
                 Weights => {}
                 WeylAlgebra => {}

o3 : OptionTable

i4 : R = QQ[x,y]/(x^3-y^2);

i5 : T = R ** R

o5 = T

o5 : QuotientRing

i6 : generators T

o6 = {x, y, x, y}

o6 : List

i7 : {T_0 + T_1, T_0 + T_2}

o7 = {x + y, x + x}

o7 : List

i8 : U = tensor(R,R,Variables => {x,y,x',y'})

o8 = U

o8 : QuotientRing

i9 : x + y + x' + y'

o9 = x + y + x' + y'

o9 : U

i10 : 
0.76user 0.06system 0:00.83elapsed 99%CPU (0avgtext+0avgdata 0maxresident)k
0inputs+0outputs (0major+10844minor)pagefaults 0swaps
