-- -*- M2-comint -*- {* hash: 1417105527 *}

i1 : load "demo1.m2"

i2 : listUserSymbols

o2 = symbol   class              value
     ------   -----              -----
     g      : FunctionClosure -- g    
     ------------------------------------------------------------------------
     location of symbol
     ------------------                              
     ../../../../../Macaulay2/m2/setup.m2:39:25-39:25

i3 : code g

o3 = -- ../../../../../Macaulay2/m2/demo1.m2:11-14
     g = y -> (
          c := f(y-1);
          d := f(y-2);
          c+d)

i4 : g 4

     17
o4 = --
      6

o4 : QQ

i5 : g 3

     7
o5 = -
     2

o5 : QQ

i6 : g 2
../../../../../Macaulay2/m2/demo1.m2:8:12:(1):[2]: division by zero
../../../../../Macaulay2/m2/demo1.m2:8:12:(1):[2]: --entering debugger--

 -- useful debugger commands:
     break                  -- leave the debugger, returning to top level
     end                    -- abandon the code, enter debugger one level up
     listLocalSymbols       -- display local symbols and their values
     listUserSymbols        -- display user symbols and their values
     continue               -- execute the code and continue
     continue n             -- execute the code, stop after n microsteps
     return                 -- bypass code, return 'null', and continue
     return x               -- bypass code, return 'x', and continue
     value errorCode        -- execute the code, returning its value

 -- code just attempted: -- ../../../../../Macaulay2/m2/demo1.m2:8
                              b := 1/x;

ii7 : listLocalSymbols

oo7 = symbol   class              value                                                   location of symbol
      ------   -----              -----                                                   ------------------                          
      x      : ZZ              -- 0                                                       ../../../../../Macaulay2/m2/demo1.m2:6:5-6:5
      a      : String          -- "hi there"                                              ../../../../../Macaulay2/m2/demo1.m2:7:5-7:5
      b      : Nothing         -- null                                                    ../../../../../Macaulay2/m2/demo1.m2:8:5-8:5
      f      : FunctionClosure -- {*Function[../../../../../Macaulay2/m2/demo1.m2:6:7-9:. ../../../../../Macaulay2/m2/demo1.m2:6:0-6:0

ii8 : code f

oo8 = -- ../../../../../Macaulay2/m2/demo1.m2:6-9
      f := x -> (
           a := "hi there";
           b := 1/x;
           b+1)

ii9 : end
--leaving debugger--
../../../../../Macaulay2/m2/demo1.m2:13:11:(1):[1]: --entering debugger--

 -- code just attempted: -- ../../../../../Macaulay2/m2/demo1.m2:13
                              d := f(y-2);

ii10 : listLocalSymbols

oo10 = symbol   class              value                                                   location of symbol
       ------   -----              -----                                                   ------------------                            
       y      : ZZ              -- 2                                                       ../../../../../Macaulay2/m2/demo1.m2:11:4-11:4
       c      : QQ              -- 2                                                       ../../../../../Macaulay2/m2/demo1.m2:12:5-12:5
       d      : Nothing         -- null                                                    ../../../../../Macaulay2/m2/demo1.m2:13:5-13:5
       f      : FunctionClosure -- {*Function[../../../../../Macaulay2/m2/demo1.m2:6:7-9:. ../../../../../Macaulay2/m2/demo1.m2:6:0-6:0  

ii11 : break
--leaving debugger--

i12 : 
0.76user 0.04system 0:00.80elapsed 100%CPU (0avgtext+0avgdata 0maxresident)k
0inputs+0outputs (0major+10843minor)pagefaults 0swaps
