-- -*- M2-comint -*- {* hash: -425483933 *}
--loading configuration for package "MapleInterface" from file /home/janko/.Macaulay2/init-MapleInterface.m2

i1 : A=random(QQ^3,QQ^3)

o1 = | 1 7/2 1/2 |
     | 1 4/3 2/3 |
     | 5 6/5 6/7 |

              3        3
o1 : Matrix QQ  <--- QQ

i2 : (perm,LR)=LRdecomposition(A,j->-j);

i3 : perm

o3 = {2, 0, 1}

o3 : List

i4 : P=transpose (id_(QQ^3))_perm

o4 = | 0 0 1 |
     | 1 0 0 |
     | 0 1 0 |

              3        3
o4 : Matrix QQ  <--- QQ

i5 : R=extractRightUpper(LR)

o5 = | 5 6/5    6/7       |
     | 0 163/50 23/70     |
     | 0 0      1318/3423 |

              3        3
o5 : Matrix QQ  <--- QQ

i6 : L=extractLeftLower(LR)

o6 = | 1   0       0 |
     | 1/5 1       0 |
     | 1/5 164/489 1 |

              3        3
o6 : Matrix QQ  <--- QQ

i7 : L*R==P*A

o7 = true

i8 : 
