-- -*- M2-comint -*- {* hash: -1623852487 *}
--loading configuration for package "MapleInterface" from file /home/janko/.Macaulay2/init-MapleInterface.m2

i1 : A=random(QQ^3,QQ^3)

o1 = | 7/6  3/5  3/8 |
     | 8/3  1/10 1/4 |
     | 10/3 4/3  5/7 |

              3        3
o1 : Matrix QQ  <--- QQ

i2 : (perm,LR)=LRdecomposition(A,j->-j);

i3 : LR

o3 = | 10/3 4/3   5/7     |
     | 7/20 2/15  1/8     |
     | 4/5  -29/4 131/224 |

              3        3
o3 : Matrix QQ  <--- QQ

i4 : P=transpose (id_(QQ^3))_perm

o4 = | 0 0 1 |
     | 1 0 0 |
     | 0 1 0 |

              3        3
o4 : Matrix QQ  <--- QQ

i5 : R=extractRightUpper(LR)

o5 = | 10/3 4/3  5/7     |
     | 0    2/15 1/8     |
     | 0    0    131/224 |

              3        3
o5 : Matrix QQ  <--- QQ

i6 : L=extractLeftLower(LR)

o6 = | 1    0     0 |
     | 7/20 1     0 |
     | 4/5  -29/4 1 |

              3        3
o6 : Matrix QQ  <--- QQ

i7 : L*R==P*A

o7 = true

i8 : 
