-- -*- M2-comint -*- {* hash: -2131607528 *}
--loading configuration for package "PHCpack" from file /Users/abrahamCimat/Library/Application Support/Macaulay2/init-PHCpack.m2

i1 : R = CC[x,y,z];

i2 : L = { z*(x+y), z*(x-y) };

i3 : WitSets = cascade(L)

o3 = WitSets

o3 : NumericalVariety

i4 : W=first WitSets#2

o4 = W

o4 : WitnessSet

i5 : W#Equations

o5 = ideal ((.205602 - .978636*ii)zz1 + (- .805942 + .591994*ii)zz2 + x*z +
     ------------------------------------------------------------------------
     y*z, (.487705 + .873008*ii)zz1 + (.622326 - .782758*ii)zz2 + x*z - y*z,
     ------------------------------------------------------------------------
     zz1 + (.992535 + .121959*ii)zz2)

o5 : Ideal of CC  {x, y, z, zz1, zz2}
                53

i6 : W#Points

o6 = {{-.835797+1.00457*ii, -.376366-.574209*ii, -1.36846e-48-5.47382e-48*ii,
     ------------------------------------------------------------------------
     1.36846e-48*ii, 1.36846e-48}}

o6 : VerticalList

i7 : W#Slice

o7 = | -.751867+.659315i -.955454+.295139i .362829-.931856i .834625+.550819i
     | -.125685+.99207i  -.775552-.631284i .530681-.847572i .989202+.146558i
     ------------------------------------------------------------------------
     .960738+.277457i  -.495153+.868806i |
     -.944039+.329834i .962154+.272507i  |

                2          6
o7 : Matrix CC    <--- CC
              53         53

i8 : 
