-- -*- M2-comint -*- {* hash: 370242144 *}
--loading configuration for package "PHCpack" from file /Users/petrovic/Library/Application Support/Macaulay2/init-PHCpack.m2
--warning: symbol "Verbose" in Core.Dictionary is shadowed by a symbol in PHCpack.Dictionary
--  use the synonym Core$Verbose

i1 : R = CC[x,y,z]; f = {(x^2-y)*(x-1), x^3 - z};

i3 : (w,ns) = topWitnessSet(f,1);
... calling constructEmbedding ...
calling phc -c < /tmp/M2-9556-3PHCbatch > /tmp/M2-9556-4PHCsession
output of phc -c is in file /tmp/M2-9556-2PHCoutput
... calling solveSystem ...
using temporary files /tmp/M2-9556-5PHCinput and /tmp/M2-9556-5PHCoutput
... constructing a witness set ... 

i4 : w

o4 = [dim=1,deg=4]

o4 : WitnessSet

i5 : L = factorWitnessSet(w)
preparing input file to /tmp/M2-9556-6PHCinput
preparing batch file to /tmp/M2-9556-8PHCbatch
... calling monodromy breakup ...
session information of phc -f is in /tmp/M2-9556-9PHCsession
output of phc -f is in file /tmp/M2-9556-7PHCoutput
found 2 irreducible factors 

o5 = A variety of dimension 1 with components in
     dim 1:  (dim=1,deg=3) (dim=1,deg=1)

o5 : NumericalVariety

i6 : 
