-- -*- M2-comint -*- {* hash: -1411864467 *}
--loading configuration for package "PHCpack" from file /Users/dan/Library/Application Support/Macaulay2/init-PHCpack.m2

i1 : R = CC[x,y];

i2 : f = { x^3*y^5 + y^2 + x^2*y, x*y + x^2 - 1};

i3 : fSols = solveSystem(f);
using temporary files /var/folders/40/dy88l5qd361391m_3v2m51bm0000gn/T/M2-44665-0/0PHCinput and /var/folders/40/dy88l5qd361391m_3v2m51bm0000gn/T/M2-44665-0/0PHCoutput

i4 : fSols/print
{1, -5.7411e-202}
{-1, 3.44466e-202}
{.742585+.425943*ii, .270685-1.00715*ii}
{-.894935-.624334*ii, .143333+1.14868*ii}
{1.33076+.335184*ii, -.62414-.513163*ii}
{.742585-.425943*ii, .270685+1.00715*ii}
{1.33076-.335184*ii, -.62414+.513163*ii}
{-.764107, -.544612}
{-.894935+.624334*ii, .143333-1.14868*ii}
{-1.59272, .964857}

o4 = {, , , , , , , , , }

o4 : List

i5 : isCoordinateZero(fSols_0,1,1.0e-10)

o5 = true

i6 : 
